#
# There is insufficient memory for the Java Runtime Environment to continue.
# Native memory allocation (mmap) failed to map 34603008 bytes for Failed to commit area from 0x000000008a100000 to 0x000000008c200000 of length 34603008.
# Possible reasons:
#   The system is out of physical RAM or swap space
#   The process is running with CompressedOops enabled, and the Java Heap may be blocking the growth of the native heap
# Possible solutions:
#   Reduce memory load on the system
#   Increase physical memory or swap space
#   Check if swap backing store is full
#   Decrease Java heap size (-Xmx/-Xms)
#   Decrease number of Java threads
#   Decrease Java thread stack sizes (-Xss)
#   Set larger code cache with -XX:ReservedCodeCacheSize=
#   JVM is running with Unscaled Compressed Oops mode in which the Java heap is
#     placed in the first 4GB address space. The Java Heap base address is the
#     maximum limit for the native heap growth. Please use -XX:HeapBaseMinAddress
#     to set the Java Heap base and to place the Java Heap above 4GB virtual address.
# This output file may be truncated or incomplete.
#
#  Out of Memory Error (./src/hotspot/os/windows/os_windows.cpp:3303), pid=10756, tid=11012
#
# JRE version: OpenJDK Runtime Environment (11.0.8+10) (build 11.0.8+10-b944.6842174)
# Java VM: OpenJDK 64-Bit Server VM (11.0.8+10-b944.6842174, mixed mode, tiered, compressed oops, g1 gc, windows-amd64)
# No core dump will be written. Minidumps are not enabled by default on client versions of Windows
#

---------------  S U M M A R Y ------------

Command Line: --add-opens=java.base/java.util=ALL-UNNAMED --add-opens=java.base/java.lang=ALL-UNNAMED --add-opens=java.base/java.lang.invoke=ALL-UNNAMED --add-opens=java.prefs/java.util.prefs=ALL-UNNAMED -Xmx2048m -Dfile.encoding=UTF-8 -Duser.country=US -Duser.language=en -Duser.variant org.gradle.launcher.daemon.bootstrap.GradleDaemon 6.7.1

Host: Intel(R) Core(TM) i5-5300U CPU @ 2.30GHz, 4 cores, 7G,  Windows 10 , 64 bit Build 14393 (10.0.14393.2189)
Time: Mon Jan 31 10:07:54 2022 GMT Standard Time elapsed time: 39 seconds (0d 0h 0m 39s)

---------------  T H R E A D  ---------------

Current thread (0x000001cfd5226800):  VMThread "VM Thread" [stack: 0x000000a653800000,0x000000a653900000] [id=11012]

Stack: [0x000000a653800000,0x000000a653900000]
[error occurred during error reporting (printing stack bounds), id 0xc0000005, EXCEPTION_ACCESS_VIOLATION (0xc0000005) at pc=0x000001cfbf140dad]

Native frames: (J=compiled Java code, j=interpreted, Vv=VM code, C=native code)
V  [jvm.dll+0x5de50a]
V  [jvm.dll+0x7122f5]
V  [jvm.dll+0x71384d]
V  [jvm.dll+0x713e65]
V  [jvm.dll+0x713e1b]
V  [jvm.dll+0x5dd958]
V  [jvm.dll+0x5de0f8]
C  [ntdll.dll+0xaab6d]
C  [ntdll.dll+0x49933]
C  [ntdll.dll+0xa9c8a]
C  0x000001cfbf140dad

VM_Operation (0x000000a65dcfe490): G1CollectForAllocation, mode: safepoint, requested by thread 0x000001cfdc28e800


---------------  P R O C E S S  ---------------

Threads class SMR info:
_java_thread_list=0x000001cfdcb89b90, length=146, elements={
0x000001cfbb7c2000, 0x000001cfd522c000, 0x000001cfd522d800, 0x000001cfd523e000,
0x000001cfd523f000, 0x000001cfd5241800, 0x000001cfd5246000, 0x000001cfd524e000,
0x000001cfd5cd7000, 0x000001cfd5cf0000, 0x000001cfd6e38000, 0x000001cfd5f61800,
0x000001cfd6d91800, 0x000001cfd7340000, 0x000001cfd795a800, 0x000001cfd7268000,
0x000001cfd7723800, 0x000001cfd7623800, 0x000001cfd7cd0000, 0x000001cfd75f7000,
0x000001cfd7413800, 0x000001cfd7412000, 0x000001cfd7410800, 0x000001cfd7413000,
0x000001cfd7414800, 0x000001cfd7415800, 0x000001cfd7417000, 0x000001cfd7416000,
0x000001cfd7411000, 0x000001cfda67d800, 0x000001cfda680000, 0x000001cfda67d000,
0x000001cfda67e800, 0x000001cfda67a800, 0x000001cfda681000, 0x000001cfda67b000,
0x000001cfda681800, 0x000001cfda67c000, 0x000001cfda688000, 0x000001cfda686800,
0x000001cfda687800, 0x000001cfda683800, 0x000001cfda685000, 0x000001cfda682800,
0x000001cfda684000, 0x000001cfda689000, 0x000001cfda686000, 0x000001cfd66b3800,
0x000001cfd66ae000, 0x000001cfd66b4800, 0x000001cfd66ae800, 0x000001cfd66b0000,
0x000001cfd66b1000, 0x000001cfd66b5000, 0x000001cfd66af800, 0x000001cfd66b6000,
0x000001cfd66b2800, 0x000001cfd66b6800, 0x000001cfd66b7800, 0x000001cfd66b2000,
0x000001cfd66b8800, 0x000001cfd66bb000, 0x000001cfd66b9000, 0x000001cfd66bb800,
0x000001cfd66ba000, 0x000001cfd66bc800, 0x000001cfda895000, 0x000001cfda896000,
0x000001cfda890000, 0x000001cfda892800, 0x000001cfda893800, 0x000001cfda896800,
0x000001cfda891000, 0x000001cfda891800, 0x000001cfda897800, 0x000001cfda898000,
0x000001cfda899000, 0x000001cfda89a000, 0x000001cfda894000, 0x000001cfda89a800,
0x000001cfda89b800, 0x000001cfda89c800, 0x000001cfda89f000, 0x000001cfda89d000,
0x000001cfda89e000, 0x000001cfdb84b000, 0x000001cfdb84c800, 0x000001cfdb84f000,
0x000001cfdb850000, 0x000001cfdb84a800, 0x000001cfdb851000, 0x000001cfdb851800,
0x000001cfdb84d800, 0x000001cfdb84c000, 0x000001cfdb852800, 0x000001cfdb853800,
0x000001cfdb854000, 0x000001cfdb84e800, 0x000001cfdb857800, 0x000001cfdb858000,
0x000001cfdb855000, 0x000001cfdb855800, 0x000001cfdb856800, 0x000001cfdb859000,
0x000001cfd7f75000, 0x000001cfd7f76000, 0x000001cfd7f74800, 0x000001cfd7f76800,
0x000001cfd7f71000, 0x000001cfd7f77800, 0x000001cfd7f72000, 0x000001cfd7f72800,
0x000001cfd7f79000, 0x000001cfd7f73800, 0x000001cfd7f7c800, 0x000001cfd7f78800,
0x000001cfd7f7b800, 0x000001cfd7f7f800, 0x000001cfd7f7b000, 0x000001cfd7f7d800,
0x000001cfd7f7f000, 0x000001cfd7f7e000, 0x000001cfd7f7a000, 0x000001cfda0f7800,
0x000001cfda0f3800, 0x000001cfda0f1800, 0x000001cfda0f8000, 0x000001cfda0f2800,
0x000001cfda0f6000, 0x000001cfda0f5000, 0x000001cfda0f4000, 0x000001cfda0fa800,
0x000001cfda0f6800, 0x000001cfda0fc800, 0x000001cfda0fd000, 0x000001cfda0fe000,
0x000001cfda0ff000, 0x000001cfda0fa000, 0x000001cfda0fb800, 0x000001cfda0f9000,
0x000001cfda0ff800, 0x000001cfd6ad2000, 0x000001cfda100800, 0x000001cfdc290000,
0x000001cfdc28f000, 0x000001cfdc28e800
}

Java Threads: ( => current thread )
  0x000001cfbb7c2000 JavaThread "main" [_thread_blocked, id=9328, stack(0x000000a653200000,0x000000a653300000)]
  0x000001cfd522c000 JavaThread "Reference Handler" daemon [_thread_blocked, id=12576, stack(0x000000a653900000,0x000000a653a00000)]
  0x000001cfd522d800 JavaThread "Finalizer" daemon [_thread_blocked, id=4708, stack(0x000000a653a00000,0x000000a653b00000)]
  0x000001cfd523e000 JavaThread "Signal Dispatcher" daemon [_thread_blocked, id=348, stack(0x000000a653b00000,0x000000a653c00000)]
  0x000001cfd523f000 JavaThread "Attach Listener" daemon [_thread_blocked, id=7668, stack(0x000000a653c00000,0x000000a653d00000)]
  0x000001cfd5241800 JavaThread "C2 CompilerThread0" daemon [_thread_in_native, id=10096, stack(0x000000a653d00000,0x000000a653e00000)]
  0x000001cfd5246000 JavaThread "C1 CompilerThread0" daemon [_thread_blocked, id=956, stack(0x000000a653e00000,0x000000a653f00000)]
  0x000001cfd524e000 JavaThread "Sweeper thread" daemon [_thread_blocked, id=10936, stack(0x000000a653f00000,0x000000a654000000)]
  0x000001cfd5cd7000 JavaThread "Common-Cleaner" daemon [_thread_blocked, id=9208, stack(0x000000a654000000,0x000000a654100000)]
  0x000001cfd5cf0000 JavaThread "Service Thread" daemon [_thread_blocked, id=7204, stack(0x000000a654100000,0x000000a654200000)]
  0x000001cfd6e38000 JavaThread "Daemon health stats" [_thread_blocked, id=3992, stack(0x000000a654600000,0x000000a654700000)]
  0x000001cfd5f61800 JavaThread "Incoming local TCP Connector on port 64871" [_thread_in_native, id=664, stack(0x000000a654900000,0x000000a654a00000)]
  0x000001cfd6d91800 JavaThread "Daemon periodic checks" [_thread_blocked, id=9564, stack(0x000000a654a00000,0x000000a654b00000)]
  0x000001cfd7340000 JavaThread "Daemon" [_thread_blocked, id=8424, stack(0x000000a654b00000,0x000000a654c00000)]
  0x000001cfd795a800 JavaThread "Handler for socket connection from /127.0.0.1:64871 to /127.0.0.1:64872" [_thread_in_native, id=11564, stack(0x000000a654c00000,0x000000a654d00000)]
  0x000001cfd7268000 JavaThread "Cancel handler" [_thread_blocked, id=8652, stack(0x000000a654e00000,0x000000a654f00000)]
  0x000001cfd7723800 JavaThread "Daemon worker" [_thread_blocked, id=12060, stack(0x000000a654f00000,0x000000a655000000)]
  0x000001cfd7623800 JavaThread "Asynchronous log dispatcher for DefaultDaemonConnection: socket connection from /127.0.0.1:64871 to /127.0.0.1:64872" [_thread_blocked, id=12312, stack(0x000000a655000000,0x000000a655100000)]
  0x000001cfd7cd0000 JavaThread "Stdin handler" [_thread_blocked, id=7980, stack(0x000000a655100000,0x000000a655200000)]
  0x000001cfd75f7000 JavaThread "Thread-8" [_thread_blocked, id=2760, stack(0x000000a655200000,0x000000a655300000)]
  0x000001cfd7413800 JavaThread "Cache worker for file hash cache (C:\Users\hP\.gradle\caches\6.7.1\fileHashes)" [_thread_blocked, id=6968, stack(0x000000a655400000,0x000000a655500000)]
  0x000001cfd7412000 JavaThread "File lock request listener" [_thread_in_native, id=9632, stack(0x000000a655500000,0x000000a655600000)]
  0x000001cfd7410800 JavaThread "Cache worker for journal cache (C:\Users\hP\.gradle\caches\journal-1)" [_thread_blocked, id=10992, stack(0x000000a655600000,0x000000a655700000)]
  0x000001cfd7413000 JavaThread "Cache worker for file hash cache (D:\study\s5\Mobile\Projet\Xtrend-App\.gradle\6.7.1\fileHashes)" [_thread_blocked, id=11844, stack(0x000000a655800000,0x000000a655900000)]
  0x000001cfd7414800 JavaThread "Cache worker for checksums cache (D:\study\s5\Mobile\Projet\Xtrend-App\.gradle\checksums)" [_thread_blocked, id=5796, stack(0x000000a655900000,0x000000a655a00000)]
  0x000001cfd7415800 JavaThread "Cache worker for cache directory md-supplier (C:\Users\hP\.gradle\caches\6.7.1\md-supplier)" [_thread_blocked, id=6528, stack(0x000000a655a00000,0x000000a655b00000)]
  0x000001cfd7417000 JavaThread "Cache worker for cache directory md-rule (C:\Users\hP\.gradle\caches\6.7.1\md-rule)" [_thread_blocked, id=12596, stack(0x000000a655b00000,0x000000a655c00000)]
  0x000001cfd7416000 JavaThread "Cache worker for execution history cache (C:\Users\hP\.gradle\caches\6.7.1\executionHistory)" [_thread_blocked, id=12704, stack(0x000000a655c00000,0x000000a655d00000)]
  0x000001cfd7411000 JavaThread "jar transforms" [_thread_blocked, id=10584, stack(0x000000a655d00000,0x000000a655e00000)]
  0x000001cfda67d800 JavaThread "Cache worker for file content cache (C:\Users\hP\.gradle\caches\6.7.1\fileContent)" [_thread_blocked, id=11764, stack(0x000000a655e00000,0x000000a655f00000)]
  0x000001cfda680000 JavaThread "Cache worker for Build Output Cleanup Cache (D:\study\s5\Mobile\Projet\Xtrend-App\.gradle\buildOutputCleanup)" [_thread_blocked, id=12776, stack(0x000000a656000000,0x000000a656100000)]
  0x000001cfda67d000 JavaThread "Build operations" [_thread_blocked, id=3532, stack(0x000000a656100000,0x000000a656200000)]
  0x000001cfda67e800 JavaThread "Build operations Thread 2" [_thread_blocked, id=8456, stack(0x000000a656200000,0x000000a656300000)]
  0x000001cfda67a800 JavaThread "Build operations Thread 3" [_thread_blocked, id=11384, stack(0x000000a656300000,0x000000a656400000)]
  0x000001cfda681000 JavaThread "Build operations Thread 4" [_thread_blocked, id=12516, stack(0x000000a656400000,0x000000a656500000)]
  0x000001cfda67b000 JavaThread "jar transforms Thread 2" [_thread_blocked, id=11892, stack(0x000000a656500000,0x000000a656600000)]
  0x000001cfda681800 JavaThread "jar transforms Thread 3" [_thread_blocked, id=6600, stack(0x000000a656600000,0x000000a656700000)]
  0x000001cfda67c000 JavaThread "jar transforms Thread 4" [_thread_blocked, id=12152, stack(0x000000a656700000,0x000000a656800000)]
  0x000001cfda688000 JavaThread "jar transforms Thread 5" [_thread_blocked, id=11520, stack(0x000000a656800000,0x000000a656900000)]
  0x000001cfda686800 JavaThread "jar transforms Thread 6" [_thread_blocked, id=10880, stack(0x000000a656900000,0x000000a656a00000)]
  0x000001cfda687800 JavaThread "jar transforms Thread 7" [_thread_blocked, id=4976, stack(0x000000a656a00000,0x000000a656b00000)]
  0x000001cfda683800 JavaThread "jar transforms Thread 8" [_thread_blocked, id=4940, stack(0x000000a656b00000,0x000000a656c00000)]
  0x000001cfda685000 JavaThread "jar transforms Thread 9" [_thread_blocked, id=9016, stack(0x000000a656c00000,0x000000a656d00000)]
  0x000001cfda682800 JavaThread "jar transforms Thread 10" [_thread_blocked, id=13032, stack(0x000000a656d00000,0x000000a656e00000)]
  0x000001cfda684000 JavaThread "jar transforms Thread 11" [_thread_blocked, id=7380, stack(0x000000a656e00000,0x000000a656f00000)]
  0x000001cfda689000 JavaThread "jar transforms Thread 12" [_thread_blocked, id=456, stack(0x000000a656f00000,0x000000a657000000)]
  0x000001cfda686000 JavaThread "jar transforms Thread 13" [_thread_blocked, id=6644, stack(0x000000a657000000,0x000000a657100000)]
  0x000001cfd66b3800 JavaThread "jar transforms Thread 14" [_thread_blocked, id=9664, stack(0x000000a657100000,0x000000a657200000)]
  0x000001cfd66ae000 JavaThread "jar transforms Thread 15" [_thread_blocked, id=12196, stack(0x000000a657200000,0x000000a657300000)]
  0x000001cfd66b4800 JavaThread "jar transforms Thread 16" [_thread_blocked, id=5128, stack(0x000000a657400000,0x000000a657500000)]
  0x000001cfd66ae800 JavaThread "jar transforms Thread 17" [_thread_blocked, id=10304, stack(0x000000a657500000,0x000000a657600000)]
  0x000001cfd66b0000 JavaThread "jar transforms Thread 18" [_thread_blocked, id=10788, stack(0x000000a657600000,0x000000a657700000)]
  0x000001cfd66b1000 JavaThread "jar transforms Thread 19" [_thread_blocked, id=5420, stack(0x000000a657700000,0x000000a657800000)]
  0x000001cfd66b5000 JavaThread "jar transforms Thread 20" [_thread_blocked, id=6176, stack(0x000000a657800000,0x000000a657900000)]
  0x000001cfd66af800 JavaThread "jar transforms Thread 21" [_thread_blocked, id=4668, stack(0x000000a657900000,0x000000a657a00000)]
  0x000001cfd66b6000 JavaThread "jar transforms Thread 22" [_thread_blocked, id=12436, stack(0x000000a657a00000,0x000000a657b00000)]
  0x000001cfd66b2800 JavaThread "jar transforms Thread 23" [_thread_blocked, id=4216, stack(0x000000a657b00000,0x000000a657c00000)]
  0x000001cfd66b6800 JavaThread "jar transforms Thread 24" [_thread_blocked, id=5320, stack(0x000000a657c00000,0x000000a657d00000)]
  0x000001cfd66b7800 JavaThread "jar transforms Thread 25" [_thread_blocked, id=5376, stack(0x000000a657d00000,0x000000a657e00000)]
  0x000001cfd66b2000 JavaThread "jar transforms Thread 26" [_thread_blocked, id=10248, stack(0x000000a657e00000,0x000000a657f00000)]
  0x000001cfd66b8800 JavaThread "jar transforms Thread 27" [_thread_blocked, id=10456, stack(0x000000a657f00000,0x000000a658000000)]
  0x000001cfd66bb000 JavaThread "jar transforms Thread 28" [_thread_blocked, id=10812, stack(0x000000a658000000,0x000000a658100000)]
  0x000001cfd66b9000 JavaThread "jar transforms Thread 29" [_thread_blocked, id=11268, stack(0x000000a658100000,0x000000a658200000)]
  0x000001cfd66bb800 JavaThread "jar transforms Thread 30" [_thread_blocked, id=8464, stack(0x000000a658200000,0x000000a658300000)]
  0x000001cfd66ba000 JavaThread "jar transforms Thread 31" [_thread_blocked, id=4636, stack(0x000000a658300000,0x000000a658400000)]
  0x000001cfd66bc800 JavaThread "jar transforms Thread 32" [_thread_blocked, id=9040, stack(0x000000a658400000,0x000000a658500000)]
  0x000001cfda895000 JavaThread "jar transforms Thread 33" [_thread_blocked, id=6992, stack(0x000000a658500000,0x000000a658600000)]
  0x000001cfda896000 JavaThread "jar transforms Thread 34" [_thread_blocked, id=4088, stack(0x000000a658600000,0x000000a658700000)]
  0x000001cfda890000 JavaThread "jar transforms Thread 35" [_thread_blocked, id=5360, stack(0x000000a658700000,0x000000a658800000)]
  0x000001cfda892800 JavaThread "jar transforms Thread 36" [_thread_blocked, id=5688, stack(0x000000a658800000,0x000000a658900000)]
  0x000001cfda893800 JavaThread "jar transforms Thread 37" [_thread_blocked, id=10156, stack(0x000000a658900000,0x000000a658a00000)]
  0x000001cfda896800 JavaThread "jar transforms Thread 38" [_thread_blocked, id=3700, stack(0x000000a658a00000,0x000000a658b00000)]
  0x000001cfda891000 JavaThread "jar transforms Thread 39" [_thread_blocked, id=11232, stack(0x000000a658b00000,0x000000a658c00000)]
  0x000001cfda891800 JavaThread "jar transforms Thread 40" [_thread_blocked, id=10260, stack(0x000000a658c00000,0x000000a658d00000)]
  0x000001cfda897800 JavaThread "jar transforms Thread 41" [_thread_blocked, id=11036, stack(0x000000a658d00000,0x000000a658e00000)]
  0x000001cfda898000 JavaThread "jar transforms Thread 42" [_thread_blocked, id=1028, stack(0x000000a658e00000,0x000000a658f00000)]
  0x000001cfda899000 JavaThread "jar transforms Thread 43" [_thread_blocked, id=3616, stack(0x000000a658f00000,0x000000a659000000)]
  0x000001cfda89a000 JavaThread "jar transforms Thread 44" [_thread_blocked, id=10544, stack(0x000000a659000000,0x000000a659100000)]
  0x000001cfda894000 JavaThread "jar transforms Thread 45" [_thread_blocked, id=11272, stack(0x000000a659100000,0x000000a659200000)]
  0x000001cfda89a800 JavaThread "jar transforms Thread 46" [_thread_blocked, id=11440, stack(0x000000a659200000,0x000000a659300000)]
  0x000001cfda89b800 JavaThread "jar transforms Thread 47" [_thread_blocked, id=536, stack(0x000000a659300000,0x000000a659400000)]
  0x000001cfda89c800 JavaThread "jar transforms Thread 48" [_thread_blocked, id=13236, stack(0x000000a659400000,0x000000a659500000)]
  0x000001cfda89f000 JavaThread "jar transforms Thread 49" [_thread_blocked, id=12528, stack(0x000000a659500000,0x000000a659600000)]
  0x000001cfda89d000 JavaThread "jar transforms Thread 50" [_thread_blocked, id=3908, stack(0x000000a659600000,0x000000a659700000)]
  0x000001cfda89e000 JavaThread "jar transforms Thread 51" [_thread_blocked, id=8600, stack(0x000000a659700000,0x000000a659800000)]
  0x000001cfdb84b000 JavaThread "jar transforms Thread 52" [_thread_blocked, id=5604, stack(0x000000a659800000,0x000000a659900000)]
  0x000001cfdb84c800 JavaThread "jar transforms Thread 53" [_thread_blocked, id=10116, stack(0x000000a659900000,0x000000a659a00000)]
  0x000001cfdb84f000 JavaThread "jar transforms Thread 54" [_thread_blocked, id=1852, stack(0x000000a659a00000,0x000000a659b00000)]
  0x000001cfdb850000 JavaThread "jar transforms Thread 55" [_thread_blocked, id=2324, stack(0x000000a659b00000,0x000000a659c00000)]
  0x000001cfdb84a800 JavaThread "jar transforms Thread 56" [_thread_blocked, id=10396, stack(0x000000a659c00000,0x000000a659d00000)]
  0x000001cfdb851000 JavaThread "jar transforms Thread 57" [_thread_blocked, id=8076, stack(0x000000a659d00000,0x000000a659e00000)]
  0x000001cfdb851800 JavaThread "jar transforms Thread 58" [_thread_blocked, id=13260, stack(0x000000a659e00000,0x000000a659f00000)]
  0x000001cfdb84d800 JavaThread "jar transforms Thread 59" [_thread_blocked, id=6188, stack(0x000000a659f00000,0x000000a65a000000)]
  0x000001cfdb84c000 JavaThread "jar transforms Thread 60" [_thread_blocked, id=112, stack(0x000000a65a000000,0x000000a65a100000)]
  0x000001cfdb852800 JavaThread "jar transforms Thread 61" [_thread_blocked, id=3832, stack(0x000000a65a100000,0x000000a65a200000)]
  0x000001cfdb853800 JavaThread "jar transforms Thread 62" [_thread_blocked, id=7544, stack(0x000000a65a200000,0x000000a65a300000)]
  0x000001cfdb854000 JavaThread "jar transforms Thread 63" [_thread_blocked, id=10672, stack(0x000000a65a300000,0x000000a65a400000)]
  0x000001cfdb84e800 JavaThread "jar transforms Thread 64" [_thread_blocked, id=1412, stack(0x000000a65a400000,0x000000a65a500000)]
  0x000001cfdb857800 JavaThread "jar transforms Thread 65" [_thread_blocked, id=9772, stack(0x000000a65a500000,0x000000a65a600000)]
  0x000001cfdb858000 JavaThread "jar transforms Thread 66" [_thread_blocked, id=5784, stack(0x000000a65a600000,0x000000a65a700000)]
  0x000001cfdb855000 JavaThread "jar transforms Thread 67" [_thread_blocked, id=7956, stack(0x000000a65a700000,0x000000a65a800000)]
  0x000001cfdb855800 JavaThread "jar transforms Thread 68" [_thread_blocked, id=4876, stack(0x000000a65a800000,0x000000a65a900000)]
  0x000001cfdb856800 JavaThread "jar transforms Thread 69" [_thread_blocked, id=4908, stack(0x000000a65a900000,0x000000a65aa00000)]
  0x000001cfdb859000 JavaThread "jar transforms Thread 70" [_thread_blocked, id=368, stack(0x000000a65aa00000,0x000000a65ab00000)]
  0x000001cfd7f75000 JavaThread "jar transforms Thread 71" [_thread_blocked, id=6940, stack(0x000000a65ab00000,0x000000a65ac00000)]
  0x000001cfd7f76000 JavaThread "jar transforms Thread 72" [_thread_blocked, id=1272, stack(0x000000a65ac00000,0x000000a65ad00000)]
  0x000001cfd7f74800 JavaThread "jar transforms Thread 73" [_thread_blocked, id=12972, stack(0x000000a65ad00000,0x000000a65ae00000)]
  0x000001cfd7f76800 JavaThread "jar transforms Thread 74" [_thread_blocked, id=8160, stack(0x000000a65ae00000,0x000000a65af00000)]
  0x000001cfd7f71000 JavaThread "jar transforms Thread 75" [_thread_blocked, id=4820, stack(0x000000a65af00000,0x000000a65b000000)]
  0x000001cfd7f77800 JavaThread "jar transforms Thread 76" [_thread_blocked, id=12160, stack(0x000000a65b000000,0x000000a65b100000)]
  0x000001cfd7f72000 JavaThread "jar transforms Thread 77" [_thread_blocked, id=4408, stack(0x000000a65b100000,0x000000a65b200000)]
  0x000001cfd7f72800 JavaThread "jar transforms Thread 78" [_thread_blocked, id=7712, stack(0x000000a65b200000,0x000000a65b300000)]
  0x000001cfd7f79000 JavaThread "jar transforms Thread 79" [_thread_blocked, id=5568, stack(0x000000a65b300000,0x000000a65b400000)]
  0x000001cfd7f73800 JavaThread "jar transforms Thread 80" [_thread_blocked, id=11712, stack(0x000000a65b400000,0x000000a65b500000)]
  0x000001cfd7f7c800 JavaThread "jar transforms Thread 81" [_thread_blocked, id=7792, stack(0x000000a65b500000,0x000000a65b600000)]
  0x000001cfd7f78800 JavaThread "jar transforms Thread 82" [_thread_blocked, id=12684, stack(0x000000a65b600000,0x000000a65b700000)]
  0x000001cfd7f7b800 JavaThread "jar transforms Thread 83" [_thread_blocked, id=8204, stack(0x000000a65b700000,0x000000a65b800000)]
  0x000001cfd7f7f800 JavaThread "jar transforms Thread 84" [_thread_blocked, id=2192, stack(0x000000a65b800000,0x000000a65b900000)]
  0x000001cfd7f7b000 JavaThread "jar transforms Thread 85" [_thread_blocked, id=4028, stack(0x000000a65b900000,0x000000a65ba00000)]
  0x000001cfd7f7d800 JavaThread "jar transforms Thread 86" [_thread_blocked, id=4596, stack(0x000000a65ba00000,0x000000a65bb00000)]
  0x000001cfd7f7f000 JavaThread "jar transforms Thread 87" [_thread_blocked, id=12332, stack(0x000000a65bb00000,0x000000a65bc00000)]
  0x000001cfd7f7e000 JavaThread "jar transforms Thread 88" [_thread_blocked, id=5416, stack(0x000000a65bc00000,0x000000a65bd00000)]
  0x000001cfd7f7a000 JavaThread "jar transforms Thread 89" [_thread_blocked, id=6916, stack(0x000000a65bd00000,0x000000a65be00000)]
  0x000001cfda0f7800 JavaThread "jar transforms Thread 90" [_thread_blocked, id=4224, stack(0x000000a65be00000,0x000000a65bf00000)]
  0x000001cfda0f3800 JavaThread "jar transforms Thread 91" [_thread_blocked, id=8220, stack(0x000000a65bf00000,0x000000a65c000000)]
  0x000001cfda0f1800 JavaThread "jar transforms Thread 92" [_thread_blocked, id=12572, stack(0x000000a65c000000,0x000000a65c100000)]
  0x000001cfda0f8000 JavaThread "jar transforms Thread 93" [_thread_blocked, id=10452, stack(0x000000a65c100000,0x000000a65c200000)]
  0x000001cfda0f2800 JavaThread "jar transforms Thread 94" [_thread_blocked, id=11996, stack(0x000000a65c200000,0x000000a65c300000)]
  0x000001cfda0f6000 JavaThread "jar transforms Thread 95" [_thread_blocked, id=10328, stack(0x000000a65c300000,0x000000a65c400000)]
  0x000001cfda0f5000 JavaThread "jar transforms Thread 96" [_thread_blocked, id=7080, stack(0x000000a65c400000,0x000000a65c500000)]
  0x000001cfda0f4000 JavaThread "jar transforms Thread 97" [_thread_blocked, id=12364, stack(0x000000a65c500000,0x000000a65c600000)]
  0x000001cfda0fa800 JavaThread "Memory manager" [_thread_blocked, id=8416, stack(0x000000a65c800000,0x000000a65c900000)]
  0x000001cfda0f6800 JavaThread "build event listener" [_thread_blocked, id=4428, stack(0x000000a65ca00000,0x000000a65cb00000)]
  0x000001cfda0fc800 JavaThread "build event listener" [_thread_blocked, id=10932, stack(0x000000a65cb00000,0x000000a65cc00000)]
  0x000001cfda0fd000 JavaThread "Execution worker for ':'" [_thread_blocked, id=10552, stack(0x000000a65cc00000,0x000000a65cd00000)]
  0x000001cfda0fe000 JavaThread "Execution worker for ':' Thread 2" [_thread_blocked, id=2712, stack(0x000000a65cd00000,0x000000a65ce00000)]
  0x000001cfda0ff000 JavaThread "Execution worker for ':' Thread 3" [_thread_blocked, id=8632, stack(0x000000a65ce00000,0x000000a65cf00000)]
  0x000001cfda0fa000 JavaThread "Cache worker for execution history cache (D:\study\s5\Mobile\Projet\Xtrend-App\.gradle\6.7.1\executionHistory)" [_thread_blocked, id=10800, stack(0x000000a65cf00000,0x000000a65d000000)]
  0x000001cfda0fb800 JavaThread "WorkerExecutor Queue" [_thread_blocked, id=11820, stack(0x000000a65d400000,0x000000a65d500000)]
  0x000001cfda0f9000 JavaThread "WorkerExecutor Queue Thread 2" [_thread_blocked, id=7604, stack(0x000000a65d500000,0x000000a65d600000)]
  0x000001cfda0ff800 JavaThread "WorkerExecutor Queue Thread 3" [_thread_blocked, id=12980, stack(0x000000a65d600000,0x000000a65d700000)]
  0x000001cfd6ad2000 JavaThread "C2 CompilerThread1" daemon [_thread_in_native, id=6816, stack(0x000000a65d700000,0x000000a65d800000)]
  0x000001cfda100800 JavaThread "ForkJoinPool-1-worker-3" daemon [_thread_blocked, id=5984, stack(0x000000a65d900000,0x000000a65da00000)]
  0x000001cfdc290000 JavaThread "ForkJoinPool-1-worker-5" daemon [_thread_blocked, id=9096, stack(0x000000a65da00000,0x000000a65db00000)]
  0x000001cfdc28f000 JavaThread "ForkJoinPool-1-worker-7" daemon [_thread_blocked, id=9476, stack(0x000000a65db00000,0x000000a65dc00000)]
  0x000001cfdc28e800 JavaThread "ForkJoinPool-1-worker-1" daemon [_thread_blocked, id=9128, stack(0x000000a65dc00000,0x000000a65dd00000)]

Other Threads:
=>0x000001cfd5226800 VMThread "VM Thread" [stack: 0x000000a653800000,0x000000a653900000] [id=11012]
  0x000001cfd5d0a000 WatcherThread [stack: 0x000000a654200000,0x000000a654300000] [id=7832]
  0x000001cfbb7db800 GCTaskThread "GC Thread#0" [stack: 0x000000a653300000,0x000000a653400000] [id=2200]
  0x000001cfd61b0000 GCTaskThread "GC Thread#1" [stack: 0x000000a654400000,0x000000a654500000] [id=11768]
  0x000001cfd6160800 GCTaskThread "GC Thread#2" [stack: 0x000000a654500000,0x000000a654600000] [id=8324]
  0x000001cfd6fdd800 GCTaskThread "GC Thread#3" [stack: 0x000000a655300000,0x000000a655400000] [id=10596]
  0x000001cfbb80e000 ConcurrentGCThread "G1 Main Marker" [stack: 0x000000a653400000,0x000000a653500000] [id=7104]
  0x000001cfbb80f800 ConcurrentGCThread "G1 Conc#0" [stack: 0x000000a653500000,0x000000a653600000] [id=13048]
  0x000001cfbb892000 ConcurrentGCThread "G1 Refine#0" [stack: 0x000000a653600000,0x000000a653700000] [id=12180]
  0x000001cfda2a7000 ConcurrentGCThread "G1 Refine#1" [stack: 0x000000a65d800000,0x000000a65d900000] [id=10288]
  0x000001cfda2a3800 ConcurrentGCThread "G1 Refine#2" [stack: 0x000000a65dd00000,0x000000a65de00000] [id=11424]
  0x000001cfbb893000 ConcurrentGCThread "G1 Young RemSet Sampling" [stack: 0x000000a653700000,0x000000a653800000] [id=11164]

Threads with active compile tasks:
C2 CompilerThread0  39503 9939       4       com.android.tools.r8.dex.n::e (654 bytes)
C2 CompilerThread1  39503 10029       4       com.android.tools.r8.code.x1::a (4137 bytes)

VM state:at safepoint (normal execution)

VM Mutex/Monitor currently owned by a thread:  ([mutex/lock_event])
[0x000001cfbb7be7b0] Threads_lock - owner thread: 0x000001cfd5226800
[0x000001cfbb7bdf40] Heap_lock - owner thread: 0x000001cfdc28e800

Heap address: 0x0000000080000000, size: 2048 MB, Compressed Oops mode: 32-bit
Narrow klass base: 0x0000000000000000, Narrow klass shift: 3
Compressed class space size: 1073741824 Address: 0x0000000100000000

Heap:
 garbage-first heap   total 198656K, used 142336K [0x0000000080000000, 0x0000000100000000)
  region size 1024K, 1 young (1024K), 1 survivors (1024K)
 Metaspace       used 81780K, capacity 83655K, committed 83916K, reserved 1122304K
  class space    used 10715K, capacity 11379K, committed 11468K, reserved 1048576K
Heap Regions: E=young(eden), S=young(survivor), O=old, HS=humongous(starts), HC=humongous(continues), CS=collection set, F=free, A=archive, TAMS=top-at-mark-start (previous, next)
|   0|0x0000000080000000, 0x0000000080100000, 0x0000000080100000|100%| O|  |TAMS 0x0000000080100000, 0x0000000080000000| Untracked 
|   1|0x0000000080100000, 0x0000000080200000, 0x0000000080200000|100%| O|  |TAMS 0x0000000080200000, 0x0000000080100000| Untracked 
|   2|0x0000000080200000, 0x0000000080300000, 0x0000000080300000|100%| O|  |TAMS 0x0000000080300000, 0x0000000080200000| Untracked 
|   3|0x0000000080300000, 0x0000000080400000, 0x0000000080400000|100%|HS|  |TAMS 0x0000000080400000, 0x0000000080300000| Complete 
|   4|0x0000000080400000, 0x0000000080500000, 0x0000000080500000|100%|HC|  |TAMS 0x0000000080500000, 0x0000000080400000| Complete 
|   5|0x0000000080500000, 0x0000000080600000, 0x0000000080600000|100%|HC|  |TAMS 0x0000000080600000, 0x0000000080500000| Complete 
|   6|0x0000000080600000, 0x0000000080700000, 0x0000000080700000|100%| O|  |TAMS 0x0000000080700000, 0x0000000080600000| Untracked 
|   7|0x0000000080700000, 0x0000000080800000, 0x0000000080800000|100%| O|  |TAMS 0x0000000080800000, 0x0000000080700000| Untracked 
|   8|0x0000000080800000, 0x0000000080900000, 0x0000000080900000|100%| O|  |TAMS 0x0000000080900000, 0x0000000080800000| Untracked 
|   9|0x0000000080900000, 0x0000000080a00000, 0x0000000080a00000|100%| O|  |TAMS 0x0000000080a00000, 0x0000000080900000| Untracked 
|  10|0x0000000080a00000, 0x0000000080b00000, 0x0000000080b00000|100%| O|  |TAMS 0x0000000080b00000, 0x0000000080a00000| Untracked 
|  11|0x0000000080b00000, 0x0000000080c00000, 0x0000000080c00000|100%| O|  |TAMS 0x0000000080c00000, 0x0000000080b00000| Untracked 
|  12|0x0000000080c00000, 0x0000000080d00000, 0x0000000080d00000|100%| O|  |TAMS 0x0000000080d00000, 0x0000000080c00000| Untracked 
|  13|0x0000000080d00000, 0x0000000080e00000, 0x0000000080e00000|100%| O|  |TAMS 0x0000000080e00000, 0x0000000080d00000| Untracked 
|  14|0x0000000080e00000, 0x0000000080f00000, 0x0000000080f00000|100%| O|  |TAMS 0x0000000080f00000, 0x0000000080e00000| Untracked 
|  15|0x0000000080f00000, 0x0000000081000000, 0x0000000081000000|100%| O|  |TAMS 0x0000000081000000, 0x0000000080f00000| Untracked 
|  16|0x0000000081000000, 0x0000000081100000, 0x0000000081100000|100%|HS|  |TAMS 0x0000000081100000, 0x0000000081000000| Complete 
|  17|0x0000000081100000, 0x0000000081200000, 0x0000000081200000|100%|HS|  |TAMS 0x0000000081200000, 0x0000000081100000| Complete 
|  18|0x0000000081200000, 0x0000000081300000, 0x0000000081300000|100%|HC|  |TAMS 0x0000000081300000, 0x0000000081200000| Complete 
|  19|0x0000000081300000, 0x0000000081400000, 0x0000000081400000|100%| O|  |TAMS 0x0000000081400000, 0x0000000081300000| Untracked 
|  20|0x0000000081400000, 0x0000000081500000, 0x0000000081500000|100%| O|  |TAMS 0x0000000081500000, 0x0000000081400000| Untracked 
|  21|0x0000000081500000, 0x0000000081600000, 0x0000000081600000|100%| O|  |TAMS 0x0000000081600000, 0x0000000081500000| Untracked 
|  22|0x0000000081600000, 0x0000000081700000, 0x0000000081700000|100%| O|  |TAMS 0x0000000081700000, 0x0000000081600000| Untracked 
|  23|0x0000000081700000, 0x0000000081800000, 0x0000000081800000|100%| O|  |TAMS 0x0000000081800000, 0x0000000081700000| Untracked 
|  24|0x0000000081800000, 0x0000000081900000, 0x0000000081900000|100%| O|  |TAMS 0x0000000081900000, 0x0000000081800000| Untracked 
|  25|0x0000000081900000, 0x0000000081a00000, 0x0000000081a00000|100%| O|  |TAMS 0x0000000081a00000, 0x0000000081900000| Untracked 
|  26|0x0000000081a00000, 0x0000000081b00000, 0x0000000081b00000|100%| O|  |TAMS 0x0000000081b00000, 0x0000000081a00000| Untracked 
|  27|0x0000000081b00000, 0x0000000081c00000, 0x0000000081c00000|100%| O|  |TAMS 0x0000000081c00000, 0x0000000081b00000| Untracked 
|  28|0x0000000081c00000, 0x0000000081d00000, 0x0000000081d00000|100%| O|  |TAMS 0x0000000081d00000, 0x0000000081c00000| Untracked 
|  29|0x0000000081d00000, 0x0000000081e00000, 0x0000000081e00000|100%| O|  |TAMS 0x0000000081e00000, 0x0000000081d00000| Untracked 
|  30|0x0000000081e00000, 0x0000000081f00000, 0x0000000081f00000|100%| O|  |TAMS 0x0000000081f00000, 0x0000000081e00000| Untracked 
|  31|0x0000000081f00000, 0x0000000082000000, 0x0000000082000000|100%| O|  |TAMS 0x0000000082000000, 0x0000000081f00000| Untracked 
|  32|0x0000000082000000, 0x0000000082100000, 0x0000000082100000|100%| O|  |TAMS 0x0000000082100000, 0x0000000082000000| Untracked 
|  33|0x0000000082100000, 0x0000000082200000, 0x0000000082200000|100%| O|  |TAMS 0x0000000082200000, 0x0000000082100000| Untracked 
|  34|0x0000000082200000, 0x0000000082300000, 0x0000000082300000|100%| O|  |TAMS 0x0000000082300000, 0x0000000082200000| Untracked 
|  35|0x0000000082300000, 0x0000000082400000, 0x0000000082400000|100%| O|  |TAMS 0x0000000082400000, 0x0000000082300000| Untracked 
|  36|0x0000000082400000, 0x0000000082500000, 0x0000000082500000|100%| O|  |TAMS 0x0000000082500000, 0x0000000082400000| Untracked 
|  37|0x0000000082500000, 0x0000000082600000, 0x0000000082600000|100%| O|  |TAMS 0x0000000082600000, 0x0000000082500000| Untracked 
|  38|0x0000000082600000, 0x0000000082700000, 0x0000000082700000|100%| O|  |TAMS 0x0000000082700000, 0x0000000082600000| Untracked 
|  39|0x0000000082700000, 0x0000000082800000, 0x0000000082800000|100%| O|  |TAMS 0x0000000082800000, 0x0000000082700000| Untracked 
|  40|0x0000000082800000, 0x0000000082900000, 0x0000000082900000|100%| O|  |TAMS 0x0000000082900000, 0x0000000082800000| Untracked 
|  41|0x0000000082900000, 0x0000000082a00000, 0x0000000082a00000|100%| O|  |TAMS 0x0000000082a00000, 0x0000000082900000| Untracked 
|  42|0x0000000082a00000, 0x0000000082b00000, 0x0000000082b00000|100%| O|  |TAMS 0x0000000082b00000, 0x0000000082a00000| Untracked 
|  43|0x0000000082b00000, 0x0000000082c00000, 0x0000000082c00000|100%| O|  |TAMS 0x0000000082c00000, 0x0000000082b00000| Untracked 
|  44|0x0000000082c00000, 0x0000000082d00000, 0x0000000082d00000|100%| O|  |TAMS 0x0000000082d00000, 0x0000000082c00000| Untracked 
|  45|0x0000000082d00000, 0x0000000082e00000, 0x0000000082e00000|100%| O|  |TAMS 0x0000000082e00000, 0x0000000082d00000| Untracked 
|  46|0x0000000082e00000, 0x0000000082f00000, 0x0000000082f00000|100%| O|  |TAMS 0x0000000082f00000, 0x0000000082e00000| Untracked 
|  47|0x0000000082f00000, 0x0000000083000000, 0x0000000083000000|100%| O|  |TAMS 0x0000000083000000, 0x0000000082f00000| Untracked 
|  48|0x0000000083000000, 0x0000000083100000, 0x0000000083100000|100%| O|  |TAMS 0x0000000083100000, 0x0000000083000000| Untracked 
|  49|0x0000000083100000, 0x0000000083200000, 0x0000000083200000|100%| O|  |TAMS 0x0000000083200000, 0x0000000083100000| Untracked 
|  50|0x0000000083200000, 0x0000000083300000, 0x0000000083300000|100%| O|  |TAMS 0x0000000083300000, 0x0000000083200000| Untracked 
|  51|0x0000000083300000, 0x0000000083400000, 0x0000000083400000|100%| O|  |TAMS 0x0000000083400000, 0x0000000083300000| Untracked 
|  52|0x0000000083400000, 0x0000000083500000, 0x0000000083500000|100%| O|  |TAMS 0x0000000083500000, 0x0000000083400000| Untracked 
|  53|0x0000000083500000, 0x0000000083600000, 0x0000000083600000|100%| O|  |TAMS 0x0000000083600000, 0x0000000083500000| Untracked 
|  54|0x0000000083600000, 0x0000000083700000, 0x0000000083700000|100%| O|  |TAMS 0x0000000083700000, 0x0000000083600000| Untracked 
|  55|0x0000000083700000, 0x0000000083800000, 0x0000000083800000|100%| O|  |TAMS 0x0000000083800000, 0x0000000083700000| Untracked 
|  56|0x0000000083800000, 0x0000000083900000, 0x0000000083900000|100%| O|  |TAMS 0x0000000083900000, 0x0000000083800000| Untracked 
|  57|0x0000000083900000, 0x0000000083a00000, 0x0000000083a00000|100%| O|  |TAMS 0x0000000083a00000, 0x0000000083900000| Untracked 
|  58|0x0000000083a00000, 0x0000000083b00000, 0x0000000083b00000|100%| O|  |TAMS 0x0000000083b00000, 0x0000000083a00000| Untracked 
|  59|0x0000000083b00000, 0x0000000083c00000, 0x0000000083c00000|100%| O|  |TAMS 0x0000000083c00000, 0x0000000083b00000| Untracked 
|  60|0x0000000083c00000, 0x0000000083d00000, 0x0000000083d00000|100%| O|  |TAMS 0x0000000083d00000, 0x0000000083c00000| Untracked 
|  61|0x0000000083d00000, 0x0000000083e00000, 0x0000000083e00000|100%| O|  |TAMS 0x0000000083e00000, 0x0000000083d00000| Untracked 
|  62|0x0000000083e00000, 0x0000000083f00000, 0x0000000083f00000|100%| O|  |TAMS 0x0000000083f00000, 0x0000000083e00000| Untracked 
|  63|0x0000000083f00000, 0x0000000084000000, 0x0000000084000000|100%| O|  |TAMS 0x0000000084000000, 0x0000000083f00000| Untracked 
|  64|0x0000000084000000, 0x0000000084100000, 0x0000000084100000|100%| O|  |TAMS 0x0000000084100000, 0x0000000084000000| Untracked 
|  65|0x0000000084100000, 0x0000000084200000, 0x0000000084200000|100%|HS|  |TAMS 0x0000000084200000, 0x0000000084100000| Complete 
|  66|0x0000000084200000, 0x0000000084300000, 0x0000000084300000|100%|HC|  |TAMS 0x0000000084300000, 0x0000000084200000| Complete 
|  67|0x0000000084300000, 0x0000000084400000, 0x0000000084400000|100%|HC|  |TAMS 0x0000000084400000, 0x0000000084300000| Complete 
|  68|0x0000000084400000, 0x0000000084500000, 0x0000000084500000|100%|HC|  |TAMS 0x0000000084500000, 0x0000000084400000| Complete 
|  69|0x0000000084500000, 0x0000000084600000, 0x0000000084600000|100%|HC|  |TAMS 0x0000000084600000, 0x0000000084500000| Complete 
|  70|0x0000000084600000, 0x0000000084700000, 0x0000000084700000|100%|HC|  |TAMS 0x0000000084700000, 0x0000000084600000| Complete 
|  71|0x0000000084700000, 0x0000000084800000, 0x0000000084800000|100%|HC|  |TAMS 0x0000000084800000, 0x0000000084700000| Complete 
|  72|0x0000000084800000, 0x0000000084900000, 0x0000000084900000|100%|HC|  |TAMS 0x0000000084900000, 0x0000000084800000| Complete 
|  73|0x0000000084900000, 0x0000000084a00000, 0x0000000084a00000|100%|HC|  |TAMS 0x0000000084a00000, 0x0000000084900000| Complete 
|  74|0x0000000084a00000, 0x0000000084b00000, 0x0000000084b00000|100%|HS|  |TAMS 0x0000000084b00000, 0x0000000084a00000| Complete 
|  75|0x0000000084b00000, 0x0000000084c00000, 0x0000000084c00000|100%| O|  |TAMS 0x0000000084c00000, 0x0000000084b00000| Untracked 
|  76|0x0000000084c00000, 0x0000000084d00000, 0x0000000084d00000|100%| O|  |TAMS 0x0000000084d00000, 0x0000000084c00000| Untracked 
|  77|0x0000000084d00000, 0x0000000084e00000, 0x0000000084e00000|100%| O|  |TAMS 0x0000000084e00000, 0x0000000084d00000| Untracked 
|  78|0x0000000084e00000, 0x0000000084f00000, 0x0000000084f00000|100%| O|  |TAMS 0x0000000084f00000, 0x0000000084e00000| Untracked 
|  79|0x0000000084f00000, 0x0000000085000000, 0x0000000085000000|100%| O|  |TAMS 0x0000000085000000, 0x0000000084f00000| Untracked 
|  80|0x0000000085000000, 0x0000000085100000, 0x0000000085100000|100%| O|  |TAMS 0x0000000085100000, 0x0000000085000000| Untracked 
|  81|0x0000000085100000, 0x0000000085200000, 0x0000000085200000|100%| O|  |TAMS 0x0000000085200000, 0x0000000085100000| Untracked 
|  82|0x0000000085200000, 0x0000000085300000, 0x0000000085300000|100%| O|  |TAMS 0x0000000085300000, 0x0000000085200000| Untracked 
|  83|0x0000000085300000, 0x0000000085400000, 0x0000000085400000|100%|HS|  |TAMS 0x0000000085400000, 0x0000000085300000| Complete 
|  84|0x0000000085400000, 0x0000000085500000, 0x0000000085500000|100%|HC|  |TAMS 0x0000000085500000, 0x0000000085400000| Complete 
|  85|0x0000000085500000, 0x0000000085600000, 0x0000000085600000|100%|HC|  |TAMS 0x0000000085600000, 0x0000000085500000| Complete 
|  86|0x0000000085600000, 0x0000000085700000, 0x0000000085700000|100%|HC|  |TAMS 0x0000000085700000, 0x0000000085600000| Complete 
|  87|0x0000000085700000, 0x0000000085800000, 0x0000000085800000|100%|HC|  |TAMS 0x0000000085800000, 0x0000000085700000| Complete 
|  88|0x0000000085800000, 0x0000000085900000, 0x0000000085900000|100%|HC|  |TAMS 0x0000000085900000, 0x0000000085800000| Complete 
|  89|0x0000000085900000, 0x0000000085a00000, 0x0000000085a00000|100%|HC|  |TAMS 0x0000000085a00000, 0x0000000085900000| Complete 
|  90|0x0000000085a00000, 0x0000000085b00000, 0x0000000085b00000|100%|HC|  |TAMS 0x0000000085b00000, 0x0000000085a00000| Complete 
|  91|0x0000000085b00000, 0x0000000085c00000, 0x0000000085c00000|100%|HC|  |TAMS 0x0000000085c00000, 0x0000000085b00000| Complete 
|  92|0x0000000085c00000, 0x0000000085d00000, 0x0000000085d00000|100%|HS|  |TAMS 0x0000000085d00000, 0x0000000085c00000| Complete 
|  93|0x0000000085d00000, 0x0000000085e00000, 0x0000000085e00000|100%| O|  |TAMS 0x0000000085e00000, 0x0000000085d00000| Untracked 
|  94|0x0000000085e00000, 0x0000000085f00000, 0x0000000085f00000|100%| O|  |TAMS 0x0000000085f00000, 0x0000000085e00000| Untracked 
|  95|0x0000000085f00000, 0x0000000086000000, 0x0000000086000000|100%| O|  |TAMS 0x0000000086000000, 0x0000000085f00000| Untracked 
|  96|0x0000000086000000, 0x0000000086100000, 0x0000000086100000|100%| O|  |TAMS 0x0000000086100000, 0x0000000086000000| Untracked 
|  97|0x0000000086100000, 0x0000000086200000, 0x0000000086200000|100%| O|  |TAMS 0x0000000086200000, 0x0000000086100000| Untracked 
|  98|0x0000000086200000, 0x0000000086300000, 0x0000000086300000|100%| O|  |TAMS 0x0000000086300000, 0x0000000086200000| Untracked 
|  99|0x0000000086300000, 0x0000000086400000, 0x0000000086400000|100%| O|  |TAMS 0x0000000086400000, 0x0000000086300000| Untracked 
| 100|0x0000000086400000, 0x0000000086500000, 0x0000000086500000|100%| O|  |TAMS 0x0000000086500000, 0x0000000086400000| Untracked 
| 101|0x0000000086500000, 0x0000000086600000, 0x0000000086600000|100%| O|  |TAMS 0x0000000086600000, 0x0000000086500000| Untracked 
| 102|0x0000000086600000, 0x0000000086700000, 0x0000000086700000|100%| O|  |TAMS 0x0000000086700000, 0x0000000086600000| Untracked 
| 103|0x0000000086700000, 0x0000000086800000, 0x0000000086800000|100%| O|  |TAMS 0x0000000086800000, 0x0000000086700000| Untracked 
| 104|0x0000000086800000, 0x0000000086900000, 0x0000000086900000|100%| O|  |TAMS 0x0000000086900000, 0x0000000086800000| Untracked 
| 105|0x0000000086900000, 0x0000000086a00000, 0x0000000086a00000|100%| O|  |TAMS 0x0000000086a00000, 0x0000000086900000| Untracked 
| 106|0x0000000086a00000, 0x0000000086b00000, 0x0000000086b00000|100%| O|  |TAMS 0x0000000086b00000, 0x0000000086a00000| Untracked 
| 107|0x0000000086b00000, 0x0000000086c00000, 0x0000000086c00000|100%| O|  |TAMS 0x0000000086c00000, 0x0000000086b00000| Untracked 
| 108|0x0000000086c00000, 0x0000000086d00000, 0x0000000086d00000|100%| O|  |TAMS 0x0000000086d00000, 0x0000000086c00000| Untracked 
| 109|0x0000000086d00000, 0x0000000086e00000, 0x0000000086e00000|100%| O|  |TAMS 0x0000000086e00000, 0x0000000086d00000| Untracked 
| 110|0x0000000086e00000, 0x0000000086f00000, 0x0000000086f00000|100%| O|  |TAMS 0x0000000086f00000, 0x0000000086e00000| Untracked 
| 111|0x0000000086f00000, 0x0000000087000000, 0x0000000087000000|100%| O|  |TAMS 0x0000000087000000, 0x0000000086f00000| Untracked 
| 112|0x0000000087000000, 0x0000000087100000, 0x0000000087100000|100%| O|  |TAMS 0x0000000087100000, 0x0000000087000000| Untracked 
| 113|0x0000000087100000, 0x0000000087200000, 0x0000000087200000|100%| O|  |TAMS 0x0000000087200000, 0x0000000087100000| Untracked 
| 114|0x0000000087200000, 0x0000000087300000, 0x0000000087300000|100%| O|  |TAMS 0x0000000087300000, 0x0000000087200000| Untracked 
| 115|0x0000000087300000, 0x0000000087400000, 0x0000000087400000|100%| O|  |TAMS 0x0000000087300000, 0x0000000087300000| Untracked 
| 116|0x0000000087400000, 0x0000000087500000, 0x0000000087500000|100%| O|  |TAMS 0x0000000087400000, 0x0000000087400000| Untracked 
| 117|0x0000000087500000, 0x0000000087600000, 0x0000000087600000|100%| O|  |TAMS 0x0000000087500000, 0x0000000087500000| Untracked 
| 118|0x0000000087600000, 0x0000000087700000, 0x0000000087700000|100%| O|  |TAMS 0x0000000087600000, 0x0000000087600000| Untracked 
| 119|0x0000000087700000, 0x0000000087800000, 0x0000000087800000|100%| O|  |TAMS 0x0000000087700000, 0x0000000087700000| Untracked 
| 120|0x0000000087800000, 0x0000000087900000, 0x0000000087900000|100%| O|  |TAMS 0x0000000087800000, 0x0000000087800000| Untracked 
| 121|0x0000000087900000, 0x0000000087a00000, 0x0000000087a00000|100%| O|  |TAMS 0x0000000087900000, 0x0000000087900000| Untracked 
| 122|0x0000000087a00000, 0x0000000087b00000, 0x0000000087b00000|100%| O|  |TAMS 0x0000000087a00000, 0x0000000087a00000| Untracked 
| 123|0x0000000087b00000, 0x0000000087c00000, 0x0000000087c00000|100%| O|  |TAMS 0x0000000087b00000, 0x0000000087b00000| Untracked 
| 124|0x0000000087c00000, 0x0000000087d00000, 0x0000000087d00000|100%| O|  |TAMS 0x0000000087c00000, 0x0000000087c00000| Untracked 
| 125|0x0000000087d00000, 0x0000000087e00000, 0x0000000087e00000|100%| O|  |TAMS 0x0000000087d00000, 0x0000000087d00000| Untracked 
| 126|0x0000000087e00000, 0x0000000087f00000, 0x0000000087f00000|100%| O|  |TAMS 0x0000000087e00000, 0x0000000087e00000| Untracked 
| 127|0x0000000087f00000, 0x0000000088000000, 0x0000000088000000|100%| O|  |TAMS 0x0000000087f00000, 0x0000000087f00000| Untracked 
| 128|0x0000000088000000, 0x0000000088100000, 0x0000000088100000|100%| O|  |TAMS 0x0000000088000000, 0x0000000088000000| Untracked 
| 129|0x0000000088100000, 0x0000000088200000, 0x0000000088200000|100%| O|  |TAMS 0x0000000088100000, 0x0000000088100000| Untracked 
| 130|0x0000000088200000, 0x0000000088300000, 0x0000000088300000|100%| O|  |TAMS 0x0000000088200000, 0x0000000088200000| Untracked 
| 131|0x0000000088300000, 0x0000000088300000, 0x0000000088400000|  0%| F|  |TAMS 0x0000000088300000, 0x0000000088300000| Untracked 
| 132|0x0000000088400000, 0x0000000088400000, 0x0000000088500000|  0%| F|  |TAMS 0x0000000088400000, 0x0000000088400000| Untracked 
| 133|0x0000000088500000, 0x0000000088500000, 0x0000000088600000|  0%| F|  |TAMS 0x0000000088500000, 0x0000000088500000| Untracked 
| 134|0x0000000088600000, 0x0000000088600000, 0x0000000088700000|  0%| F|  |TAMS 0x0000000088600000, 0x0000000088600000| Untracked 
| 135|0x0000000088700000, 0x0000000088700000, 0x0000000088800000|  0%| F|  |TAMS 0x0000000088700000, 0x0000000088700000| Untracked 
| 136|0x0000000088800000, 0x0000000088800000, 0x0000000088900000|  0%| F|  |TAMS 0x0000000088800000, 0x0000000088800000| Untracked 
| 137|0x0000000088900000, 0x0000000088900000, 0x0000000088a00000|  0%| F|  |TAMS 0x0000000088900000, 0x0000000088900000| Untracked 
| 138|0x0000000088a00000, 0x0000000088a00000, 0x0000000088b00000|  0%| F|  |TAMS 0x0000000088a00000, 0x0000000088a00000| Untracked 
| 139|0x0000000088b00000, 0x0000000088b00000, 0x0000000088c00000|  0%| F|  |TAMS 0x0000000088b00000, 0x0000000088b00000| Untracked 
| 140|0x0000000088c00000, 0x0000000088c00000, 0x0000000088d00000|  0%| F|  |TAMS 0x0000000088c00000, 0x0000000088c00000| Untracked 
| 141|0x0000000088d00000, 0x0000000088d00000, 0x0000000088e00000|  0%| F|  |TAMS 0x0000000088d00000, 0x0000000088d00000| Untracked 
| 142|0x0000000088e00000, 0x0000000088e00000, 0x0000000088f00000|  0%| F|  |TAMS 0x0000000088e00000, 0x0000000088e00000| Untracked 
| 143|0x0000000088f00000, 0x0000000088f00000, 0x0000000089000000|  0%| F|  |TAMS 0x0000000088f00000, 0x0000000088f00000| Untracked 
| 144|0x0000000089000000, 0x0000000089000000, 0x0000000089100000|  0%| F|  |TAMS 0x0000000089000000, 0x0000000089000000| Untracked 
| 145|0x0000000089100000, 0x0000000089200000, 0x0000000089200000|100%| S|CS|TAMS 0x0000000089100000, 0x0000000089100000| Complete 
| 146|0x0000000089200000, 0x0000000089200000, 0x0000000089300000|  0%| F|  |TAMS 0x0000000089200000, 0x0000000089200000| Untracked 
| 147|0x0000000089300000, 0x0000000089300000, 0x0000000089400000|  0%| F|  |TAMS 0x0000000089300000, 0x0000000089300000| Untracked 
| 148|0x0000000089400000, 0x0000000089400000, 0x0000000089500000|  0%| F|  |TAMS 0x0000000089400000, 0x0000000089400000| Untracked 
| 149|0x0000000089500000, 0x0000000089500000, 0x0000000089600000|  0%| F|  |TAMS 0x0000000089500000, 0x0000000089500000| Untracked 
| 150|0x0000000089600000, 0x0000000089600000, 0x0000000089700000|  0%| F|  |TAMS 0x0000000089600000, 0x0000000089600000| Untracked 
| 151|0x0000000089700000, 0x0000000089700000, 0x0000000089800000|  0%| F|  |TAMS 0x0000000089700000, 0x0000000089700000| Untracked 
| 152|0x0000000089800000, 0x0000000089800000, 0x0000000089900000|  0%| F|  |TAMS 0x0000000089800000, 0x0000000089800000| Untracked 
| 153|0x0000000089900000, 0x0000000089900000, 0x0000000089a00000|  0%| F|  |TAMS 0x0000000089900000, 0x0000000089900000| Untracked 
| 154|0x0000000089a00000, 0x0000000089b00000, 0x0000000089b00000|100%| O|  |TAMS 0x0000000089b00000, 0x0000000089a00000| Untracked 
| 155|0x0000000089b00000, 0x0000000089c00000, 0x0000000089c00000|100%| O|  |TAMS 0x0000000089c00000, 0x0000000089b00000| Untracked 
| 156|0x0000000089c00000, 0x0000000089d00000, 0x0000000089d00000|100%| O|  |TAMS 0x0000000089d00000, 0x0000000089c00000| Untracked 
| 157|0x0000000089d00000, 0x0000000089e00000, 0x0000000089e00000|100%| O|  |TAMS 0x0000000089e00000, 0x0000000089d00000| Untracked 
| 158|0x0000000089e00000, 0x0000000089f00000, 0x0000000089f00000|100%| O|  |TAMS 0x0000000089f00000, 0x0000000089e00000| Untracked 
| 159|0x0000000089f00000, 0x000000008a000000, 0x000000008a000000|100%| O|  |TAMS 0x000000008a000000, 0x0000000089f00000| Untracked 
| 160|0x000000008a000000, 0x000000008a100000, 0x000000008a100000|100%| O|  |TAMS 0x000000008a100000, 0x000000008a000000| Untracked 

Card table byte_map: [0x000001cfce540000,0x000001cfce940000] _byte_map_base: 0x000001cfce140000

Marking Bits (Prev, Next): (CMBitMap*) 0x000001cfbb8056d0, (CMBitMap*) 0x000001cfbb805698
 Prev Bits: [0x000001cfd0d40000, 0x000001cfd2d40000)
 Next Bits: [0x000001cfced40000, 0x000001cfd0d40000)

Polling page: 0x000001cfb9730000

Metaspace:

Usage:
  Non-class:     70.58 MB capacity,    69.40 MB ( 98%) used,  1002.83 KB (  1%) free+waste,   208.13 KB ( <1%) overhead. 
      Class:     11.11 MB capacity,    10.46 MB ( 94%) used,   570.45 KB (  5%) free+waste,    93.44 KB ( <1%) overhead. 
       Both:     81.69 MB capacity,    79.86 MB ( 98%) used,     1.54 MB (  2%) free+waste,   301.56 KB ( <1%) overhead. 

Virtual space:
  Non-class space:       72.00 MB reserved,      70.75 MB ( 98%) committed 
      Class space:        1.00 GB reserved,      11.20 MB (  1%) committed 
             Both:        1.07 GB reserved,      81.95 MB (  7%) committed 

Chunk freelists:
   Non-Class:  44.00 KB
       Class:  13.00 KB
        Both:  57.00 KB

MaxMetaspaceSize: 17179869184.00 GB
CompressedClassSpaceSize: 1.00 GB

CodeHeap 'non-profiled nmethods': size=120064Kb used=6007Kb max_used=6464Kb free=114056Kb
 bounds [0x000001cfc6c00000, 0x000001cfc7260000, 0x000001cfce140000]
CodeHeap 'profiled nmethods': size=120000Kb used=20028Kb max_used=21168Kb free=99971Kb
 bounds [0x000001cfbf6d0000, 0x000001cfc0b80000, 0x000001cfc6c00000]
CodeHeap 'non-nmethods': size=5696Kb used=2257Kb max_used=2330Kb free=3439Kb
 bounds [0x000001cfbf140000, 0x000001cfbf3b0000, 0x000001cfbf6d0000]
 total_blobs=10169 nmethods=9319 adapters=761
 compilation: enabled
              stopped_count=0, restarted_count=0
 full_count=0

Compilation events (20 events):
Event: 39.202 Thread 0x000001cfd6ad2000 nmethod 10012 0x000001cfc724c190 code [0x000001cfc724c520, 0x000001cfc724ec88]
Event: 39.202 Thread 0x000001cfd6ad2000 10015       4       com.android.tools.r8.graph.l0::b (48 bytes)
Event: 39.210 Thread 0x000001cfd5246000 10020       2       com.android.tools.r8.code.u::<init> (7 bytes)
Event: 39.211 Thread 0x000001cfd5246000 nmethod 10020 0x000001cfc0b7f210 code [0x000001cfc0b7f3e0, 0x000001cfc0b7f618]
Event: 39.238 Thread 0x000001cfd5246000 10023       2       com.android.tools.r8.graph.v1::a (143 bytes)
Event: 39.239 Thread 0x000001cfd5246000 nmethod 10023 0x000001cfbf6d1110 code [0x000001cfbf6d1360, 0x000001cfbf6d1ac8]
Event: 39.257 Thread 0x000001cfd5246000 10027       2       com.android.tools.r8.code.r::<init> (7 bytes)
Event: 39.257 Thread 0x000001cfd5246000 nmethod 10027 0x000001cfbf6d4610 code [0x000001cfbf6d47c0, 0x000001cfbf6d4918]
Event: 39.265 Thread 0x000001cfd5246000 10028       2       com.android.tools.r8.code.e0::hashCode (22 bytes)
Event: 39.265 Thread 0x000001cfd5246000 nmethod 10028 0x000001cfbf6d7710 code [0x000001cfbf6d78c0, 0x000001cfbf6d7a08]
Event: 39.275 Thread 0x000001cfd6ad2000 nmethod 10015 0x000001cfc6c7bb90 code [0x000001cfc6c7bda0, 0x000001cfc6c7cfb8]
Event: 39.275 Thread 0x000001cfd6ad2000 10006       4       com.android.tools.r8.graph.q0::a (89 bytes)
Event: 39.286 Thread 0x000001cfd6ad2000 nmethod 10006 0x000001cfc6c16b10 code [0x000001cfc6c16d00, 0x000001cfc6c171f8]
Event: 39.286 Thread 0x000001cfd6ad2000 10029       4       com.android.tools.r8.code.x1::a (4137 bytes)
Event: 39.307 Thread 0x000001cfd5246000 10031       2       com.android.tools.r8.graph.v1::b (143 bytes)
Event: 39.308 Thread 0x000001cfd5246000 nmethod 10031 0x000001cfbf6e7090 code [0x000001cfbf6e72e0, 0x000001cfbf6e7a48]
Event: 39.375 Thread 0x000001cfd5246000 10032       2       com.android.tools.r8.w.a.a.a.h.f0::a (27 bytes)
Event: 39.376 Thread 0x000001cfd5246000 nmethod 10032 0x000001cfbf6d7290 code [0x000001cfbf6d7440, 0x000001cfbf6d7658]
Event: 39.376 Thread 0x000001cfd5246000 10033       2       com.android.tools.r8.w.a.a.a.h.s::iterator (5 bytes)
Event: 39.376 Thread 0x000001cfd5246000 nmethod 10033 0x000001cfbf6e6c10 code [0x000001cfbf6e6dc0, 0x000001cfbf6e6fa8]

GC Heap History (20 events):
Event: 31.798 GC heap after
{Heap after GC invocations=18 (full 0):
 garbage-first heap   total 157696K, used 62966K [0x0000000080000000, 0x0000000100000000)
  region size 1024K, 9 young (9216K), 9 survivors (9216K)
 Metaspace       used 76212K, capacity 78044K, committed 78156K, reserved 1116160K
  class space    used 9854K, capacity 10501K, committed 10572K, reserved 1048576K
}
Event: 33.656 GC heap before
{Heap before GC invocations=18 (full 0):
 garbage-first heap   total 157696K, used 124406K [0x0000000080000000, 0x0000000100000000)
  region size 1024K, 70 young (71680K), 9 survivors (9216K)
 Metaspace       used 76539K, capacity 78402K, committed 78668K, reserved 1118208K
  class space    used 9896K, capacity 10554K, committed 10572K, reserved 1048576K
}
Event: 33.676 GC heap after
{Heap after GC invocations=19 (full 0):
 garbage-first heap   total 157696K, used 65948K [0x0000000080000000, 0x0000000100000000)
  region size 1024K, 7 young (7168K), 7 survivors (7168K)
 Metaspace       used 76539K, capacity 78402K, committed 78668K, reserved 1118208K
  class space    used 9896K, capacity 10554K, committed 10572K, reserved 1048576K
}
Event: 34.851 GC heap before
{Heap before GC invocations=19 (full 0):
 garbage-first heap   total 157696K, used 126364K [0x0000000080000000, 0x0000000100000000)
  region size 1024K, 67 young (68608K), 7 survivors (7168K)
 Metaspace       used 76703K, capacity 78547K, committed 78668K, reserved 1118208K
  class space    used 9909K, capacity 10558K, committed 10572K, reserved 1048576K
}
Event: 34.872 GC heap after
{Heap after GC invocations=20 (full 0):
 garbage-first heap   total 157696K, used 68144K [0x0000000080000000, 0x0000000100000000)
  region size 1024K, 6 young (6144K), 6 survivors (6144K)
 Metaspace       used 76703K, capacity 78547K, committed 78668K, reserved 1118208K
  class space    used 9909K, capacity 10558K, committed 10572K, reserved 1048576K
}
Event: 36.239 GC heap before
{Heap before GC invocations=20 (full 0):
 garbage-first heap   total 157696K, used 90672K [0x0000000080000000, 0x0000000100000000)
  region size 1024K, 29 young (29696K), 6 survivors (6144K)
 Metaspace       used 77370K, capacity 79255K, committed 79308K, reserved 1118208K
  class space    used 10014K, capacity 10661K, committed 10700K, reserved 1048576K
}
Event: 36.252 GC heap after
{Heap after GC invocations=21 (full 0):
 garbage-first heap   total 157696K, used 69537K [0x0000000080000000, 0x0000000100000000)
  region size 1024K, 4 young (4096K), 4 survivors (4096K)
 Metaspace       used 77370K, capacity 79255K, committed 79308K, reserved 1118208K
  class space    used 10014K, capacity 10661K, committed 10700K, reserved 1048576K
}
Event: 36.861 GC heap before
{Heap before GC invocations=22 (full 0):
 garbage-first heap   total 157696K, used 87969K [0x0000000080000000, 0x0000000100000000)
  region size 1024K, 15 young (15360K), 4 survivors (4096K)
 Metaspace       used 79429K, capacity 81318K, committed 81484K, reserved 1120256K
  class space    used 10312K, capacity 10989K, committed 11084K, reserved 1048576K
}
Event: 36.874 GC heap after
{Heap after GC invocations=23 (full 0):
 garbage-first heap   total 157696K, used 80247K [0x0000000080000000, 0x0000000100000000)
  region size 1024K, 5 young (5120K), 5 survivors (5120K)
 Metaspace       used 79429K, capacity 81318K, committed 81484K, reserved 1120256K
  class space    used 10312K, capacity 10989K, committed 11084K, reserved 1048576K
}
Event: 37.558 GC heap before
{Heap before GC invocations=24 (full 0):
 garbage-first heap   total 157696K, used 140663K [0x0000000080000000, 0x0000000100000000)
  region size 1024K, 45 young (46080K), 5 survivors (5120K)
 Metaspace       used 79796K, capacity 81678K, committed 81740K, reserved 1120256K
  class space    used 10361K, capacity 11023K, committed 11084K, reserved 1048576K
}
Event: 37.638 GC heap after
{Heap after GC invocations=25 (full 0):
 garbage-first heap   total 164864K, used 106610K [0x0000000080000000, 0x0000000100000000)
  region size 1024K, 7 young (7168K), 7 survivors (7168K)
 Metaspace       used 79796K, capacity 81678K, committed 81740K, reserved 1120256K
  class space    used 10361K, capacity 11023K, committed 11084K, reserved 1048576K
}
Event: 38.346 GC heap before
{Heap before GC invocations=26 (full 0):
 garbage-first heap   total 164864K, used 133234K [0x0000000080000000, 0x0000000100000000)
  region size 1024K, 32 young (32768K), 7 survivors (7168K)
 Metaspace       used 81689K, capacity 83586K, committed 83916K, reserved 1122304K
  class space    used 10714K, capacity 11379K, committed 11468K, reserved 1048576K
}
Event: 38.397 GC heap after
{Heap after GC invocations=27 (full 0):
 garbage-first heap   total 164864K, used 118784K [0x0000000080000000, 0x0000000100000000)
  region size 1024K, 4 young (4096K), 4 survivors (4096K)
 Metaspace       used 81689K, capacity 83586K, committed 83916K, reserved 1122304K
  class space    used 10714K, capacity 11379K, committed 11468K, reserved 1048576K
}
Event: 38.684 GC heap before
{Heap before GC invocations=27 (full 0):
 garbage-first heap   total 164864K, used 133120K [0x0000000080000000, 0x0000000100000000)
  region size 1024K, 19 young (19456K), 4 survivors (4096K)
 Metaspace       used 81717K, capacity 83588K, committed 83916K, reserved 1122304K
  class space    used 10714K, capacity 11379K, committed 11468K, reserved 1048576K
}
Event: 38.715 GC heap after
{Heap after GC invocations=28 (full 0):
 garbage-first heap   total 164864K, used 128000K [0x0000000080000000, 0x0000000100000000)
  region size 1024K, 3 young (3072K), 3 survivors (3072K)
 Metaspace       used 81717K, capacity 83588K, committed 83916K, reserved 1122304K
  class space    used 10714K, capacity 11379K, committed 11468K, reserved 1048576K
}
Event: 39.076 GC heap before
{Heap before GC invocations=28 (full 0):
 garbage-first heap   total 164864K, used 137216K [0x0000000080000000, 0x0000000100000000)
  region size 1024K, 12 young (12288K), 3 survivors (3072K)
 Metaspace       used 81770K, capacity 83652K, committed 83916K, reserved 1122304K
  class space    used 10715K, capacity 11379K, committed 11468K, reserved 1048576K
}
Event: 39.091 GC heap after
{Heap after GC invocations=29 (full 0):
 garbage-first heap   total 164864K, used 134113K [0x0000000080000000, 0x0000000100000000)
  region size 1024K, 2 young (2048K), 2 survivors (2048K)
 Metaspace       used 81770K, capacity 83652K, committed 83916K, reserved 1122304K
  class space    used 10715K, capacity 11379K, committed 11468K, reserved 1048576K
}
Event: 39.287 GC heap before
{Heap before GC invocations=29 (full 0):
 garbage-first heap   total 164864K, used 140257K [0x0000000080000000, 0x0000000100000000)
  region size 1024K, 8 young (8192K), 2 survivors (2048K)
 Metaspace       used 81774K, capacity 83654K, committed 83916K, reserved 1122304K
  class space    used 10715K, capacity 11379K, committed 11468K, reserved 1048576K
}
Event: 39.303 GC heap after
{Heap after GC invocations=30 (full 0):
 garbage-first heap   total 164864K, used 137933K [0x0000000080000000, 0x0000000100000000)
  region size 1024K, 1 young (1024K), 1 survivors (1024K)
 Metaspace       used 81774K, capacity 83654K, committed 83916K, reserved 1122304K
  class space    used 10715K, capacity 11379K, committed 11468K, reserved 1048576K
}
Event: 39.459 GC heap before
{Heap before GC invocations=31 (full 0):
 garbage-first heap   total 164864K, used 144077K [0x0000000080000000, 0x0000000100000000)
  region size 1024K, 8 young (8192K), 1 survivors (1024K)
 Metaspace       used 81780K, capacity 83655K, committed 83916K, reserved 1122304K
  class space    used 10715K, capacity 11379K, committed 11468K, reserved 1048576K
}

Deoptimization events (20 events):
Event: 39.031 Thread 0x000001cfdc28e800 Uncommon trap: trap_request=0xffffffbe fr.pc=0x000001cfc724b028 relative=0x0000000000000d08
Event: 39.031 Thread 0x000001cfdc28e800 Uncommon trap: reason=profile_predicate action=maybe_recompile pc=0x000001cfc724b028 method=com.android.tools.r8.graph.o0.a(Lcom/android/tools/r8/graph/o0;)I @ 45 c2
Event: 39.031 Thread 0x000001cfdc28e800 DEOPT PACKING pc=0x000001cfc724b028 sp=0x000000a65dcfef50
Event: 39.031 Thread 0x000001cfdc28e800 DEOPT UNPACKING pc=0x000001cfbf1674af sp=0x000000a65dcfee80 mode 2
Event: 39.031 Thread 0x000001cfdc28e800 Uncommon trap: trap_request=0xffffffbe fr.pc=0x000001cfc724b028 relative=0x0000000000000d08
Event: 39.031 Thread 0x000001cfdc28e800 Uncommon trap: reason=profile_predicate action=maybe_recompile pc=0x000001cfc724b028 method=com.android.tools.r8.graph.o0.a(Lcom/android/tools/r8/graph/o0;)I @ 45 c2
Event: 39.031 Thread 0x000001cfdc28e800 DEOPT PACKING pc=0x000001cfc724b028 sp=0x000000a65dcfef50
Event: 39.031 Thread 0x000001cfdc28e800 DEOPT UNPACKING pc=0x000001cfbf1674af sp=0x000000a65dcfee80 mode 2
Event: 39.032 Thread 0x000001cfdc28e800 Uncommon trap: trap_request=0xffffffbe fr.pc=0x000001cfc724b028 relative=0x0000000000000d08
Event: 39.032 Thread 0x000001cfdc28e800 Uncommon trap: reason=profile_predicate action=maybe_recompile pc=0x000001cfc724b028 method=com.android.tools.r8.graph.o0.a(Lcom/android/tools/r8/graph/o0;)I @ 45 c2
Event: 39.032 Thread 0x000001cfdc28e800 DEOPT PACKING pc=0x000001cfc724b028 sp=0x000000a65dcfef50
Event: 39.032 Thread 0x000001cfdc28e800 DEOPT UNPACKING pc=0x000001cfbf1674af sp=0x000000a65dcfee80 mode 2
Event: 39.032 Thread 0x000001cfdc28e800 Uncommon trap: trap_request=0xffffffbe fr.pc=0x000001cfc724b028 relative=0x0000000000000d08
Event: 39.032 Thread 0x000001cfdc28e800 Uncommon trap: reason=profile_predicate action=maybe_recompile pc=0x000001cfc724b028 method=com.android.tools.r8.graph.o0.a(Lcom/android/tools/r8/graph/o0;)I @ 45 c2
Event: 39.032 Thread 0x000001cfdc28e800 DEOPT PACKING pc=0x000001cfc724b028 sp=0x000000a65dcfef50
Event: 39.032 Thread 0x000001cfdc28e800 DEOPT UNPACKING pc=0x000001cfbf1674af sp=0x000000a65dcfee80 mode 2
Event: 39.099 Thread 0x000001cfdc28e800 Uncommon trap: trap_request=0xffffff4d fr.pc=0x000001cfc722cd84 relative=0x00000000000049e4
Event: 39.099 Thread 0x000001cfdc28e800 Uncommon trap: reason=unstable_if action=reinterpret pc=0x000001cfc722cd84 method=com.android.tools.r8.graph.o1.e(I)Lcom/android/tools/r8/graph/o1; @ 22 c2
Event: 39.099 Thread 0x000001cfdc28e800 DEOPT PACKING pc=0x000001cfc722cd84 sp=0x000000a65dcfefa0
Event: 39.099 Thread 0x000001cfdc28e800 DEOPT UNPACKING pc=0x000001cfbf1674af sp=0x000000a65dcfef18 mode 2

Classes redefined (0 events):
No events

Internal exceptions (20 events):
Event: 32.809 Thread 0x000001cfd7723800 Exception <a 'sun/nio/fs/WindowsException'{0x00000000878cc2c8}> (0x00000000878cc2c8) thrown at [./src/hotspot/share/prims/jni.cpp, line 615]
Event: 32.812 Thread 0x000001cfd7723800 Exception <a 'sun/nio/fs/WindowsException'{0x00000000878d4cc0}> (0x00000000878d4cc0) thrown at [./src/hotspot/share/prims/jni.cpp, line 615]
Event: 32.812 Thread 0x000001cfd7723800 Exception <a 'sun/nio/fs/WindowsException'{0x00000000878d63e8}> (0x00000000878d63e8) thrown at [./src/hotspot/share/prims/jni.cpp, line 615]
Event: 32.813 Thread 0x000001cfd7723800 Exception <a 'java/lang/NoSuchMethodError'{0x00000000878e2050}: 'void java.lang.invoke.DirectMethodHandle$Holder.invokeStatic(java.lang.Object, java.lang.Object, java.lang.Object, java.lang.Object, int, java.lang.Object)'> (0x00000000878e2050) thrown at [./src/hotspot/share/interpreter/linkResolver.cpp, line 773]
Event: 33.584 Thread 0x000001cfda0fd000 Exception <a 'sun/nio/fs/WindowsException'{0x00000000862890f0}> (0x00000000862890f0) thrown at [./src/hotspot/share/prims/jni.cpp, line 615]
Event: 33.584 Thread 0x000001cfda0fd000 Exception <a 'sun/nio/fs/WindowsException'{0x0000000086289d50}> (0x0000000086289d50) thrown at [./src/hotspot/share/prims/jni.cpp, line 615]
Event: 34.296 Thread 0x000001cfda0fd000 Implicit null exception at 0x000001cfc7150c29 to 0x000001cfc7154502
Event: 35.111 Thread 0x000001cfda0fd000 Exception <a 'java/lang/NoSuchMethodError'{0x000000008949bc98}: 'java.lang.Object java.lang.invoke.DirectMethodHandle$Holder.invokeSpecial(java.lang.Object, java.lang.Object, int, java.lang.Object, java.lang.Object)'> (0x000000008949bc98) thrown at [./src/hotspot/share/interpreter/linkResolver.cpp, line 773]
Event: 35.114 Thread 0x000001cfda0fd000 Exception <a 'java/lang/NoSuchMethodError'{0x00000000894a4228}: 'java.lang.Object java.lang.invoke.DirectMethodHandle$Holder.invokeStatic(java.lang.Object, java.lang.Object, int, java.lang.Object)'> (0x00000000894a4228) thrown at [./src/hotspot/share/interpreter/linkResolver.cpp, line 773]
Event: 35.114 Thread 0x000001cfda0fd000 Exception <a 'java/lang/NoSuchMethodError'{0x00000000894a7f20}: 'java.lang.Object java.lang.invoke.Invokers$Holder.linkToTargetMethod(java.lang.Object, int, java.lang.Object, java.lang.Object)'> (0x00000000894a7f20) thrown at [./src/hotspot/share/interpreter/linkResolver.cpp, line 773]
Event: 35.118 Thread 0x000001cfda0fd000 Exception <a 'java/lang/NoSuchMethodError'{0x00000000894bd268}: 'void java.lang.invoke.DirectMethodHandle$Holder.invokeVirtual(java.lang.Object, java.lang.Object)'> (0x00000000894bd268) thrown at [./src/hotspot/share/interpreter/linkResolver.cpp, line 773]
Event: 35.267 Thread 0x000001cfda0fd000 Exception <a 'java/lang/NoSuchMethodError'{0x000000008926f070}: <clinit>> (0x000000008926f070) thrown at [./src/hotspot/share/prims/jni.cpp, line 1362]
Event: 36.593 Thread 0x000001cfda0f9000 Exception <a 'sun/nio/fs/WindowsException'{0x0000000089532038}> (0x0000000089532038) thrown at [./src/hotspot/share/prims/jni.cpp, line 615]
Event: 36.725 Thread 0x000001cfda0f9000 Exception <a 'java/lang/NoSuchMethodError'{0x000000008938b990}: 'int java.lang.invoke.DirectMethodHandle$Holder.invokeVirtual(java.lang.Object, java.lang.Object, java.lang.Object)'> (0x000000008938b990) thrown at [./src/hotspot/share/interpreter/linkResolver.cpp, line 773]
Event: 36.842 Thread 0x000001cfda0f9000 Exception <a 'java/lang/NoSuchMethodError'{0x000000008916c508}: 'int java.lang.invoke.DirectMethodHandle$Holder.invokeVirtual(java.lang.Object, java.lang.Object)'> (0x000000008916c508) thrown at [./src/hotspot/share/interpreter/linkResolver.cpp, line 773]
Event: 36.842 Thread 0x000001cfda0f9000 Exception <a 'java/lang/NoSuchMethodError'{0x0000000089171e88}: 'java.lang.Object java.lang.invoke.DirectMethodHandle$Holder.invokeStatic(java.lang.Object, java.lang.Object, java.lang.Object, java.lang.Object, java.lang.Object, java.lang.Object, java.lang.Object, java.lang.Object, java.lang.Object, java.lang.Object, java.lang.Object, java.lang.Object, java.lang.Object, java.lang.Object, java.lang.Object, java.lang.Object, java.lang.Object, int, java.lang.Object)'> (0x0000000089171e88) thrown at [./src/hots
Event: 36.842 Thread 0x000001cfda0f9000 Exception <a 'java/lang/NoSuchMethodError'{0x00000000891774d8}: 'java.lang.Object java.lang.invoke.DirectMethodHandle$Holder.invokeStaticInit(java.lang.Object, java.lang.Object, java.lang.Object, java.lang.Object, java.lang.Object, java.lang.Object, java.lang.Object, java.lang.Object, java.lang.Object, java.lang.Object, java.lang.Object, java.lang.Object, java.lang.Object, java.lang.Object, java.lang.Object, java.lang.Object, java.lang.Object, int, java.lang.Object)'> (0x00000000891774d8) thrown at [./src/
Event: 37.666 Thread 0x000001cfda0f9000 Implicit null exception at 0x000001cfc71e699c to 0x000001cfc71e74e8
Event: 37.797 Thread 0x000001cfdc290000 Exception <a 'java/lang/NoSuchMethodError'{0x0000000088f6e938}: 'java.lang.Object java.lang.invoke.DirectMethodHandle$Holder.newInvokeSpecial(java.lang.Object, int)'> (0x0000000088f6e938) thrown at [./src/hotspot/share/interpreter/linkResolver.cpp, line 773]
Event: 38.001 Thread 0x000001cfdc28e800 Exception <a 'java/lang/NoSuchMethodError'{0x00000000890fe1d8}: 'long java.lang.invoke.DirectMethodHandle$Holder.invokeStatic(java.lang.Object, java.lang.Object, java.lang.Object)'> (0x00000000890fe1d8) thrown at [./src/hotspot/share/interpreter/linkResolver.cpp, line 773]

Events (20 events):
Event: 39.222 Thread 0x000001cfd524e000 flushing nmethod 0x000001cfbff6c590
Event: 39.222 Thread 0x000001cfd524e000 flushing nmethod 0x000001cfbff8b790
Event: 39.222 Thread 0x000001cfd524e000 flushing nmethod 0x000001cfbff8c090
Event: 39.222 Thread 0x000001cfd524e000 flushing nmethod 0x000001cfbff8f110
Event: 39.222 Thread 0x000001cfd524e000 flushing nmethod 0x000001cfbff8f590
Event: 39.222 Thread 0x000001cfd524e000 flushing nmethod 0x000001cfbff91610
Event: 39.222 Thread 0x000001cfd524e000 flushing nmethod 0x000001cfbff93110
Event: 39.222 Thread 0x000001cfd524e000 flushing nmethod 0x000001cfbff93490
Event: 39.222 Thread 0x000001cfd524e000 flushing nmethod 0x000001cfbff9bc90
Event: 39.222 Thread 0x000001cfd524e000 flushing nmethod 0x000001cfbff9c890
Event: 39.222 Thread 0x000001cfd524e000 flushing nmethod 0x000001cfbffb1810
Event: 39.222 Thread 0x000001cfd524e000 flushing nmethod 0x000001cfbffb4910
Event: 39.223 Thread 0x000001cfd524e000 flushing nmethod 0x000001cfbffc2a90
Event: 39.223 Thread 0x000001cfd524e000 flushing nmethod 0x000001cfbffc4310
Event: 39.223 Thread 0x000001cfd524e000 flushing nmethod 0x000001cfbffe0e90
Event: 39.287 Executing VM operation: G1CollectForAllocation
Event: 39.303 Executing VM operation: G1CollectForAllocation done
Event: 39.445 Executing VM operation: CGC_Operation
Event: 39.448 Executing VM operation: CGC_Operation done
Event: 39.459 Executing VM operation: G1CollectForAllocation


Dynamic libraries:
0x00007ff661450000 - 0x00007ff66145a000 	C:\Program Files\Android\Android Studio\jre\bin\java.exe
0x00007ffccc550000 - 0x00007ffccc722000 	C:\Windows\SYSTEM32\ntdll.dll
0x00007ffccc2b0000 - 0x00007ffccc35c000 	C:\Windows\System32\KERNEL32.DLL
0x00007ffcc8d30000 - 0x00007ffcc8f4d000 	C:\Windows\System32\KERNELBASE.dll
0x00007ffcc98c0000 - 0x00007ffcc99b5000 	C:\Windows\System32\ucrtbase.dll
0x00007ffcbbd60000 - 0x00007ffcbbd79000 	C:\Program Files\Android\Android Studio\jre\bin\jli.dll
0x00007ffcc7160000 - 0x00007ffcc7177000 	C:\Program Files\Android\Android Studio\jre\bin\VCRUNTIME140.dll
0x00007ffccc360000 - 0x00007ffccc4c5000 	C:\Windows\System32\USER32.dll
0x00007ffcbcde0000 - 0x00007ffcbd05a000 	C:\Windows\WinSxS\amd64_microsoft.windows.common-controls_6595b64144ccf1df_6.0.14393.953_none_42151e83c686086b\COMCTL32.dll
0x00007ffcc8d10000 - 0x00007ffcc8d2e000 	C:\Windows\System32\win32u.dll
0x00007ffccc110000 - 0x00007ffccc1ae000 	C:\Windows\System32\msvcrt.dll
0x00007ffcc9ff0000 - 0x00007ffcca024000 	C:\Windows\System32\GDI32.dll
0x00007ffccbbf0000 - 0x00007ffccbeb8000 	C:\Windows\System32\combase.dll
0x00007ffcc9630000 - 0x00007ffcc97b0000 	C:\Windows\System32\gdi32full.dll
0x00007ffcc9ec0000 - 0x00007ffcc9fe1000 	C:\Windows\System32\RPCRT4.dll
0x00007ffcc99c0000 - 0x00007ffcc9a2a000 	C:\Windows\System32\bcryptPrimitives.dll
0x00007ffcc9b80000 - 0x00007ffcc9bae000 	C:\Windows\System32\IMM32.DLL
0x00007ffcc46b0000 - 0x00007ffcc474d000 	C:\Program Files\Android\Android Studio\jre\bin\msvcp140.dll
0x00007ffc95170000 - 0x00007ffc95c2c000 	C:\Program Files\Android\Android Studio\jre\bin\server\jvm.dll
0x00007ffccbec0000 - 0x00007ffccbf62000 	C:\Windows\System32\ADVAPI32.dll
0x00007ffcca030000 - 0x00007ffcca089000 	C:\Windows\System32\sechost.dll
0x00007ffccc540000 - 0x00007ffccc548000 	C:\Windows\System32\PSAPI.DLL
0x00007ffcb60b0000 - 0x00007ffcb60b9000 	C:\Windows\SYSTEM32\WSOCK32.dll
0x00007ffcc5e00000 - 0x00007ffcc5e23000 	C:\Windows\SYSTEM32\WINMM.dll
0x00007ffcc6f30000 - 0x00007ffcc6f3a000 	C:\Windows\SYSTEM32\VERSION.dll
0x00007ffccc4d0000 - 0x00007ffccc53a000 	C:\Windows\System32\WS2_32.dll
0x00007ffcc5dd0000 - 0x00007ffcc5dfb000 	C:\Windows\SYSTEM32\WINMMBASE.dll
0x00007ffcc8a50000 - 0x00007ffcc8a92000 	C:\Windows\System32\cfgmgr32.dll
0x00007ffcc8a10000 - 0x00007ffcc8a1f000 	C:\Windows\System32\kernel.appcore.dll
0x00007ffcc6040000 - 0x00007ffcc6051000 	C:\Program Files\Android\Android Studio\jre\bin\verify.dll
0x00007ffcc8590000 - 0x00007ffcc8722000 	C:\Windows\SYSTEM32\DBGHELP.DLL
0x00007ffcc8240000 - 0x00007ffcc8269000 	C:\Windows\SYSTEM32\dbgcore.DLL
0x00007ffcbd4d0000 - 0x00007ffcbd4f9000 	C:\Program Files\Android\Android Studio\jre\bin\java.dll
0x00007ffcc7660000 - 0x00007ffcc766b000 	C:\Program Files\Android\Android Studio\jre\bin\jimage.dll
0x00007ffcbd4b0000 - 0x00007ffcbd4c8000 	C:\Program Files\Android\Android Studio\jre\bin\zip.dll
0x00007ffcca620000 - 0x00007ffccbb29000 	C:\Windows\System32\SHELL32.dll
0x00007ffcc8f50000 - 0x00007ffcc9629000 	C:\Windows\System32\windows.storage.dll
0x00007ffcc89c0000 - 0x00007ffcc8a0c000 	C:\Windows\System32\powrprof.dll
0x00007ffccc030000 - 0x00007ffccc082000 	C:\Windows\System32\shlwapi.dll
0x00007ffcc9810000 - 0x00007ffcc98b9000 	C:\Windows\System32\shcore.dll
0x00007ffcc8a20000 - 0x00007ffcc8a34000 	C:\Windows\System32\profapi.dll
0x00007ffcbd490000 - 0x00007ffcbd4aa000 	C:\Program Files\Android\Android Studio\jre\bin\net.dll
0x00007ffcbc550000 - 0x00007ffcbc61d000 	C:\Windows\SYSTEM32\WINHTTP.dll
0x00007ffcc7f90000 - 0x00007ffcc7fec000 	C:\Windows\system32\mswsock.dll
0x00007ffcbd470000 - 0x00007ffcbd484000 	C:\Program Files\Android\Android Studio\jre\bin\nio.dll
0x00007ffcaa3b0000 - 0x00007ffcaa3d7000 	C:\Users\hP\.gradle\native\fdc75f09e3144964f2cf3f50f0aa648679c211496f362492102eb8c894070792\windows-amd64\native-platform.dll
0x00007ffc99460000 - 0x00007ffc995f6000 	C:\Users\hP\.gradle\native\12488b8bf47d2d4c9fbf2f6322a914ad602e24e48041cd04a747c6da556b65c4\windows-amd64\native-platform-file-events.dll
0x00007ffcc7290000 - 0x00007ffcc729a000 	C:\Program Files\Android\Android Studio\jre\bin\management.dll
0x00007ffcbfc80000 - 0x00007ffcbfc8c000 	C:\Program Files\Android\Android Studio\jre\bin\management_ext.dll
0x00007ffcc8570000 - 0x00007ffcc8587000 	C:\Windows\SYSTEM32\CRYPTSP.dll
0x00007ffcc7b90000 - 0x00007ffcc7bc3000 	C:\Windows\system32\rsaenh.dll
0x00007ffcc8900000 - 0x00007ffcc892b000 	C:\Windows\SYSTEM32\bcrypt.dll
0x00007ffcc7e10000 - 0x00007ffcc7e2f000 	C:\Windows\SYSTEM32\USERENV.dll
0x00007ffcc8130000 - 0x00007ffcc813b000 	C:\Windows\SYSTEM32\CRYPTBASE.dll
0x00007ffcc7d10000 - 0x00007ffcc7d48000 	C:\Windows\SYSTEM32\IPHLPAPI.DLL
0x00007ffcc9d10000 - 0x00007ffcc9d18000 	C:\Windows\System32\NSI.dll
0x00007ffcc0af0000 - 0x00007ffcc0b06000 	C:\Windows\SYSTEM32\dhcpcsvc6.DLL
0x00007ffcc0ad0000 - 0x00007ffcc0aea000 	C:\Windows\SYSTEM32\dhcpcsvc.DLL
0x00007ffcc0b10000 - 0x00007ffcc0b1b000 	C:\Windows\SYSTEM32\WINNSI.DLL

dbghelp: loaded successfully - version: 4.0.5 - missing functions: none
symbol engine: initialized successfully - sym options: 0x614 - pdb path: .;C:\Program Files\Android\Android Studio\jre\bin;C:\Windows\SYSTEM32;C:\Windows\WinSxS\amd64_microsoft.windows.common-controls_6595b64144ccf1df_6.0.14393.953_none_42151e83c686086b;C:\Program Files\Android\Android Studio\jre\bin\server;C:\Users\hP\.gradle\native\fdc75f09e3144964f2cf3f50f0aa648679c211496f362492102eb8c894070792\windows-amd64;C:\Users\hP\.gradle\native\12488b8bf47d2d4c9fbf2f6322a914ad602e24e48041cd04a747c6da556b65c4\windows-amd64

VM Arguments:
jvm_args: --add-opens=java.base/java.util=ALL-UNNAMED --add-opens=java.base/java.lang=ALL-UNNAMED --add-opens=java.base/java.lang.invoke=ALL-UNNAMED --add-opens=java.prefs/java.util.prefs=ALL-UNNAMED -Xmx2048m -Dfile.encoding=UTF-8 -Duser.country=US -Duser.language=en -Duser.variant 
java_command: org.gradle.launcher.daemon.bootstrap.GradleDaemon 6.7.1
java_class_path (initial): C:\Users\hP\.gradle\wrapper\dists\gradle-6.7.1-bin\bwlcbys1h7rz3272sye1xwiv6\gradle-6.7.1\lib\gradle-launcher-6.7.1.jar
Launcher Type: SUN_STANDARD

[Global flags]
     intx CICompilerCount                          = 3                                         {product} {ergonomic}
     uint ConcGCThreads                            = 1                                         {product} {ergonomic}
     uint G1ConcRefinementThreads                  = 4                                         {product} {ergonomic}
   size_t G1HeapRegionSize                         = 1048576                                   {product} {ergonomic}
    uintx GCDrainStackTargetSize                   = 64                                        {product} {ergonomic}
   size_t InitialHeapSize                          = 134217728                                 {product} {ergonomic}
   size_t MarkStackSize                            = 4194304                                   {product} {ergonomic}
   size_t MaxHeapSize                              = 2147483648                                {product} {command line}
   size_t MaxNewSize                               = 1287651328                                {product} {ergonomic}
   size_t MinHeapDeltaBytes                        = 1048576                                   {product} {ergonomic}
    uintx NonNMethodCodeHeapSize                   = 5830732                                {pd product} {ergonomic}
    uintx NonProfiledCodeHeapSize                  = 122913754                              {pd product} {ergonomic}
    uintx ProfiledCodeHeapSize                     = 122913754                              {pd product} {ergonomic}
    uintx ReservedCodeCacheSize                    = 251658240                              {pd product} {ergonomic}
     bool SegmentedCodeCache                       = true                                      {product} {ergonomic}
     bool UseCompressedClassPointers               = true                                 {lp64_product} {ergonomic}
     bool UseCompressedOops                        = true                                 {lp64_product} {ergonomic}
     bool UseG1GC                                  = true                                      {product} {ergonomic}
     bool UseLargePagesIndividualAllocation        = false                                  {pd product} {ergonomic}

Logging:
Log output configuration:
 #0: stdout all=warning uptime,level,tags
 #1: stderr all=off uptime,level,tags

Environment Variables:
JAVA_HOME=C:\Program Files\Java\jdk1.8.0_161
PATH=D:\study\s4\BD\oracle-sql\app\oracle\product\11.2.0\server\bin;;C:\oraclexe\app\oracle\product\11.2.0\server\bin;C:\Users\hP\Downloads\Oracle18c\dbhomeXE\bin;C:\Program Files (x86)\VMware\VMware Player\bin\;C:\Program Files (x86)\Common Files\Oracle\Java\javapath;C:\Program Files\Common Files\Oracle\Java\javapath;C:\Windows\system32;C:\Windows;C:\Windows\System32\Wbem;C:\Windows\System32\WindowsPowerShell\v1.0\;C:\wamp64\bin\mysql\mysql8.0.18\bin;C:\Program Files\Java\jdk1.8.0_161\bin;C:\Program Files\Git\cmd;C:\Users\hP\AppData\Local\Microsoft\WindowsApps;C:\Users\hP\AppData\Local\Programs\Microsoft VS Code\bin;C:\Program Files (x86)\Dev-Cpp\MinGW64\bin;C:\Users\hP\Downloads\compilation;C:\Program Files\JetBrains\IntelliJ IDEA Community Edition 2021.1.3\bin;
USERNAME=hP
OS=Windows_NT
PROCESSOR_IDENTIFIER=Intel64 Family 6 Model 61 Stepping 4, GenuineIntel



---------------  S Y S T E M  ---------------

OS: Windows 10 , 64 bit Build 14393 (10.0.14393.2189)
OS uptime: 1 days 9:30 hours

CPU:total 4 (initial active 4) (2 cores per cpu, 2 threads per core) family 6 model 61 stepping 4, cmov, cx8, fxsr, mmx, sse, sse2, sse3, ssse3, sse4.1, sse4.2, popcnt, avx, avx2, aes, clmul, erms, rtm, 3dnowpref, lzcnt, ht, tsc, tscinvbit, bmi1, bmi2, adx, fma

Memory: 4k page, system-wide physical 8067M (1305M free)
TotalPageFile size 12163M (AvailPageFile size 16M)
current process WorkingSet (physical memory assigned to process): 413M, peak: 414M
current process commit charge ("private bytes"): 445M, peak: 476M

vm_info: OpenJDK 64-Bit Server VM (11.0.8+10-b944.6842174) for windows-amd64 JRE (11.0.8+10-b944.6842174), built on Sep 19 2020 01:11:42 by "builder" with MS VC++ 14.0 (VS2015)

END.
