#
# There is insufficient memory for the Java Runtime Environment to continue.
# Native memory allocation (malloc) failed to allocate 1727216 bytes for Chunk::new
# Possible reasons:
#   The system is out of physical RAM or swap space
#   The process is running with CompressedOops enabled, and the Java Heap may be blocking the growth of the native heap
# Possible solutions:
#   Reduce memory load on the system
#   Increase physical memory or swap space
#   Check if swap backing store is full
#   Decrease Java heap size (-Xmx/-Xms)
#   Decrease number of Java threads
#   Decrease Java thread stack sizes (-Xss)
#   Set larger code cache with -XX:ReservedCodeCacheSize=
#   JVM is running with Unscaled Compressed Oops mode in which the Java heap is
#     placed in the first 4GB address space. The Java Heap base address is the
#     maximum limit for the native heap growth. Please use -XX:HeapBaseMinAddress
#     to set the Java Heap base and to place the Java Heap above 4GB virtual address.
# This output file may be truncated or incomplete.
#
#  Out of Memory Error (./src/hotspot/share/memory/arena.cpp:197), pid=7804, tid=8004
#
# JRE version: OpenJDK Runtime Environment (11.0.8+10) (build 11.0.8+10-b944.6842174)
# Java VM: OpenJDK 64-Bit Server VM (11.0.8+10-b944.6842174, mixed mode, tiered, compressed oops, g1 gc, windows-amd64)
# No core dump will be written. Minidumps are not enabled by default on client versions of Windows
#

---------------  S U M M A R Y ------------

Command Line: --add-opens=java.base/java.util=ALL-UNNAMED --add-opens=java.base/java.lang=ALL-UNNAMED --add-opens=java.base/java.lang.invoke=ALL-UNNAMED --add-opens=java.prefs/java.util.prefs=ALL-UNNAMED -Xmx2048m -Dfile.encoding=UTF-8 -Duser.country=US -Duser.language=en -Duser.variant org.gradle.launcher.daemon.bootstrap.GradleDaemon 6.7.1

Host: Intel(R) Core(TM) i5-5300U CPU @ 2.30GHz, 4 cores, 7G,  Windows 10 , 64 bit Build 14393 (10.0.14393.2189)
Time: Mon Jan 31 10:06:35 2022 GMT Standard Time elapsed time: 338 seconds (0d 0h 5m 38s)

---------------  T H R E A D  ---------------

Current thread (0x0000022179058800):  JavaThread "C2 CompilerThread0" daemon [_thread_in_native, id=8004, stack(0x0000007d5ce00000,0x0000007d5cf00000)]


Current CompileTask:
C2: 338805 12762       4       jdk.internal.org.objectweb.asm.Frame::execute (2264 bytes)

Stack: [0x0000007d5ce00000,0x0000007d5cf00000]
Native frames: (J=compiled Java code, j=interpreted, Vv=VM code, C=native code)
V  [jvm.dll+0x5de50a]
V  [jvm.dll+0x7122f5]
V  [jvm.dll+0x71384d]
V  [jvm.dll+0x713f03]
V  [jvm.dll+0x23e728]
V  [jvm.dll+0xb899c]
V  [jvm.dll+0xb8e9c]
V  [jvm.dll+0x35024d]
V  [jvm.dll+0x31dea3]
V  [jvm.dll+0x31d39a]
V  [jvm.dll+0x1f7702]
V  [jvm.dll+0x1f68d4]
V  [jvm.dll+0x17f32c]
V  [jvm.dll+0x205047]
V  [jvm.dll+0x203891]
V  [jvm.dll+0x6dad3f]
V  [jvm.dll+0x6d3895]
V  [jvm.dll+0x5dd4a6]
C  [ucrtbase.dll+0x1cd70]
C  [KERNEL32.DLL+0x8364]
C  [ntdll.dll+0x67091]


---------------  P R O C E S S  ---------------

Threads class SMR info:
_java_thread_list=0x000002217d9dbe30, length=145, elements={
0x000002216c60e000, 0x0000022179050000, 0x0000022179051800, 0x00000221799c3800,
0x0000022179057800, 0x0000022179058800, 0x0000022179067000, 0x000002217906f800,
0x0000022179aff800, 0x0000022179b69000, 0x000002217d368800, 0x000002217ac3e800,
0x000002217afb5800, 0x000002217c441000, 0x000002217c43b000, 0x000002217c441800,
0x000002217c43d000, 0x000002210f7c6000, 0x000002217b982000, 0x000002217b981000,
0x000002217b984800, 0x000002217b986000, 0x000002217b987000, 0x000002217b982800,
0x000002217b987800, 0x000002217b988800, 0x000002217b989000, 0x000002217b983800,
0x000002217b98a000, 0x000002217b98b000, 0x000002217b98c800, 0x000002217b98b800,
0x000002217b98e000, 0x000002217b98f000, 0x000002217b98f800, 0x000002210f7c4800,
0x000002210f7c3800, 0x000002210f7c7800, 0x000002210f7cb000, 0x000002210f7c8800,
0x000002210f7c9800, 0x000002210f7ca000, 0x000002210f7c5000, 0x000002210f7ce000,
0x000002210f7cb800, 0x000002210f7cc800, 0x000002210f7cd800, 0x000002210f7d0000,
0x000002210f7cf000, 0x000002210f7d1800, 0x000002210f7d2000, 0x000002210f7d0800,
0x000002217c43e800, 0x000002217c43c000, 0x000002217c43d800, 0x000002217c43f800,
0x000002217c440000, 0x0000022179c5d800, 0x0000022179c5e800, 0x0000022179c61000,
0x0000022179c5f000, 0x0000022179c63000, 0x0000022179c61800, 0x0000022179c65000,
0x0000022179c62800, 0x0000022179c60000, 0x0000022179c64000, 0x0000022179c67800,
0x0000022179c69000, 0x0000022179c6a000, 0x0000022179c68000, 0x0000022179c66800,
0x0000022179c6a800, 0x0000022179c6b800, 0x0000022179c65800, 0x0000022179c6c000,
0x000002217a97c800, 0x000002217a980000, 0x000002217a980800, 0x000002217a981800,
0x000002217a97e800, 0x000002217a97c000, 0x000002217a97d800, 0x000002217a982800,
0x000002217a97f000, 0x000002217fc80800, 0x000002217fc84800, 0x000002217fc81800,
0x000002217fc84000, 0x000002217fc82800, 0x000002217fc85800, 0x000002217fc83000,
0x000002217fc80000, 0x000002217fc8c000, 0x000002217fc86800, 0x000002217fc8b800,
0x000002217fc8d000, 0x000002217fc87000, 0x000002217fc89000, 0x000002217fc8d800,
0x000002217fc89800, 0x000002217fc8a800, 0x000002217fc88000, 0x000002217fc8e800,
0x000002217c50a800, 0x000002217c50f000, 0x000002217c50e800, 0x000002217c511000,
0x000002217c50b000, 0x000002217c50c000, 0x000002217c510000, 0x000002217c50c800,
0x000002217c511800, 0x000002217c512800, 0x000002217c513800, 0x000002217c50d800,
0x000002217c519000, 0x000002217c515000, 0x000002217c517800, 0x000002217c518000,
0x000002217c514000, 0x000002217c515800, 0x000002217c516800, 0x000002217f5b5000,
0x000002217f5b6800, 0x000002217f5b4000, 0x000002217f5b7800, 0x000002217f5b5800,
0x000002217f5ba800, 0x000002217f5bb800, 0x000002217f5ba000, 0x000002217f5bc000,
0x000002217f5be000, 0x000002217f5b8000, 0x000002217f5be800, 0x000002217f5b9000,
0x000002217f5c1000, 0x000002217f5c0800, 0x000002217f5bf800, 0x000002217f5c2000,
0x000002217f5c2800, 0x000002217f5bd000, 0x000002217cf20000, 0x000002217cf21800,
0x000002217cf20800
}

Java Threads: ( => current thread )
  0x000002216c60e000 JavaThread "main" [_thread_blocked, id=4108, stack(0x0000007d5c300000,0x0000007d5c400000)]
  0x0000022179050000 JavaThread "Reference Handler" daemon [_thread_blocked, id=6524, stack(0x0000007d5ca00000,0x0000007d5cb00000)]
  0x0000022179051800 JavaThread "Finalizer" daemon [_thread_blocked, id=5048, stack(0x0000007d5cb00000,0x0000007d5cc00000)]
  0x00000221799c3800 JavaThread "Signal Dispatcher" daemon [_thread_blocked, id=6436, stack(0x0000007d5cc00000,0x0000007d5cd00000)]
  0x0000022179057800 JavaThread "Attach Listener" daemon [_thread_blocked, id=6400, stack(0x0000007d5cd00000,0x0000007d5ce00000)]
=>0x0000022179058800 JavaThread "C2 CompilerThread0" daemon [_thread_in_native, id=8004, stack(0x0000007d5ce00000,0x0000007d5cf00000)]
  0x0000022179067000 JavaThread "C1 CompilerThread0" daemon [_thread_blocked, id=10136, stack(0x0000007d5cf00000,0x0000007d5d000000)]
  0x000002217906f800 JavaThread "Sweeper thread" daemon [_thread_blocked, id=1556, stack(0x0000007d5d000000,0x0000007d5d100000)]
  0x0000022179aff800 JavaThread "Common-Cleaner" daemon [_thread_blocked, id=6604, stack(0x0000007d5d100000,0x0000007d5d200000)]
  0x0000022179b69000 JavaThread "Service Thread" daemon [_thread_blocked, id=8408, stack(0x0000007d5d200000,0x0000007d5d300000)]
  0x000002217d368800 JavaThread "Daemon health stats" [_thread_blocked, id=9160, stack(0x0000007d5d800000,0x0000007d5d900000)]
  0x000002217ac3e800 JavaThread "Incoming local TCP Connector on port 64635" [_thread_in_native, id=5156, stack(0x0000007d5db00000,0x0000007d5dc00000)]
  0x000002217afb5800 JavaThread "Daemon periodic checks" [_thread_blocked, id=11936, stack(0x0000007d5dc00000,0x0000007d5dd00000)]
  0x000002217c441000 JavaThread "Cache worker for file hash cache (C:\Users\hP\.gradle\caches\6.7.1\fileHashes)" [_thread_blocked, id=12568, stack(0x0000007d5e500000,0x0000007d5e600000)]
  0x000002217c43b000 JavaThread "File lock request listener" [_thread_in_native, id=9412, stack(0x0000007d5e600000,0x0000007d5e700000)]
  0x000002217c441800 JavaThread "Cache worker for journal cache (C:\Users\hP\.gradle\caches\journal-1)" [_thread_blocked, id=11200, stack(0x0000007d5e700000,0x0000007d5e800000)]
  0x000002217c43d000 JavaThread "Cache worker for execution history cache (C:\Users\hP\.gradle\caches\6.7.1\executionHistory)" [_thread_blocked, id=10568, stack(0x0000007d5ee00000,0x0000007d5ef00000)]
  0x000002210f7c6000 JavaThread "Cache worker for file content cache (C:\Users\hP\.gradle\caches\6.7.1\fileContent)" [_thread_blocked, id=11696, stack(0x0000007d5f000000,0x0000007d5f100000)]
  0x000002217b982000 JavaThread "Memory manager" [_thread_blocked, id=6216, stack(0x0000007d65b00000,0x0000007d65c00000)]
  0x000002217b981000 JavaThread "Daemon Thread 2" [_thread_blocked, id=9872, stack(0x0000007d66b00000,0x0000007d66c00000)]
  0x000002217b984800 JavaThread "Handler for socket connection from /127.0.0.1:64635 to /127.0.0.1:64866" [_thread_in_native, id=8732, stack(0x0000007d66c00000,0x0000007d66d00000)]
  0x000002217b986000 JavaThread "Cancel handler" [_thread_blocked, id=12652, stack(0x0000007d66d00000,0x0000007d66e00000)]
  0x000002217b987000 JavaThread "Daemon worker Thread 2" [_thread_blocked, id=5748, stack(0x0000007d66e00000,0x0000007d66f00000)]
  0x000002217b982800 JavaThread "Asynchronous log dispatcher for DefaultDaemonConnection: socket connection from /127.0.0.1:64635 to /127.0.0.1:64866" [_thread_blocked, id=1924, stack(0x0000007d66f00000,0x0000007d67000000)]
  0x000002217b987800 JavaThread "Stdin handler" [_thread_blocked, id=6068, stack(0x0000007d67000000,0x0000007d67100000)]
  0x000002217b988800 JavaThread "Thread-132" [_thread_blocked, id=4720, stack(0x0000007d67100000,0x0000007d67200000)]
  0x000002217b989000 JavaThread "Cache worker for file hash cache (D:\study\s5\Mobile\Projet\Xtrend-App\.gradle\6.7.1\fileHashes)" [_thread_blocked, id=11148, stack(0x0000007d67200000,0x0000007d67300000)]
  0x000002217b983800 JavaThread "Cache worker for checksums cache (D:\study\s5\Mobile\Projet\Xtrend-App\.gradle\checksums)" [_thread_blocked, id=12764, stack(0x0000007d67300000,0x0000007d67400000)]
  0x000002217b98a000 JavaThread "Cache worker for cache directory md-supplier (C:\Users\hP\.gradle\caches\6.7.1\md-supplier)" [_thread_blocked, id=10652, stack(0x0000007d67400000,0x0000007d67500000)]
  0x000002217b98b000 JavaThread "Cache worker for cache directory md-rule (C:\Users\hP\.gradle\caches\6.7.1\md-rule)" [_thread_blocked, id=980, stack(0x0000007d67500000,0x0000007d67600000)]
  0x000002217b98c800 JavaThread "Cache worker for Build Output Cleanup Cache (D:\study\s5\Mobile\Projet\Xtrend-App\.gradle\buildOutputCleanup)" [_thread_blocked, id=10364, stack(0x0000007d67700000,0x0000007d67800000)]
  0x000002217b98b800 JavaThread "Build operations" [_thread_in_native, id=7256, stack(0x0000007d67800000,0x0000007d67900000)]
  0x000002217b98e000 JavaThread "Build operations Thread 2" [_thread_in_native, id=6228, stack(0x0000007d67900000,0x0000007d67a00000)]
  0x000002217b98f000 JavaThread "Build operations Thread 3" [_thread_in_native, id=10676, stack(0x0000007d67a00000,0x0000007d67b00000)]
  0x000002217b98f800 JavaThread "Build operations Thread 4" [_thread_blocked, id=7412, stack(0x0000007d67b00000,0x0000007d67c00000)]
  0x000002210f7c4800 JavaThread "jar transforms Thread 98" [_thread_blocked, id=11788, stack(0x0000007d67c00000,0x0000007d67d00000)]
  0x000002210f7c3800 JavaThread "jar transforms Thread 99" [_thread_blocked, id=5912, stack(0x0000007d67d00000,0x0000007d67e00000)]
  0x000002210f7c7800 JavaThread "jar transforms Thread 100" [_thread_blocked, id=8432, stack(0x0000007d67e00000,0x0000007d67f00000)]
  0x000002210f7cb000 JavaThread "jar transforms Thread 101" [_thread_blocked, id=6560, stack(0x0000007d67f00000,0x0000007d68000000)]
  0x000002210f7c8800 JavaThread "jar transforms Thread 102" [_thread_blocked, id=12664, stack(0x0000007d68000000,0x0000007d68100000)]
  0x000002210f7c9800 JavaThread "jar transforms Thread 103" [_thread_blocked, id=12320, stack(0x0000007d68100000,0x0000007d68200000)]
  0x000002210f7ca000 JavaThread "jar transforms Thread 104" [_thread_blocked, id=596, stack(0x0000007d68200000,0x0000007d68300000)]
  0x000002210f7c5000 JavaThread "jar transforms Thread 105" [_thread_blocked, id=680, stack(0x0000007d68300000,0x0000007d68400000)]
  0x000002210f7ce000 JavaThread "jar transforms Thread 106" [_thread_blocked, id=6804, stack(0x0000007d68400000,0x0000007d68500000)]
  0x000002210f7cb800 JavaThread "jar transforms Thread 107" [_thread_blocked, id=4664, stack(0x0000007d68500000,0x0000007d68600000)]
  0x000002210f7cc800 JavaThread "jar transforms Thread 108" [_thread_blocked, id=11088, stack(0x0000007d68600000,0x0000007d68700000)]
  0x000002210f7cd800 JavaThread "jar transforms Thread 109" [_thread_blocked, id=9616, stack(0x0000007d68700000,0x0000007d68800000)]
  0x000002210f7d0000 JavaThread "jar transforms Thread 110" [_thread_blocked, id=10760, stack(0x0000007d68800000,0x0000007d68900000)]
  0x000002210f7cf000 JavaThread "jar transforms Thread 111" [_thread_blocked, id=7028, stack(0x0000007d68900000,0x0000007d68a00000)]
  0x000002210f7d1800 JavaThread "jar transforms Thread 112" [_thread_blocked, id=32, stack(0x0000007d68a00000,0x0000007d68b00000)]
  0x000002210f7d2000 JavaThread "jar transforms Thread 113" [_thread_blocked, id=8072, stack(0x0000007d68b00000,0x0000007d68c00000)]
  0x000002210f7d0800 JavaThread "jar transforms Thread 114" [_thread_blocked, id=352, stack(0x0000007d68c00000,0x0000007d68d00000)]
  0x000002217c43e800 JavaThread "jar transforms Thread 115" [_thread_blocked, id=9136, stack(0x0000007d68d00000,0x0000007d68e00000)]
  0x000002217c43c000 JavaThread "jar transforms Thread 116" [_thread_blocked, id=6080, stack(0x0000007d68e00000,0x0000007d68f00000)]
  0x000002217c43d800 JavaThread "jar transforms Thread 117" [_thread_blocked, id=3304, stack(0x0000007d68f00000,0x0000007d69000000)]
  0x000002217c43f800 JavaThread "jar transforms Thread 118" [_thread_blocked, id=9752, stack(0x0000007d69000000,0x0000007d69100000)]
  0x000002217c440000 JavaThread "jar transforms Thread 119" [_thread_blocked, id=4652, stack(0x0000007d69100000,0x0000007d69200000)]
  0x0000022179c5d800 JavaThread "jar transforms Thread 120" [_thread_blocked, id=7020, stack(0x0000007d69200000,0x0000007d69300000)]
  0x0000022179c5e800 JavaThread "jar transforms Thread 121" [_thread_blocked, id=2756, stack(0x0000007d69300000,0x0000007d69400000)]
  0x0000022179c61000 JavaThread "jar transforms Thread 122" [_thread_blocked, id=11772, stack(0x0000007d69400000,0x0000007d69500000)]
  0x0000022179c5f000 JavaThread "jar transforms Thread 123" [_thread_blocked, id=12012, stack(0x0000007d69500000,0x0000007d69600000)]
  0x0000022179c63000 JavaThread "jar transforms Thread 124" [_thread_blocked, id=4752, stack(0x0000007d69600000,0x0000007d69700000)]
  0x0000022179c61800 JavaThread "jar transforms Thread 125" [_thread_blocked, id=11900, stack(0x0000007d69700000,0x0000007d69800000)]
  0x0000022179c65000 JavaThread "jar transforms Thread 126" [_thread_blocked, id=4200, stack(0x0000007d69800000,0x0000007d69900000)]
  0x0000022179c62800 JavaThread "jar transforms Thread 127" [_thread_blocked, id=4332, stack(0x0000007d69900000,0x0000007d69a00000)]
  0x0000022179c60000 JavaThread "jar transforms Thread 128" [_thread_blocked, id=10212, stack(0x0000007d69a00000,0x0000007d69b00000)]
  0x0000022179c64000 JavaThread "jar transforms Thread 129" [_thread_blocked, id=10332, stack(0x0000007d69b00000,0x0000007d69c00000)]
  0x0000022179c67800 JavaThread "jar transforms Thread 130" [_thread_blocked, id=11760, stack(0x0000007d69c00000,0x0000007d69d00000)]
  0x0000022179c69000 JavaThread "jar transforms Thread 131" [_thread_blocked, id=9368, stack(0x0000007d69d00000,0x0000007d69e00000)]
  0x0000022179c6a000 JavaThread "jar transforms Thread 132" [_thread_blocked, id=3868, stack(0x0000007d69e00000,0x0000007d69f00000)]
  0x0000022179c68000 JavaThread "jar transforms Thread 133" [_thread_blocked, id=7468, stack(0x0000007d69f00000,0x0000007d6a000000)]
  0x0000022179c66800 JavaThread "jar transforms Thread 134" [_thread_blocked, id=4480, stack(0x0000007d6a000000,0x0000007d6a100000)]
  0x0000022179c6a800 JavaThread "jar transforms Thread 135" [_thread_blocked, id=11220, stack(0x0000007d6a100000,0x0000007d6a200000)]
  0x0000022179c6b800 JavaThread "jar transforms Thread 136" [_thread_blocked, id=2128, stack(0x0000007d6a200000,0x0000007d6a300000)]
  0x0000022179c65800 JavaThread "jar transforms Thread 137" [_thread_blocked, id=6756, stack(0x0000007d6a300000,0x0000007d6a400000)]
  0x0000022179c6c000 JavaThread "jar transforms Thread 138" [_thread_blocked, id=13296, stack(0x0000007d6a400000,0x0000007d6a500000)]
  0x000002217a97c800 JavaThread "jar transforms Thread 139" [_thread_blocked, id=6720, stack(0x0000007d6a500000,0x0000007d6a600000)]
  0x000002217a980000 JavaThread "jar transforms Thread 140" [_thread_blocked, id=4084, stack(0x0000007d6a600000,0x0000007d6a700000)]
  0x000002217a980800 JavaThread "jar transforms Thread 141" [_thread_blocked, id=10108, stack(0x0000007d6a700000,0x0000007d6a800000)]
  0x000002217a981800 JavaThread "jar transforms Thread 142" [_thread_blocked, id=4404, stack(0x0000007d6a800000,0x0000007d6a900000)]
  0x000002217a97e800 JavaThread "jar transforms Thread 143" [_thread_blocked, id=8064, stack(0x0000007d6a900000,0x0000007d6aa00000)]
  0x000002217a97c000 JavaThread "jar transforms Thread 144" [_thread_blocked, id=5288, stack(0x0000007d6aa00000,0x0000007d6ab00000)]
  0x000002217a97d800 JavaThread "jar transforms Thread 145" [_thread_blocked, id=9444, stack(0x0000007d6ab00000,0x0000007d6ac00000)]
  0x000002217a982800 JavaThread "jar transforms Thread 146" [_thread_blocked, id=2156, stack(0x0000007d6ac00000,0x0000007d6ad00000)]
  0x000002217a97f000 JavaThread "jar transforms Thread 147" [_thread_blocked, id=5348, stack(0x0000007d6ad00000,0x0000007d6ae00000)]
  0x000002217fc80800 JavaThread "jar transforms Thread 148" [_thread_blocked, id=7640, stack(0x0000007d6ae00000,0x0000007d6af00000)]
  0x000002217fc84800 JavaThread "jar transforms Thread 149" [_thread_blocked, id=10008, stack(0x0000007d6af00000,0x0000007d6b000000)]
  0x000002217fc81800 JavaThread "jar transforms Thread 150" [_thread_blocked, id=2424, stack(0x0000007d6b000000,0x0000007d6b100000)]
  0x000002217fc84000 JavaThread "jar transforms Thread 151" [_thread_blocked, id=1848, stack(0x0000007d6b100000,0x0000007d6b200000)]
  0x000002217fc82800 JavaThread "jar transforms Thread 152" [_thread_blocked, id=9756, stack(0x0000007d6b200000,0x0000007d6b300000)]
  0x000002217fc85800 JavaThread "jar transforms Thread 153" [_thread_blocked, id=10172, stack(0x0000007d6b300000,0x0000007d6b400000)]
  0x000002217fc83000 JavaThread "jar transforms Thread 154" [_thread_blocked, id=12900, stack(0x0000007d6b400000,0x0000007d6b500000)]
  0x000002217fc80000 JavaThread "jar transforms Thread 155" [_thread_blocked, id=10768, stack(0x0000007d6b500000,0x0000007d6b600000)]
  0x000002217fc8c000 JavaThread "jar transforms Thread 156" [_thread_blocked, id=868, stack(0x0000007d6b600000,0x0000007d6b700000)]
  0x000002217fc86800 JavaThread "jar transforms Thread 157" [_thread_blocked, id=13188, stack(0x0000007d6b700000,0x0000007d6b800000)]
  0x000002217fc8b800 JavaThread "jar transforms Thread 158" [_thread_blocked, id=84, stack(0x0000007d6b800000,0x0000007d6b900000)]
  0x000002217fc8d000 JavaThread "jar transforms Thread 159" [_thread_blocked, id=12524, stack(0x0000007d6b900000,0x0000007d6ba00000)]
  0x000002217fc87000 JavaThread "jar transforms Thread 160" [_thread_blocked, id=10184, stack(0x0000007d6ba00000,0x0000007d6bb00000)]
  0x000002217fc89000 JavaThread "jar transforms Thread 161" [_thread_blocked, id=9980, stack(0x0000007d6bb00000,0x0000007d6bc00000)]
  0x000002217fc8d800 JavaThread "jar transforms Thread 162" [_thread_blocked, id=1780, stack(0x0000007d6bc00000,0x0000007d6bd00000)]
  0x000002217fc89800 JavaThread "jar transforms Thread 163" [_thread_blocked, id=4080, stack(0x0000007d6bd00000,0x0000007d6be00000)]
  0x000002217fc8a800 JavaThread "jar transforms Thread 164" [_thread_blocked, id=1712, stack(0x0000007d6be00000,0x0000007d6bf00000)]
  0x000002217fc88000 JavaThread "jar transforms Thread 165" [_thread_blocked, id=10460, stack(0x0000007d6bf00000,0x0000007d6c000000)]
  0x000002217fc8e800 JavaThread "jar transforms Thread 166" [_thread_blocked, id=11096, stack(0x0000007d6c000000,0x0000007d6c100000)]
  0x000002217c50a800 JavaThread "jar transforms Thread 167" [_thread_blocked, id=644, stack(0x0000007d6c100000,0x0000007d6c200000)]
  0x000002217c50f000 JavaThread "jar transforms Thread 168" [_thread_blocked, id=9068, stack(0x0000007d6c200000,0x0000007d6c300000)]
  0x000002217c50e800 JavaThread "jar transforms Thread 169" [_thread_blocked, id=3476, stack(0x0000007d6c300000,0x0000007d6c400000)]
  0x000002217c511000 JavaThread "jar transforms Thread 170" [_thread_blocked, id=5168, stack(0x0000007d6c400000,0x0000007d6c500000)]
  0x000002217c50b000 JavaThread "jar transforms Thread 171" [_thread_blocked, id=12404, stack(0x0000007d6c500000,0x0000007d6c600000)]
  0x000002217c50c000 JavaThread "jar transforms Thread 172" [_thread_blocked, id=876, stack(0x0000007d6c600000,0x0000007d6c700000)]
  0x000002217c510000 JavaThread "jar transforms Thread 173" [_thread_blocked, id=7356, stack(0x0000007d6c700000,0x0000007d6c800000)]
  0x000002217c50c800 JavaThread "jar transforms Thread 174" [_thread_blocked, id=5608, stack(0x0000007d6c800000,0x0000007d6c900000)]
  0x000002217c511800 JavaThread "jar transforms Thread 175" [_thread_blocked, id=10132, stack(0x0000007d6c900000,0x0000007d6ca00000)]
  0x000002217c512800 JavaThread "jar transforms Thread 176" [_thread_blocked, id=7540, stack(0x0000007d6ca00000,0x0000007d6cb00000)]
  0x000002217c513800 JavaThread "jar transforms Thread 177" [_thread_blocked, id=936, stack(0x0000007d6cb00000,0x0000007d6cc00000)]
  0x000002217c50d800 JavaThread "jar transforms Thread 178" [_thread_blocked, id=11568, stack(0x0000007d6cc00000,0x0000007d6cd00000)]
  0x000002217c519000 JavaThread "jar transforms Thread 179" [_thread_blocked, id=12952, stack(0x0000007d6cd00000,0x0000007d6ce00000)]
  0x000002217c515000 JavaThread "jar transforms Thread 180" [_thread_blocked, id=364, stack(0x0000007d6ce00000,0x0000007d6cf00000)]
  0x000002217c517800 JavaThread "jar transforms Thread 181" [_thread_blocked, id=7856, stack(0x0000007d6cf00000,0x0000007d6d000000)]
  0x000002217c518000 JavaThread "jar transforms Thread 182" [_thread_blocked, id=6780, stack(0x0000007d6d000000,0x0000007d6d100000)]
  0x000002217c514000 JavaThread "jar transforms Thread 183" [_thread_blocked, id=12080, stack(0x0000007d6d100000,0x0000007d6d200000)]
  0x000002217c515800 JavaThread "jar transforms Thread 184" [_thread_blocked, id=11708, stack(0x0000007d6d200000,0x0000007d6d300000)]
  0x000002217c516800 JavaThread "jar transforms Thread 185" [_thread_blocked, id=12292, stack(0x0000007d6d300000,0x0000007d6d400000)]
  0x000002217f5b5000 JavaThread "jar transforms Thread 186" [_thread_blocked, id=11508, stack(0x0000007d6d400000,0x0000007d6d500000)]
  0x000002217f5b6800 JavaThread "jar transforms Thread 187" [_thread_blocked, id=5588, stack(0x0000007d6d500000,0x0000007d6d600000)]
  0x000002217f5b4000 JavaThread "jar transforms Thread 188" [_thread_blocked, id=12044, stack(0x0000007d6d600000,0x0000007d6d700000)]
  0x000002217f5b7800 JavaThread "jar transforms Thread 189" [_thread_blocked, id=4936, stack(0x0000007d6d700000,0x0000007d6d800000)]
  0x000002217f5b5800 JavaThread "jar transforms Thread 190" [_thread_blocked, id=4384, stack(0x0000007d6d800000,0x0000007d6d900000)]
  0x000002217f5ba800 JavaThread "jar transforms Thread 191" [_thread_blocked, id=9860, stack(0x0000007d6d900000,0x0000007d6da00000)]
  0x000002217f5bb800 JavaThread "jar transforms Thread 192" [_thread_blocked, id=10716, stack(0x0000007d6da00000,0x0000007d6db00000)]
  0x000002217f5ba000 JavaThread "jar transforms Thread 193" [_thread_blocked, id=6452, stack(0x0000007d6db00000,0x0000007d6dc00000)]
  0x000002217f5bc000 JavaThread "jar transforms Thread 194" [_thread_blocked, id=8548, stack(0x0000007d6dc00000,0x0000007d6dd00000)]
  0x000002217f5be000 JavaThread "build event listener" [_thread_blocked, id=8084, stack(0x0000007d6de00000,0x0000007d6df00000)]
  0x000002217f5b8000 JavaThread "build event listener" [_thread_blocked, id=11252, stack(0x0000007d6df00000,0x0000007d6e000000)]
  0x000002217f5be800 JavaThread "Execution worker for ':'" [_thread_blocked, id=7000, stack(0x0000007d6e000000,0x0000007d6e100000)]
  0x000002217f5b9000 JavaThread "Execution worker for ':' Thread 2" [_thread_blocked, id=2092, stack(0x0000007d6e100000,0x0000007d6e200000)]
  0x000002217f5c1000 JavaThread "Execution worker for ':' Thread 3" [_thread_in_Java, id=12444, stack(0x0000007d6e200000,0x0000007d6e300000)]
  0x000002217f5c0800 JavaThread "Cache worker for execution history cache (D:\study\s5\Mobile\Projet\Xtrend-App\.gradle\6.7.1\executionHistory)" [_thread_blocked, id=9076, stack(0x0000007d6e300000,0x0000007d6e400000)]
  0x000002217f5bf800 JavaThread "Cache worker for Java compile cache (C:\Users\hP\.gradle\caches\6.7.1\javaCompile)" [_thread_blocked, id=1584, stack(0x0000007d6e800000,0x0000007d6e900000)]
  0x000002217f5c2000 JavaThread "Cache worker for Java compile cache (D:\study\s5\Mobile\Projet\Xtrend-App\.gradle\6.7.1\javaCompile)" [_thread_blocked, id=1432, stack(0x0000007d6e900000,0x0000007d6ea00000)]
  0x000002217f5c2800 JavaThread "WorkerExecutor Queue" [_thread_blocked, id=3016, stack(0x0000007d6f000000,0x0000007d6f100000)]
  0x000002217f5bd000 JavaThread "WorkerExecutor Queue Thread 2" [_thread_blocked, id=1912, stack(0x0000007d6f100000,0x0000007d6f200000)]
  0x000002217cf20000 JavaThread "WorkerExecutor Queue Thread 3" [_thread_blocked, id=4104, stack(0x0000007d6f200000,0x0000007d6f300000)]
  0x000002217cf21800 JavaThread "WorkerExecutor Queue Thread 5" [_thread_blocked, id=4420, stack(0x0000007d6f400000,0x0000007d6f500000)]
  0x000002217cf20800 JavaThread "C2 CompilerThread1" daemon [_thread_in_native, id=2676, stack(0x0000007d6f500000,0x0000007d6f600000)]

Other Threads:
  0x0000022179049000 VMThread "VM Thread" [stack: 0x0000007d5c900000,0x0000007d5ca00000] [id=4544]
  0x0000022179b69800 WatcherThread [stack: 0x0000007d5d300000,0x0000007d5d400000] [id=1076]
  0x000002216e5fc000 GCTaskThread "GC Thread#0" [stack: 0x0000007d5c400000,0x0000007d5c500000] [id=3472]
  0x000002217a0a7800 GCTaskThread "GC Thread#1" [stack: 0x0000007d5d500000,0x0000007d5d600000] [id=2152]
  0x0000022179ca2000 GCTaskThread "GC Thread#2" [stack: 0x0000007d5d600000,0x0000007d5d700000] [id=5028]
  0x000002217b3b6000 GCTaskThread "GC Thread#3" [stack: 0x0000007d5e400000,0x0000007d5e500000] [id=11412]
  0x000002216e62f000 ConcurrentGCThread "G1 Main Marker" [stack: 0x0000007d5c500000,0x0000007d5c600000] [id=11560]
  0x000002216e630800 ConcurrentGCThread "G1 Conc#0" [stack: 0x0000007d5c600000,0x0000007d5c700000] [id=6148]
  0x000002216e6b3000 ConcurrentGCThread "G1 Refine#0" [stack: 0x0000007d5c700000,0x0000007d5c800000] [id=10296]
  0x000002217b57e800 ConcurrentGCThread "G1 Refine#1" [stack: 0x0000007d66800000,0x0000007d66900000] [id=9292]
  0x000002217c6f9000 ConcurrentGCThread "G1 Refine#2" [stack: 0x0000007d66900000,0x0000007d66a00000] [id=7280]
  0x000002217aa2c000 ConcurrentGCThread "G1 Refine#3" [stack: 0x0000007d66a00000,0x0000007d66b00000] [id=6700]
  0x0000022178ea1800 ConcurrentGCThread "G1 Young RemSet Sampling" [stack: 0x0000007d5c800000,0x0000007d5c900000] [id=740]

Threads with active compile tasks:
C2 CompilerThread0 339360 12762       4       jdk.internal.org.objectweb.asm.Frame::execute (2264 bytes)
C2 CompilerThread1 339360 12821       4       java.io.ObjectOutputStream::writeClassDesc (60 bytes)

VM state:not at safepoint (normal execution)

VM Mutex/Monitor currently owned by a thread: None

Heap address: 0x0000000080000000, size: 2048 MB, Compressed Oops mode: 32-bit
Narrow klass base: 0x0000000000000000, Narrow klass shift: 3
Compressed class space size: 1073741824 Address: 0x0000000100000000

Heap:
 garbage-first heap   total 157696K, used 117759K [0x0000000080000000, 0x0000000100000000)
  region size 1024K, 26 young (26624K), 5 survivors (5120K)
 Metaspace       used 99549K, capacity 102254K, committed 102528K, reserved 1138688K
  class space    used 12818K, capacity 13862K, committed 13952K, reserved 1048576K
Heap Regions: E=young(eden), S=young(survivor), O=old, HS=humongous(starts), HC=humongous(continues), CS=collection set, F=free, A=archive, TAMS=top-at-mark-start (previous, next)
|   0|0x0000000080000000, 0x0000000080100000, 0x0000000080100000|100%| O|  |TAMS 0x0000000080100000, 0x0000000080000000| Complete 
|   1|0x0000000080100000, 0x0000000080200000, 0x0000000080200000|100%| O|  |TAMS 0x0000000080200000, 0x0000000080100000| Untracked 
|   2|0x0000000080200000, 0x0000000080300000, 0x0000000080300000|100%| O|  |TAMS 0x0000000080300000, 0x0000000080200000| Untracked 
|   3|0x0000000080300000, 0x0000000080400000, 0x0000000080400000|100%|HS|  |TAMS 0x0000000080400000, 0x0000000080300000| Complete 
|   4|0x0000000080400000, 0x0000000080500000, 0x0000000080500000|100%|HC|  |TAMS 0x0000000080500000, 0x0000000080400000| Complete 
|   5|0x0000000080500000, 0x0000000080600000, 0x0000000080600000|100%|HC|  |TAMS 0x0000000080600000, 0x0000000080500000| Complete 
|   6|0x0000000080600000, 0x0000000080600000, 0x0000000080700000|  0%| F|  |TAMS 0x0000000080600000, 0x0000000080600000| Untracked 
|   7|0x0000000080700000, 0x0000000080800000, 0x0000000080800000|100%| O|  |TAMS 0x0000000080800000, 0x0000000080700000| Untracked 
|   8|0x0000000080800000, 0x0000000080900000, 0x0000000080900000|100%| O|  |TAMS 0x0000000080900000, 0x0000000080800000| Untracked 
|   9|0x0000000080900000, 0x0000000080a00000, 0x0000000080a00000|100%| O|  |TAMS 0x0000000080a00000, 0x0000000080900000| Untracked 
|  10|0x0000000080a00000, 0x0000000080b00000, 0x0000000080b00000|100%| O|  |TAMS 0x0000000080b00000, 0x0000000080a00000| Untracked 
|  11|0x0000000080b00000, 0x0000000080c00000, 0x0000000080c00000|100%| O|  |TAMS 0x0000000080c00000, 0x0000000080b00000| Untracked 
|  12|0x0000000080c00000, 0x0000000080d00000, 0x0000000080d00000|100%| O|  |TAMS 0x0000000080d00000, 0x0000000080c00000| Untracked 
|  13|0x0000000080d00000, 0x0000000080e00000, 0x0000000080e00000|100%| O|  |TAMS 0x0000000080e00000, 0x0000000080d00000| Untracked 
|  14|0x0000000080e00000, 0x0000000080f00000, 0x0000000080f00000|100%| O|  |TAMS 0x0000000080f00000, 0x0000000080e00000| Untracked 
|  15|0x0000000080f00000, 0x0000000081000000, 0x0000000081000000|100%| O|  |TAMS 0x0000000081000000, 0x0000000080f00000| Untracked 
|  16|0x0000000081000000, 0x0000000081100000, 0x0000000081100000|100%|HS|  |TAMS 0x0000000081100000, 0x0000000081000000| Complete 
|  17|0x0000000081100000, 0x0000000081200000, 0x0000000081200000|100%|HS|  |TAMS 0x0000000081200000, 0x0000000081100000| Complete 
|  18|0x0000000081200000, 0x0000000081300000, 0x0000000081300000|100%|HC|  |TAMS 0x0000000081300000, 0x0000000081200000| Complete 
|  19|0x0000000081300000, 0x0000000081400000, 0x0000000081400000|100%| O|  |TAMS 0x0000000081400000, 0x0000000081300000| Untracked 
|  20|0x0000000081400000, 0x0000000081500000, 0x0000000081500000|100%| O|  |TAMS 0x0000000081500000, 0x0000000081400000| Complete 
|  21|0x0000000081500000, 0x0000000081600000, 0x0000000081600000|100%| O|  |TAMS 0x0000000081600000, 0x0000000081500000| Complete 
|  22|0x0000000081600000, 0x0000000081700000, 0x0000000081700000|100%| O|  |TAMS 0x0000000081700000, 0x0000000081600000| Untracked 
|  23|0x0000000081700000, 0x0000000081800000, 0x0000000081800000|100%| O|  |TAMS 0x0000000081800000, 0x0000000081700000| Untracked 
|  24|0x0000000081800000, 0x0000000081900000, 0x0000000081900000|100%| O|  |TAMS 0x0000000081900000, 0x0000000081800000| Untracked 
|  25|0x0000000081900000, 0x0000000081a00000, 0x0000000081a00000|100%| O|  |TAMS 0x0000000081a00000, 0x0000000081900000| Untracked 
|  26|0x0000000081a00000, 0x0000000081b00000, 0x0000000081b00000|100%| O|  |TAMS 0x0000000081b00000, 0x0000000081a00000| Complete 
|  27|0x0000000081b00000, 0x0000000081c00000, 0x0000000081c00000|100%| O|  |TAMS 0x0000000081c00000, 0x0000000081b00000| Untracked 
|  28|0x0000000081c00000, 0x0000000081d00000, 0x0000000081d00000|100%| O|  |TAMS 0x0000000081d00000, 0x0000000081c00000| Untracked 
|  29|0x0000000081d00000, 0x0000000081e00000, 0x0000000081e00000|100%| O|  |TAMS 0x0000000081e00000, 0x0000000081d00000| Untracked 
|  30|0x0000000081e00000, 0x0000000081f00000, 0x0000000081f00000|100%| O|  |TAMS 0x0000000081f00000, 0x0000000081e00000| Untracked 
|  31|0x0000000081f00000, 0x0000000082000000, 0x0000000082000000|100%| O|  |TAMS 0x0000000082000000, 0x0000000081f00000| Complete 
|  32|0x0000000082000000, 0x0000000082100000, 0x0000000082100000|100%| O|  |TAMS 0x0000000082100000, 0x0000000082000000| Complete 
|  33|0x0000000082100000, 0x0000000082200000, 0x0000000082200000|100%| O|  |TAMS 0x0000000082200000, 0x0000000082100000| Untracked 
|  34|0x0000000082200000, 0x0000000082300000, 0x0000000082300000|100%| O|  |TAMS 0x0000000082300000, 0x0000000082200000| Complete 
|  35|0x0000000082300000, 0x0000000082400000, 0x0000000082400000|100%| O|  |TAMS 0x0000000082400000, 0x0000000082300000| Untracked 
|  36|0x0000000082400000, 0x0000000082500000, 0x0000000082500000|100%| O|  |TAMS 0x0000000082500000, 0x0000000082400000| Untracked 
|  37|0x0000000082500000, 0x0000000082500000, 0x0000000082600000|  0%| F|  |TAMS 0x0000000082500000, 0x0000000082500000| Untracked 
|  38|0x0000000082600000, 0x0000000082700000, 0x0000000082700000|100%| O|  |TAMS 0x0000000082700000, 0x0000000082600000| Complete 
|  39|0x0000000082700000, 0x0000000082800000, 0x0000000082800000|100%| O|  |TAMS 0x0000000082800000, 0x0000000082700000| Untracked 
|  40|0x0000000082800000, 0x0000000082900000, 0x0000000082900000|100%| O|  |TAMS 0x0000000082900000, 0x0000000082800000| Untracked 
|  41|0x0000000082900000, 0x0000000082a00000, 0x0000000082a00000|100%| O|  |TAMS 0x0000000082a00000, 0x0000000082900000| Untracked 
|  42|0x0000000082a00000, 0x0000000082b00000, 0x0000000082b00000|100%| O|  |TAMS 0x0000000082b00000, 0x0000000082a00000| Untracked 
|  43|0x0000000082b00000, 0x0000000082c00000, 0x0000000082c00000|100%| O|  |TAMS 0x0000000082c00000, 0x0000000082b00000| Complete 
|  44|0x0000000082c00000, 0x0000000082d00000, 0x0000000082d00000|100%| O|  |TAMS 0x0000000082d00000, 0x0000000082c00000| Complete 
|  45|0x0000000082d00000, 0x0000000082e00000, 0x0000000082e00000|100%| O|  |TAMS 0x0000000082e00000, 0x0000000082d00000| Untracked 
|  46|0x0000000082e00000, 0x0000000082f00000, 0x0000000082f00000|100%| O|  |TAMS 0x0000000082f00000, 0x0000000082e00000| Untracked 
|  47|0x0000000082f00000, 0x0000000083000000, 0x0000000083000000|100%| O|  |TAMS 0x0000000083000000, 0x0000000082f00000| Untracked 
|  48|0x0000000083000000, 0x0000000083100000, 0x0000000083100000|100%| O|  |TAMS 0x0000000083100000, 0x0000000083000000| Complete 
|  49|0x0000000083100000, 0x0000000083200000, 0x0000000083200000|100%| O|  |TAMS 0x0000000083200000, 0x0000000083100000| Untracked 
|  50|0x0000000083200000, 0x0000000083300000, 0x0000000083300000|100%| O|  |TAMS 0x0000000083300000, 0x0000000083200000| Complete 
|  51|0x0000000083300000, 0x0000000083400000, 0x0000000083400000|100%| O|  |TAMS 0x0000000083400000, 0x0000000083300000| Complete 
|  52|0x0000000083400000, 0x0000000083500000, 0x0000000083500000|100%| O|  |TAMS 0x0000000083500000, 0x0000000083400000| Complete 
|  53|0x0000000083500000, 0x0000000083600000, 0x0000000083600000|100%| O|  |TAMS 0x0000000083600000, 0x0000000083500000| Complete 
|  54|0x0000000083600000, 0x0000000083700000, 0x0000000083700000|100%| O|  |TAMS 0x0000000083700000, 0x0000000083600000| Complete 
|  55|0x0000000083700000, 0x0000000083800000, 0x0000000083800000|100%| O|  |TAMS 0x0000000083800000, 0x0000000083700000| Complete 
|  56|0x0000000083800000, 0x0000000083900000, 0x0000000083900000|100%| O|  |TAMS 0x0000000083900000, 0x0000000083800000| Complete 
|  57|0x0000000083900000, 0x0000000083a00000, 0x0000000083a00000|100%| O|  |TAMS 0x0000000083a00000, 0x0000000083900000| Untracked 
|  58|0x0000000083a00000, 0x0000000083b00000, 0x0000000083b00000|100%| O|  |TAMS 0x0000000083b00000, 0x0000000083a00000| Complete 
|  59|0x0000000083b00000, 0x0000000083c00000, 0x0000000083c00000|100%| O|  |TAMS 0x0000000083c00000, 0x0000000083b00000| Complete 
|  60|0x0000000083c00000, 0x0000000083d00000, 0x0000000083d00000|100%| O|  |TAMS 0x0000000083d00000, 0x0000000083c00000| Untracked 
|  61|0x0000000083d00000, 0x0000000083e00000, 0x0000000083e00000|100%| O|  |TAMS 0x0000000083e00000, 0x0000000083d00000| Untracked 
|  62|0x0000000083e00000, 0x0000000083f00000, 0x0000000083f00000|100%| O|  |TAMS 0x0000000083f00000, 0x0000000083e00000| Complete 
|  63|0x0000000083f00000, 0x0000000084000000, 0x0000000084000000|100%| O|  |TAMS 0x0000000084000000, 0x0000000083f00000| Complete 
|  64|0x0000000084000000, 0x0000000084000000, 0x0000000084100000|  0%| F|  |TAMS 0x0000000084000000, 0x0000000084000000| Untracked 
|  65|0x0000000084100000, 0x0000000084200000, 0x0000000084200000|100%| O|  |TAMS 0x0000000084200000, 0x0000000084100000| Untracked 
|  66|0x0000000084200000, 0x0000000084300000, 0x0000000084300000|100%| O|  |TAMS 0x0000000084300000, 0x0000000084200000| Untracked 
|  67|0x0000000084300000, 0x0000000084400000, 0x0000000084400000|100%| O|  |TAMS 0x0000000084400000, 0x0000000084300000| Untracked 
|  68|0x0000000084400000, 0x0000000084500000, 0x0000000084500000|100%|HS|  |TAMS 0x0000000084500000, 0x0000000084400000| Complete 
|  69|0x0000000084500000, 0x0000000084600000, 0x0000000084600000|100%|HC|  |TAMS 0x0000000084600000, 0x0000000084500000| Complete 
|  70|0x0000000084600000, 0x0000000084700000, 0x0000000084700000|100%| O|  |TAMS 0x0000000084700000, 0x0000000084600000| Untracked 
|  71|0x0000000084700000, 0x0000000084800000, 0x0000000084800000|100%| O|  |TAMS 0x0000000084800000, 0x0000000084700000| Untracked 
|  72|0x0000000084800000, 0x0000000084900000, 0x0000000084900000|100%| O|  |TAMS 0x0000000084900000, 0x0000000084800000| Complete 
|  73|0x0000000084900000, 0x0000000084a00000, 0x0000000084a00000|100%| O|  |TAMS 0x0000000084a00000, 0x0000000084900000| Complete 
|  74|0x0000000084a00000, 0x0000000084b00000, 0x0000000084b00000|100%| O|  |TAMS 0x0000000084b00000, 0x0000000084a00000| Complete 
|  75|0x0000000084b00000, 0x0000000084c00000, 0x0000000084c00000|100%| O|  |TAMS 0x0000000084c00000, 0x0000000084b00000| Complete 
|  76|0x0000000084c00000, 0x0000000084d00000, 0x0000000084d00000|100%| O|  |TAMS 0x0000000084d00000, 0x0000000084c00000| Complete 
|  77|0x0000000084d00000, 0x0000000084e00000, 0x0000000084e00000|100%| O|  |TAMS 0x0000000084e00000, 0x0000000084d00000| Complete 
|  78|0x0000000084e00000, 0x0000000084f00000, 0x0000000084f00000|100%| O|  |TAMS 0x0000000084f00000, 0x0000000084e00000| Untracked 
|  79|0x0000000084f00000, 0x0000000085000000, 0x0000000085000000|100%| O|  |TAMS 0x0000000085000000, 0x0000000084f00000| Complete 
|  80|0x0000000085000000, 0x0000000085100000, 0x0000000085100000|100%| O|  |TAMS 0x0000000085100000, 0x0000000085000000| Complete 
|  81|0x0000000085100000, 0x0000000085200000, 0x0000000085200000|100%| O|  |TAMS 0x0000000085200000, 0x0000000085100000| Complete 
|  82|0x0000000085200000, 0x0000000085300000, 0x0000000085300000|100%|HS|  |TAMS 0x0000000085300000, 0x0000000085200000| Complete 
|  83|0x0000000085300000, 0x0000000085400000, 0x0000000085400000|100%|HC|  |TAMS 0x0000000085400000, 0x0000000085300000| Complete 
|  84|0x0000000085400000, 0x0000000085500000, 0x0000000085500000|100%| O|  |TAMS 0x0000000085500000, 0x0000000085400000| Complete 
|  85|0x0000000085500000, 0x0000000085600000, 0x0000000085600000|100%| O|  |TAMS 0x0000000085600000, 0x0000000085500000| Complete 
|  86|0x0000000085600000, 0x0000000085700000, 0x0000000085700000|100%| O|  |TAMS 0x0000000085700000, 0x0000000085600000| Complete 
|  87|0x0000000085700000, 0x0000000085800000, 0x0000000085800000|100%| O|  |TAMS 0x0000000085800000, 0x0000000085700000| Complete 
|  88|0x0000000085800000, 0x0000000085900000, 0x0000000085900000|100%| O|  |TAMS 0x0000000085900000, 0x0000000085800000| Complete 
|  89|0x0000000085900000, 0x0000000085a00000, 0x0000000085a00000|100%| O|  |TAMS 0x0000000085a00000, 0x0000000085900000| Untracked 
|  90|0x0000000085a00000, 0x0000000085b00000, 0x0000000085b00000|100%| O|  |TAMS 0x0000000085b00000, 0x0000000085a00000| Untracked 
|  91|0x0000000085b00000, 0x0000000085c00000, 0x0000000085c00000|100%| O|  |TAMS 0x0000000085c00000, 0x0000000085b00000| Untracked 
|  92|0x0000000085c00000, 0x0000000085d00000, 0x0000000085d00000|100%| O|  |TAMS 0x0000000085d00000, 0x0000000085c00000| Complete 
|  93|0x0000000085d00000, 0x0000000085e00000, 0x0000000085e00000|100%| O|  |TAMS 0x0000000085e00000, 0x0000000085d00000| Untracked 
|  94|0x0000000085e00000, 0x0000000085e00000, 0x0000000085f00000|  0%| F|  |TAMS 0x0000000085e00000, 0x0000000085e00000| Untracked 
|  95|0x0000000085f00000, 0x0000000085f00000, 0x0000000086000000|  0%| F|  |TAMS 0x0000000085f00000, 0x0000000085f00000| Untracked 
|  96|0x0000000086000000, 0x0000000086000000, 0x0000000086100000|  0%| F|  |TAMS 0x0000000086000000, 0x0000000086000000| Untracked 
|  97|0x0000000086100000, 0x0000000086100000, 0x0000000086200000|  0%| F|  |TAMS 0x0000000086100000, 0x0000000086100000| Untracked 
|  98|0x0000000086200000, 0x0000000086200000, 0x0000000086300000|  0%| F|  |TAMS 0x0000000086200000, 0x0000000086200000| Untracked 
|  99|0x0000000086300000, 0x0000000086300000, 0x0000000086400000|  0%| F|  |TAMS 0x0000000086300000, 0x0000000086300000| Untracked 
| 100|0x0000000086400000, 0x0000000086400000, 0x0000000086500000|  0%| F|  |TAMS 0x0000000086400000, 0x0000000086400000| Untracked 
| 101|0x0000000086500000, 0x0000000086500000, 0x0000000086600000|  0%| F|  |TAMS 0x0000000086500000, 0x0000000086500000| Untracked 
| 102|0x0000000086600000, 0x0000000086600000, 0x0000000086700000|  0%| F|  |TAMS 0x0000000086600000, 0x0000000086600000| Untracked 
| 103|0x0000000086700000, 0x0000000086700000, 0x0000000086800000|  0%| F|  |TAMS 0x0000000086700000, 0x0000000086700000| Untracked 
| 104|0x0000000086800000, 0x0000000086800000, 0x0000000086900000|  0%| F|  |TAMS 0x0000000086800000, 0x0000000086800000| Untracked 
| 105|0x0000000086900000, 0x0000000086900000, 0x0000000086a00000|  0%| F|  |TAMS 0x0000000086900000, 0x0000000086900000| Untracked 
| 106|0x0000000086a00000, 0x0000000086a00000, 0x0000000086b00000|  0%| F|  |TAMS 0x0000000086a00000, 0x0000000086a00000| Untracked 
| 107|0x0000000086b00000, 0x0000000086b00000, 0x0000000086c00000|  0%| F|  |TAMS 0x0000000086b00000, 0x0000000086b00000| Untracked 
| 108|0x0000000086c00000, 0x0000000086c00000, 0x0000000086d00000|  0%| F|  |TAMS 0x0000000086c00000, 0x0000000086c00000| Untracked 
| 109|0x0000000086d00000, 0x0000000086d00000, 0x0000000086e00000|  0%| F|  |TAMS 0x0000000086d00000, 0x0000000086d00000| Untracked 
| 110|0x0000000086e00000, 0x0000000086e00000, 0x0000000086f00000|  0%| F|  |TAMS 0x0000000086e00000, 0x0000000086e00000| Untracked 
| 111|0x0000000086f00000, 0x0000000086f00000, 0x0000000087000000|  0%| F|  |TAMS 0x0000000086f00000, 0x0000000086f00000| Untracked 
| 112|0x0000000087000000, 0x0000000087000000, 0x0000000087100000|  0%| F|  |TAMS 0x0000000087000000, 0x0000000087000000| Untracked 
| 113|0x0000000087100000, 0x0000000087200000, 0x0000000087200000|100%| S|CS|TAMS 0x0000000087100000, 0x0000000087100000| Complete 
| 114|0x0000000087200000, 0x0000000087300000, 0x0000000087300000|100%| S|CS|TAMS 0x0000000087200000, 0x0000000087200000| Complete 
| 115|0x0000000087300000, 0x0000000087400000, 0x0000000087400000|100%| S|CS|TAMS 0x0000000087300000, 0x0000000087300000| Complete 
| 116|0x0000000087400000, 0x0000000087500000, 0x0000000087500000|100%| S|CS|TAMS 0x0000000087400000, 0x0000000087400000| Complete 
| 117|0x0000000087500000, 0x0000000087600000, 0x0000000087600000|100%| S|CS|TAMS 0x0000000087500000, 0x0000000087500000| Complete 
| 118|0x0000000087600000, 0x0000000087600000, 0x0000000087700000|  0%| F|  |TAMS 0x0000000087600000, 0x0000000087600000| Untracked 
| 119|0x0000000087700000, 0x0000000087700000, 0x0000000087800000|  0%| F|  |TAMS 0x0000000087700000, 0x0000000087700000| Untracked 
| 120|0x0000000087800000, 0x0000000087800000, 0x0000000087900000|  0%| F|  |TAMS 0x0000000087800000, 0x0000000087800000| Untracked 
| 121|0x0000000087900000, 0x0000000087900000, 0x0000000087a00000|  0%| F|  |TAMS 0x0000000087900000, 0x0000000087900000| Untracked 
| 122|0x0000000087a00000, 0x0000000087a00000, 0x0000000087b00000|  0%| F|  |TAMS 0x0000000087a00000, 0x0000000087a00000| Untracked 
| 123|0x0000000087b00000, 0x0000000087b00000, 0x0000000087c00000|  0%| F|  |TAMS 0x0000000087b00000, 0x0000000087b00000| Untracked 
| 124|0x0000000087c00000, 0x0000000087c00000, 0x0000000087d00000|  0%| F|  |TAMS 0x0000000087c00000, 0x0000000087c00000| Untracked 
| 125|0x0000000087d00000, 0x0000000087d00000, 0x0000000087e00000|  0%| F|  |TAMS 0x0000000087d00000, 0x0000000087d00000| Untracked 
| 126|0x0000000087e00000, 0x0000000087e00000, 0x0000000087f00000|  0%| F|  |TAMS 0x0000000087e00000, 0x0000000087e00000| Untracked 
| 127|0x0000000087f00000, 0x0000000087f00000, 0x0000000088000000|  0%| F|  |TAMS 0x0000000087f00000, 0x0000000087f00000| Untracked 
| 128|0x0000000088000000, 0x0000000088000000, 0x0000000088100000|  0%| F|  |TAMS 0x0000000088000000, 0x0000000088000000| Untracked 
| 129|0x0000000088100000, 0x0000000088100000, 0x0000000088200000|  0%| F|  |TAMS 0x0000000088100000, 0x0000000088100000| Untracked 
| 130|0x0000000088200000, 0x0000000088200000, 0x0000000088300000|  0%| F|  |TAMS 0x0000000088200000, 0x0000000088200000| Untracked 
| 131|0x0000000088300000, 0x0000000088300000, 0x0000000088400000|  0%| F|  |TAMS 0x0000000088300000, 0x0000000088300000| Untracked 
| 132|0x0000000088400000, 0x00000000884a8470, 0x0000000088500000| 65%| E|  |TAMS 0x0000000088400000, 0x0000000088400000| Complete 
| 133|0x0000000088500000, 0x0000000088600000, 0x0000000088600000|100%| E|CS|TAMS 0x0000000088500000, 0x0000000088500000| Complete 
| 134|0x0000000088600000, 0x0000000088700000, 0x0000000088700000|100%| E|CS|TAMS 0x0000000088600000, 0x0000000088600000| Complete 
| 135|0x0000000088700000, 0x0000000088800000, 0x0000000088800000|100%| E|CS|TAMS 0x0000000088700000, 0x0000000088700000| Complete 
| 136|0x0000000088800000, 0x0000000088900000, 0x0000000088900000|100%| E|CS|TAMS 0x0000000088800000, 0x0000000088800000| Complete 
| 137|0x0000000088900000, 0x0000000088a00000, 0x0000000088a00000|100%| E|  |TAMS 0x0000000088900000, 0x0000000088900000| Complete 
| 138|0x0000000088a00000, 0x0000000088b00000, 0x0000000088b00000|100%| E|CS|TAMS 0x0000000088a00000, 0x0000000088a00000| Complete 
| 139|0x0000000088b00000, 0x0000000088c00000, 0x0000000088c00000|100%| E|CS|TAMS 0x0000000088b00000, 0x0000000088b00000| Complete 
| 140|0x0000000088c00000, 0x0000000088d00000, 0x0000000088d00000|100%| E|CS|TAMS 0x0000000088c00000, 0x0000000088c00000| Complete 
| 141|0x0000000088d00000, 0x0000000088e00000, 0x0000000088e00000|100%| E|CS|TAMS 0x0000000088d00000, 0x0000000088d00000| Complete 
| 142|0x0000000088e00000, 0x0000000088f00000, 0x0000000088f00000|100%| E|CS|TAMS 0x0000000088e00000, 0x0000000088e00000| Complete 
| 143|0x0000000088f00000, 0x0000000089000000, 0x0000000089000000|100%| E|CS|TAMS 0x0000000088f00000, 0x0000000088f00000| Complete 
| 144|0x0000000089000000, 0x0000000089100000, 0x0000000089100000|100%| E|CS|TAMS 0x0000000089000000, 0x0000000089000000| Complete 
| 145|0x0000000089100000, 0x0000000089200000, 0x0000000089200000|100%| E|CS|TAMS 0x0000000089100000, 0x0000000089100000| Complete 
| 146|0x0000000089200000, 0x0000000089300000, 0x0000000089300000|100%| E|CS|TAMS 0x0000000089200000, 0x0000000089200000| Complete 
| 147|0x0000000089300000, 0x00000000893ffff8, 0x0000000089400000| 99%| E|CS|TAMS 0x0000000089300000, 0x0000000089300000| Complete 
| 148|0x0000000089400000, 0x0000000089500000, 0x0000000089500000|100%| E|CS|TAMS 0x0000000089400000, 0x0000000089400000| Complete 
| 149|0x0000000089500000, 0x0000000089600000, 0x0000000089600000|100%| E|CS|TAMS 0x0000000089500000, 0x0000000089500000| Complete 
| 150|0x0000000089600000, 0x0000000089700000, 0x0000000089700000|100%| E|CS|TAMS 0x0000000089600000, 0x0000000089600000| Complete 
| 151|0x0000000089700000, 0x0000000089800000, 0x0000000089800000|100%| E|CS|TAMS 0x0000000089700000, 0x0000000089700000| Complete 
| 152|0x0000000089800000, 0x0000000089900000, 0x0000000089900000|100%| E|CS|TAMS 0x0000000089800000, 0x0000000089800000| Complete 
| 153|0x0000000089900000, 0x0000000089a00000, 0x0000000089a00000|100%| E|CS|TAMS 0x0000000089900000, 0x0000000089900000| Complete 

Card table byte_map: [0x0000022172360000,0x0000022172760000] _byte_map_base: 0x0000022171f60000

Marking Bits (Prev, Next): (CMBitMap*) 0x000002216e626070, (CMBitMap*) 0x000002216e626038
 Prev Bits: [0x0000022174b60000, 0x0000022176b60000)
 Next Bits: [0x0000022172b60000, 0x0000022174b60000)

Polling page: 0x000002216ddc0000

Metaspace:

Usage:
  Non-class:     86.32 MB capacity,    84.70 MB ( 98%) used,     1.32 MB (  2%) free+waste,   306.19 KB ( <1%) overhead. 
      Class:     13.54 MB capacity,    12.52 MB ( 92%) used,   897.98 KB (  6%) free+waste,   145.88 KB (  1%) overhead. 
       Both:     99.86 MB capacity,    97.22 MB ( 97%) used,     2.20 MB (  2%) free+waste,   452.06 KB ( <1%) overhead. 

Virtual space:
  Non-class space:       88.00 MB reserved,      86.50 MB ( 98%) committed 
      Class space:        1.00 GB reserved,      13.63 MB (  1%) committed 
             Both:        1.09 GB reserved,     100.13 MB (  9%) committed 

Chunk freelists:
   Non-Class:  56.00 KB
       Class:  25.00 KB
        Both:  81.00 KB

MaxMetaspaceSize: 17179869184.00 GB
CompressedClassSpaceSize: 1.00 GB

CodeHeap 'non-profiled nmethods': size=120064Kb used=9300Kb max_used=9300Kb free=110764Kb
 bounds [0x0000022107ac0000, 0x00000221083e0000, 0x000002210f000000]
CodeHeap 'profiled nmethods': size=120000Kb used=27366Kb max_used=27366Kb free=92633Kb
 bounds [0x0000022100590000, 0x0000022102050000, 0x0000022107ac0000]
CodeHeap 'non-nmethods': size=5696Kb used=2283Kb max_used=2318Kb free=3412Kb
 bounds [0x0000022100000000, 0x0000022100270000, 0x0000022100590000]
 total_blobs=13473 nmethods=12587 adapters=796
 compilation: enabled
              stopped_count=0, restarted_count=0
 full_count=0

Compilation events (20 events):
Event: 338.767 Thread 0x0000022179067000 12799       3       com.android.tools.r8.dex.j::l (8 bytes)
Event: 338.767 Thread 0x0000022179067000 nmethod 12799 0x0000022102023310 code [0x00000221020234c0, 0x0000022102023638]
Event: 338.769 Thread 0x0000022179067000 12800       3       java.nio.HeapByteBuffer::put (16 bytes)
Event: 338.769 Thread 0x0000022179067000 nmethod 12800 0x0000022102023710 code [0x00000221020238e0, 0x0000022102023ba8]
Event: 338.772 Thread 0x0000022179067000 12801       3       com.android.tools.r8.dex.j::k (8 bytes)
Event: 338.772 Thread 0x0000022179067000 nmethod 12801 0x0000022102023d10 code [0x0000022102023ec0, 0x0000022102023fd8]
Event: 338.775 Thread 0x0000022179067000 12802       3       com.android.tools.r8.w.a.a.a.h.V0$b::next (13 bytes)
Event: 338.775 Thread 0x0000022179067000 nmethod 12802 0x0000022102024090 code [0x0000022102024260, 0x0000022102024448]
Event: 338.775 Thread 0x0000022179067000 12803       3       com.android.tools.r8.w.a.a.a.h.V0$f::m (60 bytes)
Event: 338.776 Thread 0x0000022179067000 nmethod 12803 0x0000022102024590 code [0x0000022102024760, 0x0000022102024b28]
Event: 338.776 Thread 0x0000022179067000 12804       3       com.android.tools.r8.w.a.a.a.h.V0::a (109 bytes)
Event: 338.776 Thread 0x0000022179067000 nmethod 12804 0x0000022102024c90 code [0x0000022102024e80, 0x0000022102025368]
Event: 338.776 Thread 0x0000022179067000 12805       3       com.android.tools.r8.dex.m::g (14 bytes)
Event: 338.777 Thread 0x0000022179067000 nmethod 12805 0x0000022102025610 code [0x00000221020257e0, 0x0000022102025a58]
Event: 338.777 Thread 0x0000022179067000 12806       3       com.android.tools.r8.dex.j::d (10 bytes)
Event: 338.777 Thread 0x0000022179067000 nmethod 12806 0x0000022102025b90 code [0x0000022102025d40, 0x0000022102025f08]
Event: 338.777 Thread 0x0000022179067000 12808       3       com.android.tools.r8.graph.C1::a (96 bytes)
Event: 338.777 Thread 0x0000022179067000 nmethod 12808 0x0000022102026010 code [0x00000221020261e0, 0x0000022102026448]
Event: 338.777 Thread 0x0000022179067000 12807       3       jdk.internal.misc.Unsafe::putShortUnaligned (14 bytes)
Event: 338.778 Thread 0x0000022179067000 nmethod 12807 0x0000022102026590 code [0x0000022102026740, 0x0000022102026978]

GC Heap History (20 events):
Event: 31.624 GC heap before
{Heap before GC invocations=18 (full 0):
 garbage-first heap   total 157696K, used 122732K [0x0000000080000000, 0x0000000100000000)
  region size 1024K, 65 young (66560K), 5 survivors (5120K)
 Metaspace       used 76490K, capacity 78317K, committed 78464K, reserved 1118208K
  class space    used 9894K, capacity 10547K, committed 10624K, reserved 1048576K
}
Event: 31.635 GC heap after
{Heap after GC invocations=19 (full 0):
 garbage-first heap   total 157696K, used 64898K [0x0000000080000000, 0x0000000100000000)
  region size 1024K, 7 young (7168K), 7 survivors (7168K)
 Metaspace       used 76490K, capacity 78317K, committed 78464K, reserved 1118208K
  class space    used 9894K, capacity 10547K, committed 10624K, reserved 1048576K
}
Event: 32.775 GC heap before
{Heap before GC invocations=19 (full 0):
 garbage-first heap   total 157696K, used 125314K [0x0000000080000000, 0x0000000100000000)
  region size 1024K, 67 young (68608K), 7 survivors (7168K)
 Metaspace       used 76643K, capacity 78531K, committed 78720K, reserved 1118208K
  class space    used 9905K, capacity 10551K, committed 10624K, reserved 1048576K
}
Event: 32.788 GC heap after
{Heap after GC invocations=20 (full 0):
 garbage-first heap   total 157696K, used 67414K [0x0000000080000000, 0x0000000100000000)
  region size 1024K, 6 young (6144K), 6 survivors (6144K)
 Metaspace       used 76643K, capacity 78531K, committed 78720K, reserved 1118208K
  class space    used 9905K, capacity 10551K, committed 10624K, reserved 1048576K
}
Event: 318.486 GC heap before
{Heap before GC invocations=20 (full 0):
 garbage-first heap   total 157696K, used 126806K [0x0000000080000000, 0x0000000100000000)
  region size 1024K, 65 young (66560K), 6 survivors (6144K)
 Metaspace       used 80327K, capacity 82188K, committed 82304K, reserved 1120256K
  class space    used 10184K, capacity 10836K, committed 10880K, reserved 1048576K
}
Event: 318.502 GC heap after
{Heap after GC invocations=21 (full 0):
 garbage-first heap   total 157696K, used 69486K [0x0000000080000000, 0x0000000100000000)
  region size 1024K, 5 young (5120K), 5 survivors (5120K)
 Metaspace       used 80327K, capacity 82188K, committed 82304K, reserved 1120256K
  class space    used 10184K, capacity 10836K, committed 10880K, reserved 1048576K
}
Event: 323.154 GC heap before
{Heap before GC invocations=21 (full 0):
 garbage-first heap   total 157696K, used 128878K [0x0000000080000000, 0x0000000100000000)
  region size 1024K, 64 young (65536K), 5 survivors (5120K)
 Metaspace       used 80943K, capacity 82809K, committed 83072K, reserved 1122304K
  class space    used 10193K, capacity 10851K, committed 10880K, reserved 1048576K
}
Event: 323.172 GC heap after
{Heap after GC invocations=22 (full 0):
 garbage-first heap   total 157696K, used 73140K [0x0000000080000000, 0x0000000100000000)
  region size 1024K, 7 young (7168K), 7 survivors (7168K)
 Metaspace       used 80943K, capacity 82809K, committed 83072K, reserved 1122304K
  class space    used 10193K, capacity 10851K, committed 10880K, reserved 1048576K
}
Event: 326.036 GC heap before
{Heap before GC invocations=22 (full 0):
 garbage-first heap   total 157696K, used 128436K [0x0000000080000000, 0x0000000100000000)
  region size 1024K, 62 young (63488K), 7 survivors (7168K)
 Metaspace       used 81657K, capacity 83604K, committed 83712K, reserved 1122304K
  class space    used 10314K, capacity 10991K, committed 11008K, reserved 1048576K
}
Event: 326.057 GC heap after
{Heap after GC invocations=23 (full 0):
 garbage-first heap   total 157696K, used 76768K [0x0000000080000000, 0x0000000100000000)
  region size 1024K, 8 young (8192K), 8 survivors (8192K)
 Metaspace       used 81657K, capacity 83604K, committed 83712K, reserved 1122304K
  class space    used 10314K, capacity 10991K, committed 11008K, reserved 1048576K
}
Event: 332.456 GC heap before
{Heap before GC invocations=23 (full 0):
 garbage-first heap   total 157696K, used 131040K [0x0000000080000000, 0x0000000100000000)
  region size 1024K, 60 young (61440K), 8 survivors (8192K)
 Metaspace       used 88640K, capacity 90664K, committed 90752K, reserved 1128448K
  class space    used 11173K, capacity 11894K, committed 11904K, reserved 1048576K
}
Event: 332.481 GC heap after
{Heap after GC invocations=24 (full 0):
 garbage-first heap   total 157696K, used 86247K [0x0000000080000000, 0x0000000100000000)
  region size 1024K, 8 young (8192K), 8 survivors (8192K)
 Metaspace       used 88640K, capacity 90664K, committed 90752K, reserved 1128448K
  class space    used 11173K, capacity 11894K, committed 11904K, reserved 1048576K
}
Event: 334.612 GC heap before
{Heap before GC invocations=24 (full 0):
 garbage-first heap   total 157696K, used 127207K [0x0000000080000000, 0x0000000100000000)
  region size 1024K, 49 young (50176K), 8 survivors (8192K)
 Metaspace       used 90235K, capacity 92349K, committed 92544K, reserved 1130496K
  class space    used 11357K, capacity 12127K, committed 12160K, reserved 1048576K
}
Event: 334.636 GC heap after
{Heap after GC invocations=25 (full 0):
 garbage-first heap   total 157696K, used 88861K [0x0000000080000000, 0x0000000100000000)
  region size 1024K, 5 young (5120K), 5 survivors (5120K)
 Metaspace       used 90235K, capacity 92349K, committed 92544K, reserved 1130496K
  class space    used 11357K, capacity 12127K, committed 12160K, reserved 1048576K
}
Event: 337.398 GC heap before
{Heap before GC invocations=26 (full 0):
 garbage-first heap   total 157696K, used 129821K [0x0000000080000000, 0x0000000100000000)
  region size 1024K, 44 young (45056K), 5 survivors (5120K)
 Metaspace       used 92113K, capacity 94347K, committed 94720K, reserved 1132544K
  class space    used 11623K, capacity 12420K, committed 12544K, reserved 1048576K
}
Event: 337.412 GC heap after
{Heap after GC invocations=27 (full 0):
 garbage-first heap   total 157696K, used 94221K [0x0000000080000000, 0x0000000100000000)
  region size 1024K, 4 young (4096K), 4 survivors (4096K)
 Metaspace       used 92113K, capacity 94347K, committed 94720K, reserved 1132544K
  class space    used 11623K, capacity 12420K, committed 12544K, reserved 1048576K
}
Event: 337.563 GC heap before
{Heap before GC invocations=27 (full 0):
 garbage-first heap   total 157696K, used 96269K [0x0000000080000000, 0x0000000100000000)
  region size 1024K, 7 young (7168K), 4 survivors (4096K)
 Metaspace       used 92796K, capacity 95041K, committed 95232K, reserved 1132544K
  class space    used 11732K, capacity 12527K, committed 12544K, reserved 1048576K
}
Event: 337.575 GC heap after
{Heap after GC invocations=28 (full 0):
 garbage-first heap   total 157696K, used 93070K [0x0000000080000000, 0x0000000100000000)
  region size 1024K, 1 young (1024K), 1 survivors (1024K)
 Metaspace       used 92796K, capacity 95041K, committed 95232K, reserved 1132544K
  class space    used 11732K, capacity 12527K, committed 12544K, reserved 1048576K
}
Event: 338.725 GC heap before
{Heap before GC invocations=28 (full 0):
 garbage-first heap   total 157696K, used 127886K [0x0000000080000000, 0x0000000100000000)
  region size 1024K, 36 young (36864K), 1 survivors (1024K)
 Metaspace       used 99279K, capacity 101907K, committed 102144K, reserved 1138688K
  class space    used 12776K, capacity 13791K, committed 13824K, reserved 1048576K
}
Event: 338.740 GC heap after
{Heap after GC invocations=29 (full 0):
 garbage-first heap   total 157696K, used 98304K [0x0000000080000000, 0x0000000100000000)
  region size 1024K, 5 young (5120K), 5 survivors (5120K)
 Metaspace       used 99279K, capacity 101907K, committed 102144K, reserved 1138688K
  class space    used 12776K, capacity 13791K, committed 13824K, reserved 1048576K
}

Deoptimization events (20 events):
Event: 338.188 Thread 0x000002217f5c2800 Uncommon trap: trap_request=0xffffff4d fr.pc=0x00000221083a03bc relative=0x000000000000095c
Event: 338.188 Thread 0x000002217f5c2800 Uncommon trap: reason=unstable_if action=reinterpret pc=0x00000221083a03bc method=com.android.tools.r8.C.a.a.f.e(I[C)Ljava/lang/String; @ 11 c2
Event: 338.188 Thread 0x000002217f5c2800 DEOPT PACKING pc=0x00000221083a03bc sp=0x0000007d6f0fc040
Event: 338.188 Thread 0x000002217f5c2800 DEOPT UNPACKING pc=0x00000221000274af sp=0x0000007d6f0fc040 mode 2
Event: 338.310 Thread 0x000002217f5c2800 Uncommon trap: trap_request=0xffffffc6 fr.pc=0x00000221081a2ffc relative=0x00000000000009fc
Event: 338.310 Thread 0x000002217f5c2800 Uncommon trap: reason=bimorphic_or_optimized_type_check action=maybe_recompile pc=0x00000221081a2ffc method=java.util.Comparator.lambda$comparing$ea9a8b3a$1(Ljava/util/Comparator;Ljava/util/function/Function;Ljava/lang/Object;Ljava/lang/Object;)I @ 15 c2
Event: 338.310 Thread 0x000002217f5bd000 Uncommon trap: trap_request=0xffffffc6 fr.pc=0x00000221081a2ffc relative=0x00000000000009fc
Event: 338.310 Thread 0x000002217f5c2800 DEOPT PACKING pc=0x00000221081a2ffc sp=0x0000007d6f0fbaf0
Event: 338.310 Thread 0x000002217f5bd000 Uncommon trap: reason=bimorphic_or_optimized_type_check action=maybe_recompile pc=0x00000221081a2ffc method=java.util.Comparator.lambda$comparing$ea9a8b3a$1(Ljava/util/Comparator;Ljava/util/function/Function;Ljava/lang/Object;Ljava/lang/Object;)I @ 15 c2
Event: 338.310 Thread 0x000002217f5bd000 DEOPT PACKING pc=0x00000221081a2ffc sp=0x0000007d6f1fbc00
Event: 338.310 Thread 0x000002217f5c2800 DEOPT UNPACKING pc=0x00000221000274af sp=0x0000007d6f0fba40 mode 2
Event: 338.310 Thread 0x000002217f5bd000 DEOPT UNPACKING pc=0x00000221000274af sp=0x0000007d6f1fbb50 mode 2
Event: 338.311 Thread 0x000002217f5bd000 Uncommon trap: trap_request=0xffffffc6 fr.pc=0x00000221081a2ffc relative=0x00000000000009fc
Event: 338.311 Thread 0x000002217f5c2800 Uncommon trap: trap_request=0xffffffc6 fr.pc=0x00000221081a2ffc relative=0x00000000000009fc
Event: 338.311 Thread 0x000002217f5bd000 Uncommon trap: reason=bimorphic_or_optimized_type_check action=maybe_recompile pc=0x00000221081a2ffc method=java.util.Comparator.lambda$comparing$ea9a8b3a$1(Ljava/util/Comparator;Ljava/util/function/Function;Ljava/lang/Object;Ljava/lang/Object;)I @ 15 c2
Event: 338.311 Thread 0x000002217f5c2800 Uncommon trap: reason=bimorphic_or_optimized_type_check action=maybe_recompile pc=0x00000221081a2ffc method=java.util.Comparator.lambda$comparing$ea9a8b3a$1(Ljava/util/Comparator;Ljava/util/function/Function;Ljava/lang/Object;Ljava/lang/Object;)I @ 15 c2
Event: 338.311 Thread 0x000002217f5bd000 DEOPT PACKING pc=0x00000221081a2ffc sp=0x0000007d6f1fbd00
Event: 338.311 Thread 0x000002217f5c2800 DEOPT PACKING pc=0x00000221081a2ffc sp=0x0000007d6f0fbbf0
Event: 338.311 Thread 0x000002217f5bd000 DEOPT UNPACKING pc=0x00000221000274af sp=0x0000007d6f1fbc50 mode 2
Event: 338.311 Thread 0x000002217f5c2800 DEOPT UNPACKING pc=0x00000221000274af sp=0x0000007d6f0fbb40 mode 2

Classes redefined (0 events):
No events

Internal exceptions (20 events):
Event: 337.776 Thread 0x000002217f5bd000 Exception <a 'java/lang/NoSuchMethodError'{0x000000008933a9a8}: 'long java.lang.invoke.DirectMethodHandle$Holder.invokeStatic(java.lang.Object, java.lang.Object)'> (0x000000008933a9a8) thrown at [./src/hotspot/share/interpreter/linkResolver.cpp, line 773]
Event: 337.776 Thread 0x000002217f5c2800 Exception <a 'java/lang/NoSuchMethodError'{0x000000008942f578}: 'long java.lang.invoke.DirectMethodHandle$Holder.invokeStatic(java.lang.Object, java.lang.Object)'> (0x000000008942f578) thrown at [./src/hotspot/share/interpreter/linkResolver.cpp, line 773]
Event: 337.979 Thread 0x000002217f5c2800 Exception <a 'java/lang/NoSuchMethodError'{0x0000000088c68578}: 'java.lang.Object java.lang.invoke.DirectMethodHandle$Holder.newInvokeSpecial(java.lang.Object, int)'> (0x0000000088c68578) thrown at [./src/hotspot/share/interpreter/linkResolver.cpp, line 773]
Event: 338.011 Thread 0x000002217f5bd000 Exception <a 'java/lang/NoSuchMethodError'{0x0000000088bda510}: 'void java.lang.invoke.DirectMethodHandle$Holder.invokeStatic(java.lang.Object, java.lang.Object, java.lang.Object, int)'> (0x0000000088bda510) thrown at [./src/hotspot/share/interpreter/linkResolver.cpp, line 773]
Event: 338.011 Thread 0x000002217f5c2800 Exception <a 'java/lang/NoSuchMethodError'{0x0000000088bfe828}: 'void java.lang.invoke.DirectMethodHandle$Holder.invokeStatic(java.lang.Object, java.lang.Object, java.lang.Object, int)'> (0x0000000088bfe828) thrown at [./src/hotspot/share/interpreter/linkResolver.cpp, line 773]
Event: 338.012 Thread 0x000002217f5c2800 Exception <a 'java/lang/IncompatibleClassChangeError'{0x0000000088a047c8}: Found class java.lang.Object, but interface was expected> (0x0000000088a047c8) thrown at [./src/hotspot/share/interpreter/linkResolver.cpp, line 839]
Event: 338.012 Thread 0x000002217f5bd000 Exception <a 'java/lang/IncompatibleClassChangeError'{0x0000000088be2400}: Found class java.lang.Object, but interface was expected> (0x0000000088be2400) thrown at [./src/hotspot/share/interpreter/linkResolver.cpp, line 839]
Event: 338.139 Thread 0x000002217f5c2800 Exception <a 'java/lang/NoSuchMethodError'{0x000000008873b930}: 'void java.lang.invoke.DirectMethodHandle$Holder.invokeStaticInit(java.lang.Object, java.lang.Object, java.lang.Object, java.lang.Object, java.lang.Object)'> (0x000000008873b930) thrown at [./src/hotspot/share/interpreter/linkResolver.cpp, line 773]
Event: 338.139 Thread 0x000002217f5bd000 Exception <a 'java/lang/NoSuchMethodError'{0x000000008875e980}: 'void java.lang.invoke.DirectMethodHandle$Holder.invokeStaticInit(java.lang.Object, java.lang.Object, java.lang.Object, java.lang.Object, java.lang.Object)'> (0x000000008875e980) thrown at [./src/hotspot/share/interpreter/linkResolver.cpp, line 773]
Event: 338.161 Thread 0x000002217f5c2800 Exception <a 'java/lang/NoSuchMethodError'{0x00000000886d0788}: 'java.lang.Object java.lang.invoke.DirectMethodHandle$Holder.invokeStatic(java.lang.Object, int, java.lang.Object, java.lang.Object)'> (0x00000000886d0788) thrown at [./src/hotspot/share/interpreter/linkResolver.cpp, line 773]
Event: 338.161 Thread 0x000002217f5bd000 Exception <a 'java/lang/NoSuchMethodError'{0x00000000886e8440}: 'java.lang.Object java.lang.invoke.DirectMethodHandle$Holder.invokeStatic(java.lang.Object, int, java.lang.Object, java.lang.Object)'> (0x00000000886e8440) thrown at [./src/hotspot/share/interpreter/linkResolver.cpp, line 773]
Event: 338.177 Thread 0x000002217f5bd000 Exception <a 'java/lang/NoSuchMethodError'{0x000000008859d998}: 'void java.lang.invoke.DirectMethodHandle$Holder.invokeSpecial(java.lang.Object, java.lang.Object, int, java.lang.Object)'> (0x000000008859d998) thrown at [./src/hotspot/share/interpreter/linkResolver.cpp, line 773]
Event: 338.177 Thread 0x000002217f5c2800 Exception <a 'java/lang/NoSuchMethodError'{0x00000000885cf548}: 'void java.lang.invoke.DirectMethodHandle$Holder.invokeSpecial(java.lang.Object, java.lang.Object, int, java.lang.Object)'> (0x00000000885cf548) thrown at [./src/hotspot/share/interpreter/linkResolver.cpp, line 773]
Event: 338.301 Thread 0x000002217f5c2800 Exception <a 'java/lang/NoSuchMethodError'{0x00000000881d1a78}: 'java.lang.Object java.lang.invoke.DirectMethodHandle$Holder.invokeVirtual(java.lang.Object, java.lang.Object, int, java.lang.Object)'> (0x00000000881d1a78) thrown at [./src/hotspot/share/interpreter/linkResolver.cpp, line 773]
Event: 338.301 Thread 0x000002217f5bd000 Exception <a 'java/lang/NoSuchMethodError'{0x000000008819d718}: 'java.lang.Object java.lang.invoke.DirectMethodHandle$Holder.invokeVirtual(java.lang.Object, java.lang.Object, int, java.lang.Object)'> (0x000000008819d718) thrown at [./src/hotspot/share/interpreter/linkResolver.cpp, line 773]
Event: 338.343 Thread 0x000002217f5c2800 Exception <a 'java/lang/NoSuchMethodError'{0x0000000088092640}: 'void java.lang.invoke.DirectMethodHandle$Holder.invokeVirtual(java.lang.Object, java.lang.Object, int, java.lang.Object)'> (0x0000000088092640) thrown at [./src/hotspot/share/interpreter/linkResolver.cpp, line 773]
Event: 338.343 Thread 0x000002217f5bd000 Exception <a 'java/lang/NoSuchMethodError'{0x00000000880a5618}: 'void java.lang.invoke.DirectMethodHandle$Holder.invokeVirtual(java.lang.Object, java.lang.Object, int, java.lang.Object)'> (0x00000000880a5618) thrown at [./src/hotspot/share/interpreter/linkResolver.cpp, line 773]
Event: 338.624 Thread 0x000002217f5c2800 Exception <a 'java/lang/NoSuchMethodError'{0x0000000087926b38}: 'java.lang.Object java.lang.invoke.DirectMethodHandle$Holder.invokeSpecial(java.lang.Object, java.lang.Object, java.lang.Object, java.lang.Object, java.lang.Object, java.lang.Object, java.lang.Object, java.lang.Object, java.lang.Object, java.lang.Object)'> (0x0000000087926b38) thrown at [./src/hotspot/share/interpreter/linkResolver.cpp, line 773]
Event: 338.624 Thread 0x000002217f5c2800 Exception <a 'java/lang/NoSuchMethodError'{0x000000008792ac28}: 'java.lang.Object java.lang.invoke.Invokers$Holder.linkToTargetMethod(java.lang.Object, java.lang.Object, java.lang.Object, java.lang.Object, java.lang.Object, java.lang.Object, java.lang.Object, java.lang.Object, java.lang.Object)'> (0x000000008792ac28) thrown at [./src/hotspot/share/interpreter/linkResolver.cpp, line 773]
Event: 338.755 Thread 0x000002217f5bd000 Exception <a 'java/lang/NoSuchMethodError'{0x000000008980e858}: 'void java.lang.invoke.DirectMethodHandle$Holder.invokeVirtual(java.lang.Object, java.lang.Object, int)'> (0x000000008980e858) thrown at [./src/hotspot/share/interpreter/linkResolver.cpp, line 773]

Events (20 events):
Event: 338.777 loading class com/android/tools/r8/dex/r
Event: 338.777 loading class com/android/tools/r8/dex/r done
Event: 338.777 loading class com/android/tools/r8/graph/I
Event: 338.777 loading class com/android/tools/r8/graph/I done
Event: 338.777 loading class com/android/tools/r8/graph/I
Event: 338.777 loading class com/android/tools/r8/graph/I done
Event: 338.777 loading class com/android/tools/r8/dex/r
Event: 338.777 loading class com/android/tools/r8/dex/r done
Event: 338.778 loading class com/android/tools/r8/dex/r
Event: 338.778 loading class com/android/tools/r8/dex/r done
Event: 338.778 loading class com/android/tools/r8/graph/m0
Event: 338.778 loading class com/android/tools/r8/graph/m0 done
Event: 338.778 loading class com/android/tools/r8/graph/m0
Event: 338.778 loading class com/android/tools/r8/graph/m0 done
Event: 338.778 loading class com/android/tools/r8/dex/r
Event: 338.778 loading class com/android/tools/r8/dex/r done
Event: 338.778 loading class com/android/tools/r8/dex/r
Event: 338.778 loading class com/android/tools/r8/dex/r done
Event: 338.778 loading class java/util/zip/Adler32
Event: 338.778 loading class java/util/zip/Adler32 done


Dynamic libraries:
0x00007ff661450000 - 0x00007ff66145a000 	C:\Program Files\Android\Android Studio\jre\bin\java.exe
0x00007ffccc550000 - 0x00007ffccc722000 	C:\Windows\SYSTEM32\ntdll.dll
0x00007ffccc2b0000 - 0x00007ffccc35c000 	C:\Windows\System32\KERNEL32.DLL
0x00007ffcc8d30000 - 0x00007ffcc8f4d000 	C:\Windows\System32\KERNELBASE.dll
0x00007ffcc98c0000 - 0x00007ffcc99b5000 	C:\Windows\System32\ucrtbase.dll
0x00007ffcab530000 - 0x00007ffcab547000 	C:\Program Files\Android\Android Studio\jre\bin\VCRUNTIME140.dll
0x00007ffcbbd60000 - 0x00007ffcbbd79000 	C:\Program Files\Android\Android Studio\jre\bin\jli.dll
0x00007ffccc360000 - 0x00007ffccc4c5000 	C:\Windows\System32\USER32.dll
0x00007ffcbcde0000 - 0x00007ffcbd05a000 	C:\Windows\WinSxS\amd64_microsoft.windows.common-controls_6595b64144ccf1df_6.0.14393.953_none_42151e83c686086b\COMCTL32.dll
0x00007ffcc8d10000 - 0x00007ffcc8d2e000 	C:\Windows\System32\win32u.dll
0x00007ffccc110000 - 0x00007ffccc1ae000 	C:\Windows\System32\msvcrt.dll
0x00007ffcc9ff0000 - 0x00007ffcca024000 	C:\Windows\System32\GDI32.dll
0x00007ffccbbf0000 - 0x00007ffccbeb8000 	C:\Windows\System32\combase.dll
0x00007ffcc9630000 - 0x00007ffcc97b0000 	C:\Windows\System32\gdi32full.dll
0x00007ffcc9ec0000 - 0x00007ffcc9fe1000 	C:\Windows\System32\RPCRT4.dll
0x00007ffcc99c0000 - 0x00007ffcc9a2a000 	C:\Windows\System32\bcryptPrimitives.dll
0x00007ffcc9b80000 - 0x00007ffcc9bae000 	C:\Windows\System32\IMM32.DLL
0x00007ffc9bfe0000 - 0x00007ffc9c07d000 	C:\Program Files\Android\Android Studio\jre\bin\msvcp140.dll
0x00007ffc95170000 - 0x00007ffc95c2c000 	C:\Program Files\Android\Android Studio\jre\bin\server\jvm.dll
0x00007ffccbec0000 - 0x00007ffccbf62000 	C:\Windows\System32\ADVAPI32.dll
0x00007ffcca030000 - 0x00007ffcca089000 	C:\Windows\System32\sechost.dll
0x00007ffccc540000 - 0x00007ffccc548000 	C:\Windows\System32\PSAPI.DLL
0x00007ffcb60b0000 - 0x00007ffcb60b9000 	C:\Windows\SYSTEM32\WSOCK32.dll
0x00007ffcc5e00000 - 0x00007ffcc5e23000 	C:\Windows\SYSTEM32\WINMM.dll
0x00007ffccc4d0000 - 0x00007ffccc53a000 	C:\Windows\System32\WS2_32.dll
0x00007ffcc6f30000 - 0x00007ffcc6f3a000 	C:\Windows\SYSTEM32\VERSION.dll
0x00007ffcc5dd0000 - 0x00007ffcc5dfb000 	C:\Windows\SYSTEM32\WINMMBASE.dll
0x00007ffcc8a50000 - 0x00007ffcc8a92000 	C:\Windows\System32\cfgmgr32.dll
0x00007ffcc8a10000 - 0x00007ffcc8a1f000 	C:\Windows\System32\kernel.appcore.dll
0x00007ffcc6040000 - 0x00007ffcc6051000 	C:\Program Files\Android\Android Studio\jre\bin\verify.dll
0x00007ffcc8590000 - 0x00007ffcc8722000 	C:\Windows\SYSTEM32\DBGHELP.DLL
0x00007ffcc8240000 - 0x00007ffcc8269000 	C:\Windows\SYSTEM32\dbgcore.DLL
0x00007ffcbd4d0000 - 0x00007ffcbd4f9000 	C:\Program Files\Android\Android Studio\jre\bin\java.dll
0x00007ffcc7660000 - 0x00007ffcc766b000 	C:\Program Files\Android\Android Studio\jre\bin\jimage.dll
0x00007ffcbd4b0000 - 0x00007ffcbd4c8000 	C:\Program Files\Android\Android Studio\jre\bin\zip.dll
0x00007ffcca620000 - 0x00007ffccbb29000 	C:\Windows\System32\SHELL32.dll
0x00007ffcc8f50000 - 0x00007ffcc9629000 	C:\Windows\System32\windows.storage.dll
0x00007ffcc89c0000 - 0x00007ffcc8a0c000 	C:\Windows\System32\powrprof.dll
0x00007ffccc030000 - 0x00007ffccc082000 	C:\Windows\System32\shlwapi.dll
0x00007ffcc9810000 - 0x00007ffcc98b9000 	C:\Windows\System32\shcore.dll
0x00007ffcc8a20000 - 0x00007ffcc8a34000 	C:\Windows\System32\profapi.dll
0x00007ffcbd490000 - 0x00007ffcbd4aa000 	C:\Program Files\Android\Android Studio\jre\bin\net.dll
0x00007ffcbc550000 - 0x00007ffcbc61d000 	C:\Windows\SYSTEM32\WINHTTP.dll
0x00007ffcc7f90000 - 0x00007ffcc7fec000 	C:\Windows\system32\mswsock.dll
0x00007ffcbd470000 - 0x00007ffcbd484000 	C:\Program Files\Android\Android Studio\jre\bin\nio.dll
0x00007ffcaa3b0000 - 0x00007ffcaa3d7000 	C:\Users\hP\.gradle\native\fdc75f09e3144964f2cf3f50f0aa648679c211496f362492102eb8c894070792\windows-amd64\native-platform.dll
0x00007ffc99460000 - 0x00007ffc995f6000 	C:\Users\hP\.gradle\native\12488b8bf47d2d4c9fbf2f6322a914ad602e24e48041cd04a747c6da556b65c4\windows-amd64\native-platform-file-events.dll
0x00007ffcc7290000 - 0x00007ffcc729a000 	C:\Program Files\Android\Android Studio\jre\bin\management.dll
0x00007ffcbfc80000 - 0x00007ffcbfc8c000 	C:\Program Files\Android\Android Studio\jre\bin\management_ext.dll
0x00007ffcc8570000 - 0x00007ffcc8587000 	C:\Windows\SYSTEM32\CRYPTSP.dll
0x00007ffcc7b90000 - 0x00007ffcc7bc3000 	C:\Windows\system32\rsaenh.dll
0x00007ffcc8900000 - 0x00007ffcc892b000 	C:\Windows\SYSTEM32\bcrypt.dll
0x00007ffcc7e10000 - 0x00007ffcc7e2f000 	C:\Windows\SYSTEM32\USERENV.dll
0x00007ffcc8130000 - 0x00007ffcc813b000 	C:\Windows\SYSTEM32\CRYPTBASE.dll
0x00007ffcc7d10000 - 0x00007ffcc7d48000 	C:\Windows\SYSTEM32\IPHLPAPI.DLL
0x00007ffcc9d10000 - 0x00007ffcc9d18000 	C:\Windows\System32\NSI.dll
0x00007ffcc0af0000 - 0x00007ffcc0b06000 	C:\Windows\SYSTEM32\dhcpcsvc6.DLL
0x00007ffcc0ad0000 - 0x00007ffcc0aea000 	C:\Windows\SYSTEM32\dhcpcsvc.DLL
0x00007ffcc0b10000 - 0x00007ffcc0b1b000 	C:\Windows\SYSTEM32\WINNSI.DLL

dbghelp: loaded successfully - version: 4.0.5 - missing functions: none
symbol engine: initialized successfully - sym options: 0x614 - pdb path: .;C:\Program Files\Android\Android Studio\jre\bin;C:\Windows\SYSTEM32;C:\Windows\WinSxS\amd64_microsoft.windows.common-controls_6595b64144ccf1df_6.0.14393.953_none_42151e83c686086b;C:\Program Files\Android\Android Studio\jre\bin\server;C:\Users\hP\.gradle\native\fdc75f09e3144964f2cf3f50f0aa648679c211496f362492102eb8c894070792\windows-amd64;C:\Users\hP\.gradle\native\12488b8bf47d2d4c9fbf2f6322a914ad602e24e48041cd04a747c6da556b65c4\windows-amd64

VM Arguments:
jvm_args: --add-opens=java.base/java.util=ALL-UNNAMED --add-opens=java.base/java.lang=ALL-UNNAMED --add-opens=java.base/java.lang.invoke=ALL-UNNAMED --add-opens=java.prefs/java.util.prefs=ALL-UNNAMED -Xmx2048m -Dfile.encoding=UTF-8 -Duser.country=US -Duser.language=en -Duser.variant 
java_command: org.gradle.launcher.daemon.bootstrap.GradleDaemon 6.7.1
java_class_path (initial): C:\Users\hP\.gradle\wrapper\dists\gradle-6.7.1-bin\bwlcbys1h7rz3272sye1xwiv6\gradle-6.7.1\lib\gradle-launcher-6.7.1.jar
Launcher Type: SUN_STANDARD

[Global flags]
     intx CICompilerCount                          = 3                                         {product} {ergonomic}
     uint ConcGCThreads                            = 1                                         {product} {ergonomic}
     uint G1ConcRefinementThreads                  = 4                                         {product} {ergonomic}
   size_t G1HeapRegionSize                         = 1048576                                   {product} {ergonomic}
    uintx GCDrainStackTargetSize                   = 64                                        {product} {ergonomic}
   size_t InitialHeapSize                          = 134217728                                 {product} {ergonomic}
   size_t MarkStackSize                            = 4194304                                   {product} {ergonomic}
   size_t MaxHeapSize                              = 2147483648                                {product} {command line}
   size_t MaxNewSize                               = 1287651328                                {product} {ergonomic}
   size_t MinHeapDeltaBytes                        = 1048576                                   {product} {ergonomic}
    uintx NonNMethodCodeHeapSize                   = 5830732                                {pd product} {ergonomic}
    uintx NonProfiledCodeHeapSize                  = 122913754                              {pd product} {ergonomic}
    uintx ProfiledCodeHeapSize                     = 122913754                              {pd product} {ergonomic}
    uintx ReservedCodeCacheSize                    = 251658240                              {pd product} {ergonomic}
     bool SegmentedCodeCache                       = true                                      {product} {ergonomic}
     bool UseCompressedClassPointers               = true                                 {lp64_product} {ergonomic}
     bool UseCompressedOops                        = true                                 {lp64_product} {ergonomic}
     bool UseG1GC                                  = true                                      {product} {ergonomic}
     bool UseLargePagesIndividualAllocation        = false                                  {pd product} {ergonomic}

Logging:
Log output configuration:
 #0: stdout all=warning uptime,level,tags
 #1: stderr all=off uptime,level,tags

Environment Variables:
JAVA_HOME=C:\Program Files\Java\jdk1.8.0_161
PATH=D:\study\s4\BD\oracle-sql\app\oracle\product\11.2.0\server\bin;;C:\oraclexe\app\oracle\product\11.2.0\server\bin;C:\Users\hP\Downloads\Oracle18c\dbhomeXE\bin;C:\Program Files (x86)\VMware\VMware Player\bin\;C:\Program Files (x86)\Common Files\Oracle\Java\javapath;C:\Program Files\Common Files\Oracle\Java\javapath;C:\Windows\system32;C:\Windows;C:\Windows\System32\Wbem;C:\Windows\System32\WindowsPowerShell\v1.0\;C:\wamp64\bin\mysql\mysql8.0.18\bin;C:\Program Files\Java\jdk1.8.0_161\bin;C:\Program Files\Git\cmd;C:\Users\hP\AppData\Local\Microsoft\WindowsApps;C:\Users\hP\AppData\Local\Programs\Microsoft VS Code\bin;C:\Program Files (x86)\Dev-Cpp\MinGW64\bin;C:\Users\hP\Downloads\compilation;C:\Program Files\JetBrains\IntelliJ IDEA Community Edition 2021.1.3\bin;
USERNAME=hP
OS=Windows_NT
PROCESSOR_IDENTIFIER=Intel64 Family 6 Model 61 Stepping 4, GenuineIntel



---------------  S Y S T E M  ---------------

OS: Windows 10 , 64 bit Build 14393 (10.0.14393.2189)
OS uptime: 1 days 9:29 hours

CPU:total 4 (initial active 4) (2 cores per cpu, 2 threads per core) family 6 model 61 stepping 4, cmov, cx8, fxsr, mmx, sse, sse2, sse3, ssse3, sse4.1, sse4.2, popcnt, avx, avx2, aes, clmul, erms, rtm, 3dnowpref, lzcnt, ht, tsc, tscinvbit, bmi1, bmi2, adx, fma

Memory: 4k page, system-wide physical 8067M (1084M free)
TotalPageFile size 12163M (AvailPageFile size 5M)
current process WorkingSet (physical memory assigned to process): 427M, peak: 427M
current process commit charge ("private bytes"): 454M, peak: 456M

vm_info: OpenJDK 64-Bit Server VM (11.0.8+10-b944.6842174) for windows-amd64 JRE (11.0.8+10-b944.6842174), built on Sep 19 2020 01:11:42 by "builder" with MS VC++ 14.0 (VS2015)

END.
