#
# There is insufficient memory for the Java Runtime Environment to continue.
# Native memory allocation (malloc) failed to allocate 2409456 bytes for Chunk::new
# Possible reasons:
#   The system is out of physical RAM or swap space
#   The process is running with CompressedOops enabled, and the Java Heap may be blocking the growth of the native heap
# Possible solutions:
#   Reduce memory load on the system
#   Increase physical memory or swap space
#   Check if swap backing store is full
#   Decrease Java heap size (-Xmx/-Xms)
#   Decrease number of Java threads
#   Decrease Java thread stack sizes (-Xss)
#   Set larger code cache with -XX:ReservedCodeCacheSize=
#   JVM is running with Unscaled Compressed Oops mode in which the Java heap is
#     placed in the first 4GB address space. The Java Heap base address is the
#     maximum limit for the native heap growth. Please use -XX:HeapBaseMinAddress
#     to set the Java Heap base and to place the Java Heap above 4GB virtual address.
# This output file may be truncated or incomplete.
#
#  Out of Memory Error (./src/hotspot/share/memory/arena.cpp:197), pid=10424, tid=1416
#
# JRE version: OpenJDK Runtime Environment (11.0.8+10) (build 11.0.8+10-b944.6842174)
# Java VM: OpenJDK 64-Bit Server VM (11.0.8+10-b944.6842174, mixed mode, tiered, compressed oops, g1 gc, windows-amd64)
# No core dump will be written. Minidumps are not enabled by default on client versions of Windows
#

---------------  S U M M A R Y ------------

Command Line: --add-opens=java.base/java.util=ALL-UNNAMED --add-opens=java.base/java.lang=ALL-UNNAMED --add-opens=java.base/java.lang.invoke=ALL-UNNAMED --add-opens=java.prefs/java.util.prefs=ALL-UNNAMED -Xmx2048m -Dfile.encoding=UTF-8 -Duser.country=US -Duser.language=en -Duser.variant org.gradle.launcher.daemon.bootstrap.GradleDaemon 6.7.1

Host: Intel(R) Core(TM) i5-5300U CPU @ 2.30GHz, 4 cores, 7G,  Windows 10 , 64 bit Build 14393 (10.0.14393.2189)
Time: Mon Jan 31 10:08:42 2022 GMT Standard Time elapsed time: 31 seconds (0d 0h 0m 31s)

---------------  T H R E A D  ---------------

Current thread (0x000001715663a000):  JavaThread "C2 CompilerThread1" daemon [_thread_in_native, id=1416, stack(0x00000047b3c00000,0x00000047b3d00000)]


Current CompileTask:
C2:  31093 9245       4       org.gradle.api.internal.artifacts.result.DefaultResolutionResult::eachElement (92 bytes)

Stack: [0x00000047b3c00000,0x00000047b3d00000]
Native frames: (J=compiled Java code, j=interpreted, Vv=VM code, C=native code)
V  [jvm.dll+0x5de50a]
V  [jvm.dll+0x7122f5]
V  [jvm.dll+0x71384d]
V  [jvm.dll+0x713f03]
V  [jvm.dll+0x23e728]
V  [jvm.dll+0xb899c]
V  [jvm.dll+0xb8e9c]
V  [jvm.dll+0x35024d]
V  [jvm.dll+0x31dea3]
V  [jvm.dll+0x31d39a]
V  [jvm.dll+0x1f7702]
V  [jvm.dll+0x1f68d4]
V  [jvm.dll+0x17f32c]
V  [jvm.dll+0x205047]
V  [jvm.dll+0x203891]
V  [jvm.dll+0x6dad3f]
V  [jvm.dll+0x6d3895]
V  [jvm.dll+0x5dd4a6]
C  [ucrtbase.dll+0x1cd70]
C  [KERNEL32.DLL+0x8364]
C  [ntdll.dll+0x67091]


---------------  P R O C E S S  ---------------

Threads class SMR info:
_java_thread_list=0x0000017156fb08f0, length=140, elements={
0x0000017136803800, 0x00000171502ad800, 0x000001715029d000, 0x0000017150afa800,
0x0000017150afb000, 0x0000017150afc000, 0x0000017150b00000, 0x0000017150b17000,
0x0000017150c6e800, 0x0000017150c9b000, 0x00000171529e0800, 0x000001715261a000,
0x00000171518f0000, 0x000001715217f000, 0x0000017152f68000, 0x00000171525de800,
0x0000017152083800, 0x00000171523f3800, 0x0000017152987000, 0x0000017152b56000,
0x0000017152f64800, 0x0000017152f63800, 0x0000017152f62000, 0x0000017152f63000,
0x0000017152c3b800, 0x0000017152c3c000, 0x0000017152c3a800, 0x0000017152c3d000,
0x0000017152c39000, 0x0000017152c39800, 0x0000017152c3e000, 0x0000017152c38000,
0x0000017152c40000, 0x0000017152c44800, 0x0000017152c42000, 0x0000017152c3e800,
0x0000017152c45000, 0x0000017152c3f800, 0x0000017152c43800, 0x0000017152c41000,
0x0000017152c46000, 0x0000017152c42800, 0x0000017152c67000, 0x0000017152c68000,
0x0000017152c69000, 0x0000017152c6a800, 0x0000017152c6b800, 0x0000017152c69800,
0x0000017152c65800, 0x0000017152c6c000, 0x0000017152c66800, 0x0000017152c71000,
0x0000017152c72800, 0x0000017152c6d000, 0x0000017152c70000, 0x0000017152c6d800,
0x0000017152c72000, 0x0000017152c73800, 0x0000017152c74800, 0x0000017152c6e800,
0x0000017152c6f800, 0x00000171531ff800, 0x0000017153206000, 0x0000017153205000,
0x0000017153203000, 0x0000017153200800, 0x0000017153204800, 0x0000017153203800,
0x0000017153207000, 0x0000017153201000, 0x0000017153207800, 0x0000017153202000,
0x000001715320a000, 0x0000017153209800, 0x000001715320b000, 0x000001715320b800,
0x000001715320c800, 0x000001715320d800, 0x0000017153208800, 0x000001715320e000,
0x0000017150bf2800, 0x0000017150bf5000, 0x0000017150bf6000, 0x0000017150bf1000,
0x0000017150bf6800, 0x0000017150bf2000, 0x0000017150bf7800, 0x0000017150bf8800,
0x0000017150bf9000, 0x0000017150bf3800, 0x0000017150bfa000, 0x0000017150bf4000,
0x0000017150bfb800, 0x0000017150bfc800, 0x0000017150bff800, 0x0000017150bfb000,
0x0000017150bfd000, 0x0000017150bfe000, 0x0000017150bff000, 0x0000017153101800,
0x0000017153100800, 0x0000017153104000, 0x0000017153102000, 0x0000017153107000,
0x0000017153108800, 0x0000017153106800, 0x0000017153103000, 0x0000017153105800,
0x0000017153108000, 0x000001715310a800, 0x0000017153109800, 0x0000017153104800,
0x000001715310f800, 0x000001715310b000, 0x000001715310c000, 0x000001715310d000,
0x000001715310e800, 0x000001715310d800, 0x00000171516ba000, 0x00000171516b9000,
0x00000171516ba800, 0x00000171516b6800, 0x00000171516b7800, 0x00000171516bb800,
0x00000171516bc000, 0x00000171516b8000, 0x00000171516c2000, 0x00000171516bf800,
0x00000171516c0800, 0x00000171516c1000, 0x00000171516bd000, 0x00000171516c3000,
0x00000171516be000, 0x00000171516be800, 0x00000171516c3800, 0x00000171516c4800,
0x00000171516c5000, 0x0000017156ad3000, 0x000001715663a000, 0x0000017156ad4800
}

Java Threads: ( => current thread )
  0x0000017136803800 JavaThread "main" [_thread_blocked, id=6448, stack(0x00000047a9800000,0x00000047a9900000)]
  0x00000171502ad800 JavaThread "Reference Handler" daemon [_thread_blocked, id=10588, stack(0x00000047a9f00000,0x00000047aa000000)]
  0x000001715029d000 JavaThread "Finalizer" daemon [_thread_blocked, id=9232, stack(0x00000047aa000000,0x00000047aa100000)]
  0x0000017150afa800 JavaThread "Signal Dispatcher" daemon [_thread_blocked, id=7636, stack(0x00000047aa100000,0x00000047aa200000)]
  0x0000017150afb000 JavaThread "Attach Listener" daemon [_thread_blocked, id=9912, stack(0x00000047aa200000,0x00000047aa300000)]
  0x0000017150afc000 JavaThread "C2 CompilerThread0" daemon [_thread_in_native, id=6092, stack(0x00000047aa300000,0x00000047aa400000)]
  0x0000017150b00000 JavaThread "C1 CompilerThread0" daemon [_thread_in_native, id=12824, stack(0x00000047aa400000,0x00000047aa500000)]
  0x0000017150b17000 JavaThread "Sweeper thread" daemon [_thread_blocked, id=1456, stack(0x00000047aa500000,0x00000047aa600000)]
  0x0000017150c6e800 JavaThread "Common-Cleaner" daemon [_thread_blocked, id=5612, stack(0x00000047aa600000,0x00000047aa700000)]
  0x0000017150c9b000 JavaThread "Service Thread" daemon [_thread_blocked, id=12752, stack(0x00000047aa700000,0x00000047aa800000)]
  0x00000171529e0800 JavaThread "Daemon health stats" [_thread_blocked, id=10696, stack(0x00000047aad00000,0x00000047aae00000)]
  0x000001715261a000 JavaThread "Incoming local TCP Connector on port 64877" [_thread_in_native, id=6108, stack(0x00000047ab000000,0x00000047ab100000)]
  0x00000171518f0000 JavaThread "Daemon periodic checks" [_thread_blocked, id=11480, stack(0x00000047ab100000,0x00000047ab200000)]
  0x000001715217f000 JavaThread "Daemon" [_thread_blocked, id=11000, stack(0x00000047ab200000,0x00000047ab300000)]
  0x0000017152f68000 JavaThread "Handler for socket connection from /127.0.0.1:64877 to /127.0.0.1:64878" [_thread_in_native, id=11540, stack(0x00000047ab300000,0x00000047ab400000)]
  0x00000171525de800 JavaThread "Cancel handler" [_thread_blocked, id=10524, stack(0x00000047ab400000,0x00000047ab500000)]
  0x0000017152083800 JavaThread "Daemon worker" [_thread_in_Java, id=1408, stack(0x00000047ab500000,0x00000047ab600000)]
  0x00000171523f3800 JavaThread "Asynchronous log dispatcher for DefaultDaemonConnection: socket connection from /127.0.0.1:64877 to /127.0.0.1:64878" [_thread_blocked, id=1240, stack(0x00000047ab600000,0x00000047ab700000)]
  0x0000017152987000 JavaThread "Stdin handler" [_thread_blocked, id=12748, stack(0x00000047ab700000,0x00000047ab800000)]
  0x0000017152b56000 JavaThread "Thread-8" [_thread_blocked, id=2344, stack(0x00000047ab800000,0x00000047ab900000)]
  0x0000017152f64800 JavaThread "Cache worker for file hash cache (C:\Users\hP\.gradle\caches\6.7.1\fileHashes)" [_thread_blocked, id=12280, stack(0x00000047aba00000,0x00000047abb00000)]
  0x0000017152f63800 JavaThread "File lock request listener" [_thread_in_native, id=7532, stack(0x00000047abb00000,0x00000047abc00000)]
  0x0000017152f62000 JavaThread "Cache worker for journal cache (C:\Users\hP\.gradle\caches\journal-1)" [_thread_blocked, id=5576, stack(0x00000047abc00000,0x00000047abd00000)]
  0x0000017152f63000 JavaThread "Cache worker for file hash cache (D:\study\s5\Mobile\Projet\Xtrend-App\.gradle\6.7.1\fileHashes)" [_thread_blocked, id=2224, stack(0x00000047abe00000,0x00000047abf00000)]
  0x0000017152c3b800 JavaThread "Cache worker for checksums cache (D:\study\s5\Mobile\Projet\Xtrend-App\.gradle\checksums)" [_thread_blocked, id=5364, stack(0x00000047ac000000,0x00000047ac100000)]
  0x0000017152c3c000 JavaThread "Cache worker for cache directory md-supplier (C:\Users\hP\.gradle\caches\6.7.1\md-supplier)" [_thread_blocked, id=5544, stack(0x00000047ac100000,0x00000047ac200000)]
  0x0000017152c3a800 JavaThread "Cache worker for cache directory md-rule (C:\Users\hP\.gradle\caches\6.7.1\md-rule)" [_thread_blocked, id=4896, stack(0x00000047ac200000,0x00000047ac300000)]
  0x0000017152c3d000 JavaThread "Cache worker for execution history cache (C:\Users\hP\.gradle\caches\6.7.1\executionHistory)" [_thread_blocked, id=928, stack(0x00000047ac300000,0x00000047ac400000)]
  0x0000017152c39000 JavaThread "jar transforms" [_thread_blocked, id=10068, stack(0x00000047ac400000,0x00000047ac500000)]
  0x0000017152c39800 JavaThread "Cache worker for file content cache (C:\Users\hP\.gradle\caches\6.7.1\fileContent)" [_thread_blocked, id=1948, stack(0x00000047ac500000,0x00000047ac600000)]
  0x0000017152c3e000 JavaThread "Cache worker for Build Output Cleanup Cache (D:\study\s5\Mobile\Projet\Xtrend-App\.gradle\buildOutputCleanup)" [_thread_blocked, id=3784, stack(0x00000047ac600000,0x00000047ac700000)]
  0x0000017152c38000 JavaThread "Build operations" [_thread_in_native, id=13004, stack(0x00000047ac800000,0x00000047ac900000)]
  0x0000017152c40000 JavaThread "Build operations Thread 2" [_thread_blocked, id=3380, stack(0x00000047ac900000,0x00000047aca00000)]
  0x0000017152c44800 JavaThread "Build operations Thread 3" [_thread_blocked, id=12336, stack(0x00000047aca00000,0x00000047acb00000)]
  0x0000017152c42000 JavaThread "Build operations Thread 4" [_thread_in_Java, id=4388, stack(0x00000047acb00000,0x00000047acc00000)]
  0x0000017152c3e800 JavaThread "jar transforms Thread 2" [_thread_blocked, id=12772, stack(0x00000047acc00000,0x00000047acd00000)]
  0x0000017152c45000 JavaThread "jar transforms Thread 3" [_thread_blocked, id=5868, stack(0x00000047acd00000,0x00000047ace00000)]
  0x0000017152c3f800 JavaThread "jar transforms Thread 4" [_thread_blocked, id=11780, stack(0x00000047ace00000,0x00000047acf00000)]
  0x0000017152c43800 JavaThread "jar transforms Thread 5" [_thread_blocked, id=8020, stack(0x00000047acf00000,0x00000047ad000000)]
  0x0000017152c41000 JavaThread "jar transforms Thread 6" [_thread_blocked, id=11468, stack(0x00000047ad000000,0x00000047ad100000)]
  0x0000017152c46000 JavaThread "jar transforms Thread 7" [_thread_blocked, id=2412, stack(0x00000047ad100000,0x00000047ad200000)]
  0x0000017152c42800 JavaThread "jar transforms Thread 8" [_thread_blocked, id=6716, stack(0x00000047ad200000,0x00000047ad300000)]
  0x0000017152c67000 JavaThread "jar transforms Thread 9" [_thread_blocked, id=2244, stack(0x00000047ad300000,0x00000047ad400000)]
  0x0000017152c68000 JavaThread "jar transforms Thread 10" [_thread_blocked, id=10200, stack(0x00000047ad400000,0x00000047ad500000)]
  0x0000017152c69000 JavaThread "jar transforms Thread 11" [_thread_blocked, id=10604, stack(0x00000047ad500000,0x00000047ad600000)]
  0x0000017152c6a800 JavaThread "jar transforms Thread 12" [_thread_blocked, id=5432, stack(0x00000047ad600000,0x00000047ad700000)]
  0x0000017152c6b800 JavaThread "jar transforms Thread 13" [_thread_blocked, id=10152, stack(0x00000047ad700000,0x00000047ad800000)]
  0x0000017152c69800 JavaThread "jar transforms Thread 14" [_thread_blocked, id=9120, stack(0x00000047ad800000,0x00000047ad900000)]
  0x0000017152c65800 JavaThread "jar transforms Thread 15" [_thread_blocked, id=8488, stack(0x00000047ad900000,0x00000047ada00000)]
  0x0000017152c6c000 JavaThread "jar transforms Thread 16" [_thread_blocked, id=6832, stack(0x00000047ada00000,0x00000047adb00000)]
  0x0000017152c66800 JavaThread "jar transforms Thread 17" [_thread_blocked, id=6788, stack(0x00000047adb00000,0x00000047adc00000)]
  0x0000017152c71000 JavaThread "jar transforms Thread 18" [_thread_blocked, id=10964, stack(0x00000047adc00000,0x00000047add00000)]
  0x0000017152c72800 JavaThread "jar transforms Thread 19" [_thread_blocked, id=2392, stack(0x00000047add00000,0x00000047ade00000)]
  0x0000017152c6d000 JavaThread "jar transforms Thread 20" [_thread_blocked, id=12756, stack(0x00000047ade00000,0x00000047adf00000)]
  0x0000017152c70000 JavaThread "jar transforms Thread 21" [_thread_blocked, id=9300, stack(0x00000047adf00000,0x00000047ae000000)]
  0x0000017152c6d800 JavaThread "jar transforms Thread 22" [_thread_blocked, id=10648, stack(0x00000047ae000000,0x00000047ae100000)]
  0x0000017152c72000 JavaThread "jar transforms Thread 23" [_thread_blocked, id=6824, stack(0x00000047ae100000,0x00000047ae200000)]
  0x0000017152c73800 JavaThread "jar transforms Thread 24" [_thread_blocked, id=12508, stack(0x00000047ae200000,0x00000047ae300000)]
  0x0000017152c74800 JavaThread "jar transforms Thread 25" [_thread_blocked, id=7340, stack(0x00000047ae300000,0x00000047ae400000)]
  0x0000017152c6e800 JavaThread "jar transforms Thread 26" [_thread_blocked, id=8168, stack(0x00000047ae400000,0x00000047ae500000)]
  0x0000017152c6f800 JavaThread "jar transforms Thread 27" [_thread_blocked, id=8580, stack(0x00000047ae500000,0x00000047ae600000)]
  0x00000171531ff800 JavaThread "jar transforms Thread 28" [_thread_blocked, id=11792, stack(0x00000047ae600000,0x00000047ae700000)]
  0x0000017153206000 JavaThread "jar transforms Thread 29" [_thread_blocked, id=8876, stack(0x00000047ae700000,0x00000047ae800000)]
  0x0000017153205000 JavaThread "jar transforms Thread 30" [_thread_blocked, id=11184, stack(0x00000047ae800000,0x00000047ae900000)]
  0x0000017153203000 JavaThread "jar transforms Thread 31" [_thread_blocked, id=9008, stack(0x00000047ae900000,0x00000047aea00000)]
  0x0000017153200800 JavaThread "jar transforms Thread 32" [_thread_blocked, id=1832, stack(0x00000047aea00000,0x00000047aeb00000)]
  0x0000017153204800 JavaThread "jar transforms Thread 33" [_thread_blocked, id=4828, stack(0x00000047aeb00000,0x00000047aec00000)]
  0x0000017153203800 JavaThread "jar transforms Thread 34" [_thread_blocked, id=6468, stack(0x00000047aec00000,0x00000047aed00000)]
  0x0000017153207000 JavaThread "jar transforms Thread 35" [_thread_blocked, id=3076, stack(0x00000047aed00000,0x00000047aee00000)]
  0x0000017153201000 JavaThread "jar transforms Thread 36" [_thread_blocked, id=11828, stack(0x00000047aee00000,0x00000047aef00000)]
  0x0000017153207800 JavaThread "jar transforms Thread 37" [_thread_blocked, id=12156, stack(0x00000047aef00000,0x00000047af000000)]
  0x0000017153202000 JavaThread "jar transforms Thread 38" [_thread_blocked, id=5428, stack(0x00000047af000000,0x00000047af100000)]
  0x000001715320a000 JavaThread "jar transforms Thread 39" [_thread_blocked, id=5204, stack(0x00000047af100000,0x00000047af200000)]
  0x0000017153209800 JavaThread "jar transforms Thread 40" [_thread_blocked, id=1224, stack(0x00000047af200000,0x00000047af300000)]
  0x000001715320b000 JavaThread "jar transforms Thread 41" [_thread_blocked, id=6056, stack(0x00000047af300000,0x00000047af400000)]
  0x000001715320b800 JavaThread "jar transforms Thread 42" [_thread_blocked, id=9408, stack(0x00000047af400000,0x00000047af500000)]
  0x000001715320c800 JavaThread "jar transforms Thread 43" [_thread_blocked, id=1616, stack(0x00000047af500000,0x00000047af600000)]
  0x000001715320d800 JavaThread "jar transforms Thread 44" [_thread_blocked, id=9372, stack(0x00000047af600000,0x00000047af700000)]
  0x0000017153208800 JavaThread "jar transforms Thread 45" [_thread_blocked, id=6212, stack(0x00000047af700000,0x00000047af800000)]
  0x000001715320e000 JavaThread "jar transforms Thread 46" [_thread_blocked, id=5808, stack(0x00000047af800000,0x00000047af900000)]
  0x0000017150bf2800 JavaThread "jar transforms Thread 47" [_thread_blocked, id=4944, stack(0x00000047af900000,0x00000047afa00000)]
  0x0000017150bf5000 JavaThread "jar transforms Thread 48" [_thread_blocked, id=9524, stack(0x00000047afa00000,0x00000047afb00000)]
  0x0000017150bf6000 JavaThread "jar transforms Thread 49" [_thread_blocked, id=6460, stack(0x00000047afb00000,0x00000047afc00000)]
  0x0000017150bf1000 JavaThread "jar transforms Thread 50" [_thread_blocked, id=11972, stack(0x00000047afc00000,0x00000047afd00000)]
  0x0000017150bf6800 JavaThread "jar transforms Thread 51" [_thread_blocked, id=10384, stack(0x00000047afd00000,0x00000047afe00000)]
  0x0000017150bf2000 JavaThread "jar transforms Thread 52" [_thread_blocked, id=5104, stack(0x00000047afe00000,0x00000047aff00000)]
  0x0000017150bf7800 JavaThread "jar transforms Thread 53" [_thread_blocked, id=1984, stack(0x00000047aff00000,0x00000047b0000000)]
  0x0000017150bf8800 JavaThread "jar transforms Thread 54" [_thread_blocked, id=2920, stack(0x00000047b0000000,0x00000047b0100000)]
  0x0000017150bf9000 JavaThread "jar transforms Thread 55" [_thread_blocked, id=9724, stack(0x00000047b0100000,0x00000047b0200000)]
  0x0000017150bf3800 JavaThread "jar transforms Thread 56" [_thread_blocked, id=10840, stack(0x00000047b0200000,0x00000047b0300000)]
  0x0000017150bfa000 JavaThread "jar transforms Thread 57" [_thread_blocked, id=12116, stack(0x00000047b0300000,0x00000047b0400000)]
  0x0000017150bf4000 JavaThread "jar transforms Thread 58" [_thread_blocked, id=10772, stack(0x00000047b0400000,0x00000047b0500000)]
  0x0000017150bfb800 JavaThread "jar transforms Thread 59" [_thread_blocked, id=9992, stack(0x00000047b0500000,0x00000047b0600000)]
  0x0000017150bfc800 JavaThread "jar transforms Thread 60" [_thread_blocked, id=11928, stack(0x00000047b0600000,0x00000047b0700000)]
  0x0000017150bff800 JavaThread "jar transforms Thread 61" [_thread_blocked, id=5700, stack(0x00000047b0700000,0x00000047b0800000)]
  0x0000017150bfb000 JavaThread "jar transforms Thread 62" [_thread_blocked, id=10196, stack(0x00000047b0800000,0x00000047b0900000)]
  0x0000017150bfd000 JavaThread "jar transforms Thread 63" [_thread_blocked, id=10340, stack(0x00000047b0900000,0x00000047b0a00000)]
  0x0000017150bfe000 JavaThread "jar transforms Thread 64" [_thread_blocked, id=4400, stack(0x00000047b0a00000,0x00000047b0b00000)]
  0x0000017150bff000 JavaThread "jar transforms Thread 65" [_thread_blocked, id=11580, stack(0x00000047b0b00000,0x00000047b0c00000)]
  0x0000017153101800 JavaThread "jar transforms Thread 66" [_thread_blocked, id=12452, stack(0x00000047b0c00000,0x00000047b0d00000)]
  0x0000017153100800 JavaThread "jar transforms Thread 67" [_thread_blocked, id=12460, stack(0x00000047b0d00000,0x00000047b0e00000)]
  0x0000017153104000 JavaThread "jar transforms Thread 68" [_thread_blocked, id=9168, stack(0x00000047b0e00000,0x00000047b0f00000)]
  0x0000017153102000 JavaThread "jar transforms Thread 69" [_thread_blocked, id=5100, stack(0x00000047b0f00000,0x00000047b1000000)]
  0x0000017153107000 JavaThread "jar transforms Thread 70" [_thread_blocked, id=9184, stack(0x00000047b1000000,0x00000047b1100000)]
  0x0000017153108800 JavaThread "jar transforms Thread 71" [_thread_blocked, id=7120, stack(0x00000047b1100000,0x00000047b1200000)]
  0x0000017153106800 JavaThread "jar transforms Thread 72" [_thread_blocked, id=10660, stack(0x00000047b1200000,0x00000047b1300000)]
  0x0000017153103000 JavaThread "jar transforms Thread 73" [_thread_blocked, id=2296, stack(0x00000047b1300000,0x00000047b1400000)]
  0x0000017153105800 JavaThread "jar transforms Thread 74" [_thread_blocked, id=4972, stack(0x00000047b1400000,0x00000047b1500000)]
  0x0000017153108000 JavaThread "jar transforms Thread 75" [_thread_blocked, id=3308, stack(0x00000047b1500000,0x00000047b1600000)]
  0x000001715310a800 JavaThread "jar transforms Thread 76" [_thread_blocked, id=6372, stack(0x00000047b1600000,0x00000047b1700000)]
  0x0000017153109800 JavaThread "jar transforms Thread 77" [_thread_blocked, id=10480, stack(0x00000047b1700000,0x00000047b1800000)]
  0x0000017153104800 JavaThread "jar transforms Thread 78" [_thread_blocked, id=7848, stack(0x00000047b1800000,0x00000047b1900000)]
  0x000001715310f800 JavaThread "jar transforms Thread 79" [_thread_blocked, id=3480, stack(0x00000047b1900000,0x00000047b1a00000)]
  0x000001715310b000 JavaThread "jar transforms Thread 80" [_thread_blocked, id=7136, stack(0x00000047b1a00000,0x00000047b1b00000)]
  0x000001715310c000 JavaThread "jar transforms Thread 81" [_thread_blocked, id=9424, stack(0x00000047b1b00000,0x00000047b1c00000)]
  0x000001715310d000 JavaThread "jar transforms Thread 82" [_thread_blocked, id=9348, stack(0x00000047b1c00000,0x00000047b1d00000)]
  0x000001715310e800 JavaThread "jar transforms Thread 83" [_thread_blocked, id=6060, stack(0x00000047b1d00000,0x00000047b1e00000)]
  0x000001715310d800 JavaThread "jar transforms Thread 84" [_thread_blocked, id=1308, stack(0x00000047b1e00000,0x00000047b1f00000)]
  0x00000171516ba000 JavaThread "jar transforms Thread 85" [_thread_blocked, id=11052, stack(0x00000047b1f00000,0x00000047b2000000)]
  0x00000171516b9000 JavaThread "jar transforms Thread 86" [_thread_blocked, id=11640, stack(0x00000047b2000000,0x00000047b2100000)]
  0x00000171516ba800 JavaThread "jar transforms Thread 87" [_thread_blocked, id=5696, stack(0x00000047b2100000,0x00000047b2200000)]
  0x00000171516b6800 JavaThread "jar transforms Thread 88" [_thread_blocked, id=6232, stack(0x00000047b2200000,0x00000047b2300000)]
  0x00000171516b7800 JavaThread "jar transforms Thread 89" [_thread_blocked, id=2912, stack(0x00000047b2300000,0x00000047b2400000)]
  0x00000171516bb800 JavaThread "jar transforms Thread 90" [_thread_blocked, id=5760, stack(0x00000047b2400000,0x00000047b2500000)]
  0x00000171516bc000 JavaThread "jar transforms Thread 91" [_thread_blocked, id=3800, stack(0x00000047b2500000,0x00000047b2600000)]
  0x00000171516b8000 JavaThread "jar transforms Thread 92" [_thread_blocked, id=11556, stack(0x00000047b2600000,0x00000047b2700000)]
  0x00000171516c2000 JavaThread "jar transforms Thread 93" [_thread_blocked, id=11104, stack(0x00000047b2700000,0x00000047b2800000)]
  0x00000171516bf800 JavaThread "jar transforms Thread 94" [_thread_blocked, id=9452, stack(0x00000047b2800000,0x00000047b2900000)]
  0x00000171516c0800 JavaThread "jar transforms Thread 95" [_thread_blocked, id=7488, stack(0x00000047b2900000,0x00000047b2a00000)]
  0x00000171516c1000 JavaThread "jar transforms Thread 96" [_thread_blocked, id=12996, stack(0x00000047b2a00000,0x00000047b2b00000)]
  0x00000171516bd000 JavaThread "jar transforms Thread 97" [_thread_blocked, id=10872, stack(0x00000047b2b00000,0x00000047b2c00000)]
  0x00000171516c3000 JavaThread "Memory manager" [_thread_blocked, id=9608, stack(0x00000047b3000000,0x00000047b3100000)]
  0x00000171516be000 JavaThread "build event listener" [_thread_blocked, id=12468, stack(0x00000047b3400000,0x00000047b3500000)]
  0x00000171516be800 JavaThread "build event listener" [_thread_blocked, id=11312, stack(0x00000047b3500000,0x00000047b3600000)]
  0x00000171516c3800 JavaThread "Execution worker for ':'" [_thread_blocked, id=888, stack(0x00000047b3600000,0x00000047b3700000)]
  0x00000171516c4800 JavaThread "Execution worker for ':' Thread 2" [_thread_blocked, id=8208, stack(0x00000047b3700000,0x00000047b3800000)]
  0x00000171516c5000 JavaThread "Execution worker for ':' Thread 3" [_thread_blocked, id=5160, stack(0x00000047b3800000,0x00000047b3900000)]
  0x0000017156ad3000 JavaThread "Cache worker for execution history cache (D:\study\s5\Mobile\Projet\Xtrend-App\.gradle\6.7.1\executionHistory)" [_thread_blocked, id=12936, stack(0x00000047b3900000,0x00000047b3a00000)]
=>0x000001715663a000 JavaThread "C2 CompilerThread1" daemon [_thread_in_native, id=1416, stack(0x00000047b3c00000,0x00000047b3d00000)]
  0x0000017156ad4800 JavaThread "WorkerExecutor Queue" [_thread_in_Java, id=3864, stack(0x00000047b3d00000,0x00000047b3e00000)]

Other Threads:
  0x0000017150ab3800 VMThread "VM Thread" [stack: 0x00000047a9e00000,0x00000047a9f00000] [id=10644]
  0x0000017150c9c000 WatcherThread [stack: 0x00000047aa800000,0x00000047aa900000] [id=4836]
  0x000001713681b800 GCTaskThread "GC Thread#0" [stack: 0x00000047a9900000,0x00000047a9a00000] [id=8840]
  0x000001715149f800 GCTaskThread "GC Thread#1" [stack: 0x00000047aaa00000,0x00000047aab00000] [id=3408]
  0x00000171514cb800 GCTaskThread "GC Thread#2" [stack: 0x00000047aab00000,0x00000047aac00000] [id=9620]
  0x00000171523f4000 GCTaskThread "GC Thread#3" [stack: 0x00000047ab900000,0x00000047aba00000] [id=3384]
  0x000001713684e800 ConcurrentGCThread "G1 Main Marker" [stack: 0x00000047a9a00000,0x00000047a9b00000] [id=4324]
  0x0000017136850000 ConcurrentGCThread "G1 Conc#0" [stack: 0x00000047a9b00000,0x00000047a9c00000] [id=10440]
  0x00000171500ed800 ConcurrentGCThread "G1 Refine#0" [stack: 0x00000047a9c00000,0x00000047a9d00000] [id=11652]
  0x00000171500ef000 ConcurrentGCThread "G1 Young RemSet Sampling" [stack: 0x00000047a9d00000,0x00000047a9e00000] [id=6872]

Threads with active compile tasks:
C2 CompilerThread0  31136 9185   !   4       com.google.common.cache.LocalCache$Segment::get (210 bytes)
C2 CompilerThread1  31136 9245       4       org.gradle.api.internal.artifacts.result.DefaultResolutionResult::eachElement (92 bytes)

VM state:not at safepoint (normal execution)

VM Mutex/Monitor currently owned by a thread: None

Heap address: 0x0000000080000000, size: 2048 MB, Compressed Oops mode: 32-bit
Narrow klass base: 0x0000000000000000, Narrow klass shift: 3
Compressed class space size: 1073741824 Address: 0x0000000100000000

Heap:
 garbage-first heap   total 157696K, used 90893K [0x0000000080000000, 0x0000000100000000)
  region size 1024K, 30 young (30720K), 6 survivors (6144K)
 Metaspace       used 77060K, capacity 78965K, committed 79308K, reserved 1118208K
  class space    used 9984K, capacity 10636K, committed 10752K, reserved 1048576K
Heap Regions: E=young(eden), S=young(survivor), O=old, HS=humongous(starts), HC=humongous(continues), CS=collection set, F=free, A=archive, TAMS=top-at-mark-start (previous, next)
|   0|0x0000000080000000, 0x0000000080100000, 0x0000000080100000|100%| O|  |TAMS 0x0000000080100000, 0x0000000080000000| Untracked 
|   1|0x0000000080100000, 0x0000000080200000, 0x0000000080200000|100%| O|  |TAMS 0x0000000080200000, 0x0000000080100000| Untracked 
|   2|0x0000000080200000, 0x0000000080300000, 0x0000000080300000|100%| O|  |TAMS 0x0000000080300000, 0x0000000080200000| Untracked 
|   3|0x0000000080300000, 0x0000000080400000, 0x0000000080400000|100%|HS|  |TAMS 0x0000000080400000, 0x0000000080300000| Complete 
|   4|0x0000000080400000, 0x0000000080500000, 0x0000000080500000|100%|HC|  |TAMS 0x0000000080500000, 0x0000000080400000| Complete 
|   5|0x0000000080500000, 0x0000000080600000, 0x0000000080600000|100%|HC|  |TAMS 0x0000000080600000, 0x0000000080500000| Complete 
|   6|0x0000000080600000, 0x0000000080700000, 0x0000000080700000|100%| O|  |TAMS 0x0000000080700000, 0x0000000080600000| Untracked 
|   7|0x0000000080700000, 0x0000000080800000, 0x0000000080800000|100%| O|  |TAMS 0x0000000080800000, 0x0000000080700000| Untracked 
|   8|0x0000000080800000, 0x0000000080900000, 0x0000000080900000|100%| O|  |TAMS 0x0000000080900000, 0x0000000080800000| Untracked 
|   9|0x0000000080900000, 0x0000000080a00000, 0x0000000080a00000|100%| O|  |TAMS 0x0000000080a00000, 0x0000000080900000| Untracked 
|  10|0x0000000080a00000, 0x0000000080b00000, 0x0000000080b00000|100%| O|  |TAMS 0x0000000080b00000, 0x0000000080a00000| Untracked 
|  11|0x0000000080b00000, 0x0000000080c00000, 0x0000000080c00000|100%| O|  |TAMS 0x0000000080c00000, 0x0000000080b00000| Untracked 
|  12|0x0000000080c00000, 0x0000000080d00000, 0x0000000080d00000|100%| O|  |TAMS 0x0000000080d00000, 0x0000000080c00000| Untracked 
|  13|0x0000000080d00000, 0x0000000080e00000, 0x0000000080e00000|100%| O|  |TAMS 0x0000000080e00000, 0x0000000080d00000| Untracked 
|  14|0x0000000080e00000, 0x0000000080f00000, 0x0000000080f00000|100%| O|  |TAMS 0x0000000080f00000, 0x0000000080e00000| Untracked 
|  15|0x0000000080f00000, 0x0000000081000000, 0x0000000081000000|100%| O|  |TAMS 0x0000000081000000, 0x0000000080f00000| Untracked 
|  16|0x0000000081000000, 0x0000000081100000, 0x0000000081100000|100%| O|  |TAMS 0x0000000081100000, 0x0000000081000000| Untracked 
|  17|0x0000000081100000, 0x0000000081200000, 0x0000000081200000|100%| O|  |TAMS 0x0000000081200000, 0x0000000081100000| Untracked 
|  18|0x0000000081200000, 0x0000000081300000, 0x0000000081300000|100%| O|  |TAMS 0x0000000081300000, 0x0000000081200000| Untracked 
|  19|0x0000000081300000, 0x0000000081400000, 0x0000000081400000|100%| O|  |TAMS 0x0000000081400000, 0x0000000081300000| Untracked 
|  20|0x0000000081400000, 0x0000000081500000, 0x0000000081500000|100%| O|  |TAMS 0x0000000081500000, 0x0000000081400000| Untracked 
|  21|0x0000000081500000, 0x0000000081600000, 0x0000000081600000|100%| O|  |TAMS 0x0000000081600000, 0x0000000081500000| Untracked 
|  22|0x0000000081600000, 0x0000000081700000, 0x0000000081700000|100%|HS|  |TAMS 0x0000000081700000, 0x0000000081600000| Complete 
|  23|0x0000000081700000, 0x0000000081800000, 0x0000000081800000|100%|HS|  |TAMS 0x0000000081800000, 0x0000000081700000| Complete 
|  24|0x0000000081800000, 0x0000000081900000, 0x0000000081900000|100%|HC|  |TAMS 0x0000000081900000, 0x0000000081800000| Complete 
|  25|0x0000000081900000, 0x0000000081a00000, 0x0000000081a00000|100%| O|  |TAMS 0x0000000081a00000, 0x0000000081900000| Untracked 
|  26|0x0000000081a00000, 0x0000000081b00000, 0x0000000081b00000|100%| O|  |TAMS 0x0000000081b00000, 0x0000000081a00000| Untracked 
|  27|0x0000000081b00000, 0x0000000081c00000, 0x0000000081c00000|100%| O|  |TAMS 0x0000000081c00000, 0x0000000081b00000| Untracked 
|  28|0x0000000081c00000, 0x0000000081d00000, 0x0000000081d00000|100%| O|  |TAMS 0x0000000081d00000, 0x0000000081c00000| Untracked 
|  29|0x0000000081d00000, 0x0000000081e00000, 0x0000000081e00000|100%| O|  |TAMS 0x0000000081e00000, 0x0000000081d00000| Untracked 
|  30|0x0000000081e00000, 0x0000000081f00000, 0x0000000081f00000|100%| O|  |TAMS 0x0000000081e00000, 0x0000000081e00000| Untracked 
|  31|0x0000000081f00000, 0x0000000082000000, 0x0000000082000000|100%| O|  |TAMS 0x0000000082000000, 0x0000000081f00000| Untracked 
|  32|0x0000000082000000, 0x0000000082100000, 0x0000000082100000|100%| O|  |TAMS 0x0000000082100000, 0x0000000082000000| Untracked 
|  33|0x0000000082100000, 0x0000000082200000, 0x0000000082200000|100%| O|  |TAMS 0x0000000082200000, 0x0000000082100000| Untracked 
|  34|0x0000000082200000, 0x0000000082300000, 0x0000000082300000|100%| O|  |TAMS 0x0000000082300000, 0x0000000082200000| Untracked 
|  35|0x0000000082300000, 0x0000000082400000, 0x0000000082400000|100%| O|  |TAMS 0x0000000082400000, 0x0000000082300000| Untracked 
|  36|0x0000000082400000, 0x0000000082500000, 0x0000000082500000|100%| O|  |TAMS 0x0000000082500000, 0x0000000082400000| Untracked 
|  37|0x0000000082500000, 0x0000000082600000, 0x0000000082600000|100%| O|  |TAMS 0x0000000082600000, 0x0000000082500000| Untracked 
|  38|0x0000000082600000, 0x0000000082700000, 0x0000000082700000|100%| O|  |TAMS 0x0000000082700000, 0x0000000082600000| Untracked 
|  39|0x0000000082700000, 0x0000000082800000, 0x0000000082800000|100%| O|  |TAMS 0x0000000082800000, 0x0000000082700000| Untracked 
|  40|0x0000000082800000, 0x0000000082900000, 0x0000000082900000|100%| O|  |TAMS 0x0000000082800000, 0x0000000082800000| Untracked 
|  41|0x0000000082900000, 0x0000000082a00000, 0x0000000082a00000|100%| O|  |TAMS 0x0000000082900000, 0x0000000082900000| Untracked 
|  42|0x0000000082a00000, 0x0000000082b00000, 0x0000000082b00000|100%| O|  |TAMS 0x0000000082a00000, 0x0000000082a00000| Untracked 
|  43|0x0000000082b00000, 0x0000000082c00000, 0x0000000082c00000|100%| O|  |TAMS 0x0000000082b00000, 0x0000000082b00000| Untracked 
|  44|0x0000000082c00000, 0x0000000082d00000, 0x0000000082d00000|100%| O|  |TAMS 0x0000000082c00000, 0x0000000082c00000| Untracked 
|  45|0x0000000082d00000, 0x0000000082e00000, 0x0000000082e00000|100%| O|  |TAMS 0x0000000082d00000, 0x0000000082d00000| Untracked 
|  46|0x0000000082e00000, 0x0000000082f00000, 0x0000000082f00000|100%| O|  |TAMS 0x0000000082e00000, 0x0000000082e00000| Untracked 
|  47|0x0000000082f00000, 0x0000000083000000, 0x0000000083000000|100%| O|  |TAMS 0x0000000082f00000, 0x0000000082f00000| Untracked 
|  48|0x0000000083000000, 0x0000000083100000, 0x0000000083100000|100%| O|  |TAMS 0x0000000083000000, 0x0000000083000000| Untracked 
|  49|0x0000000083100000, 0x0000000083200000, 0x0000000083200000|100%| O|  |TAMS 0x0000000083100000, 0x0000000083100000| Untracked 
|  50|0x0000000083200000, 0x0000000083300000, 0x0000000083300000|100%| O|  |TAMS 0x0000000083200000, 0x0000000083200000| Untracked 
|  51|0x0000000083300000, 0x0000000083400000, 0x0000000083400000|100%| O|  |TAMS 0x0000000083300000, 0x0000000083300000| Untracked 
|  52|0x0000000083400000, 0x0000000083500000, 0x0000000083500000|100%| O|  |TAMS 0x0000000083400000, 0x0000000083400000| Untracked 
|  53|0x0000000083500000, 0x0000000083600000, 0x0000000083600000|100%| O|  |TAMS 0x0000000083500000, 0x0000000083500000| Untracked 
|  54|0x0000000083600000, 0x0000000083700000, 0x0000000083700000|100%| O|  |TAMS 0x0000000083600000, 0x0000000083600000| Untracked 
|  55|0x0000000083700000, 0x0000000083800000, 0x0000000083800000|100%| O|  |TAMS 0x0000000083700000, 0x0000000083700000| Untracked 
|  56|0x0000000083800000, 0x0000000083900000, 0x0000000083900000|100%| O|  |TAMS 0x0000000083800000, 0x0000000083800000| Untracked 
|  57|0x0000000083900000, 0x0000000083a00000, 0x0000000083a00000|100%| O|  |TAMS 0x0000000083900000, 0x0000000083900000| Untracked 
|  58|0x0000000083a00000, 0x0000000083b00000, 0x0000000083b00000|100%| O|  |TAMS 0x0000000083a00000, 0x0000000083a00000| Untracked 
|  59|0x0000000083b00000, 0x0000000083bc3600, 0x0000000083c00000| 76%| O|  |TAMS 0x0000000083b00000, 0x0000000083b00000| Untracked 
|  60|0x0000000083c00000, 0x0000000083c00000, 0x0000000083d00000|  0%| F|  |TAMS 0x0000000083c00000, 0x0000000083c00000| Untracked 
|  61|0x0000000083d00000, 0x0000000083d00000, 0x0000000083e00000|  0%| F|  |TAMS 0x0000000083d00000, 0x0000000083d00000| Untracked 
|  62|0x0000000083e00000, 0x0000000083e00000, 0x0000000083f00000|  0%| F|  |TAMS 0x0000000083e00000, 0x0000000083e00000| Untracked 
|  63|0x0000000083f00000, 0x0000000083f00000, 0x0000000084000000|  0%| F|  |TAMS 0x0000000083f00000, 0x0000000083f00000| Untracked 
|  64|0x0000000084000000, 0x0000000084000000, 0x0000000084100000|  0%| F|  |TAMS 0x0000000084000000, 0x0000000084000000| Untracked 
|  65|0x0000000084100000, 0x0000000084100000, 0x0000000084200000|  0%| F|  |TAMS 0x0000000084100000, 0x0000000084100000| Untracked 
|  66|0x0000000084200000, 0x0000000084200000, 0x0000000084300000|  0%| F|  |TAMS 0x0000000084200000, 0x0000000084200000| Untracked 
|  67|0x0000000084300000, 0x0000000084300000, 0x0000000084400000|  0%| F|  |TAMS 0x0000000084300000, 0x0000000084300000| Untracked 
|  68|0x0000000084400000, 0x0000000084400000, 0x0000000084500000|  0%| F|  |TAMS 0x0000000084400000, 0x0000000084400000| Untracked 
|  69|0x0000000084500000, 0x0000000084500000, 0x0000000084600000|  0%| F|  |TAMS 0x0000000084500000, 0x0000000084500000| Untracked 
|  70|0x0000000084600000, 0x0000000084600000, 0x0000000084700000|  0%| F|  |TAMS 0x0000000084600000, 0x0000000084600000| Untracked 
|  71|0x0000000084700000, 0x0000000084700000, 0x0000000084800000|  0%| F|  |TAMS 0x0000000084700000, 0x0000000084700000| Untracked 
|  72|0x0000000084800000, 0x0000000084800000, 0x0000000084900000|  0%| F|  |TAMS 0x0000000084800000, 0x0000000084800000| Untracked 
|  73|0x0000000084900000, 0x0000000084900000, 0x0000000084a00000|  0%| F|  |TAMS 0x0000000084900000, 0x0000000084900000| Untracked 
|  74|0x0000000084a00000, 0x0000000084a00000, 0x0000000084b00000|  0%| F|  |TAMS 0x0000000084a00000, 0x0000000084a00000| Untracked 
|  75|0x0000000084b00000, 0x0000000084b00000, 0x0000000084c00000|  0%| F|  |TAMS 0x0000000084b00000, 0x0000000084b00000| Untracked 
|  76|0x0000000084c00000, 0x0000000084c00000, 0x0000000084d00000|  0%| F|  |TAMS 0x0000000084c00000, 0x0000000084c00000| Untracked 
|  77|0x0000000084d00000, 0x0000000084d00000, 0x0000000084e00000|  0%| F|  |TAMS 0x0000000084d00000, 0x0000000084d00000| Untracked 
|  78|0x0000000084e00000, 0x0000000084e00000, 0x0000000084f00000|  0%| F|  |TAMS 0x0000000084e00000, 0x0000000084e00000| Untracked 
|  79|0x0000000084f00000, 0x0000000084f00000, 0x0000000085000000|  0%| F|  |TAMS 0x0000000084f00000, 0x0000000084f00000| Untracked 
|  80|0x0000000085000000, 0x0000000085000000, 0x0000000085100000|  0%| F|  |TAMS 0x0000000085000000, 0x0000000085000000| Untracked 
|  81|0x0000000085100000, 0x0000000085200000, 0x0000000085200000|100%| S|CS|TAMS 0x0000000085100000, 0x0000000085100000| Complete 
|  82|0x0000000085200000, 0x0000000085200000, 0x0000000085300000|  0%| F|  |TAMS 0x0000000085200000, 0x0000000085200000| Untracked 
|  83|0x0000000085300000, 0x0000000085300000, 0x0000000085400000|  0%| F|  |TAMS 0x0000000085300000, 0x0000000085300000| Untracked 
|  84|0x0000000085400000, 0x0000000085400000, 0x0000000085500000|  0%| F|  |TAMS 0x0000000085400000, 0x0000000085400000| Untracked 
|  85|0x0000000085500000, 0x0000000085500000, 0x0000000085600000|  0%| F|  |TAMS 0x0000000085500000, 0x0000000085500000| Untracked 
|  86|0x0000000085600000, 0x0000000085600000, 0x0000000085700000|  0%| F|  |TAMS 0x0000000085600000, 0x0000000085600000| Untracked 
|  87|0x0000000085700000, 0x0000000085700000, 0x0000000085800000|  0%| F|  |TAMS 0x0000000085700000, 0x0000000085700000| Untracked 
|  88|0x0000000085800000, 0x0000000085800000, 0x0000000085900000|  0%| F|  |TAMS 0x0000000085800000, 0x0000000085800000| Untracked 
|  89|0x0000000085900000, 0x0000000085a00000, 0x0000000085a00000|100%| S|CS|TAMS 0x0000000085900000, 0x0000000085900000| Complete 
|  90|0x0000000085a00000, 0x0000000085b00000, 0x0000000085b00000|100%| S|CS|TAMS 0x0000000085a00000, 0x0000000085a00000| Complete 
|  91|0x0000000085b00000, 0x0000000085c00000, 0x0000000085c00000|100%| S|CS|TAMS 0x0000000085b00000, 0x0000000085b00000| Complete 
|  92|0x0000000085c00000, 0x0000000085d00000, 0x0000000085d00000|100%| S|CS|TAMS 0x0000000085c00000, 0x0000000085c00000| Complete 
|  93|0x0000000085d00000, 0x0000000085e00000, 0x0000000085e00000|100%| S|CS|TAMS 0x0000000085d00000, 0x0000000085d00000| Complete 
|  94|0x0000000085e00000, 0x0000000085e00000, 0x0000000085f00000|  0%| F|  |TAMS 0x0000000085e00000, 0x0000000085e00000| Untracked 
|  95|0x0000000085f00000, 0x0000000085f00000, 0x0000000086000000|  0%| F|  |TAMS 0x0000000085f00000, 0x0000000085f00000| Untracked 
|  96|0x0000000086000000, 0x0000000086000000, 0x0000000086100000|  0%| F|  |TAMS 0x0000000086000000, 0x0000000086000000| Untracked 
|  97|0x0000000086100000, 0x0000000086100000, 0x0000000086200000|  0%| F|  |TAMS 0x0000000086100000, 0x0000000086100000| Untracked 
|  98|0x0000000086200000, 0x0000000086200000, 0x0000000086300000|  0%| F|  |TAMS 0x0000000086200000, 0x0000000086200000| Untracked 
|  99|0x0000000086300000, 0x0000000086300000, 0x0000000086400000|  0%| F|  |TAMS 0x0000000086300000, 0x0000000086300000| Untracked 
| 100|0x0000000086400000, 0x0000000086400000, 0x0000000086500000|  0%| F|  |TAMS 0x0000000086400000, 0x0000000086400000| Untracked 
| 101|0x0000000086500000, 0x0000000086500000, 0x0000000086600000|  0%| F|  |TAMS 0x0000000086500000, 0x0000000086500000| Untracked 
| 102|0x0000000086600000, 0x0000000086600000, 0x0000000086700000|  0%| F|  |TAMS 0x0000000086600000, 0x0000000086600000| Untracked 
| 103|0x0000000086700000, 0x0000000086700000, 0x0000000086800000|  0%| F|  |TAMS 0x0000000086700000, 0x0000000086700000| Untracked 
| 104|0x0000000086800000, 0x0000000086800000, 0x0000000086900000|  0%| F|  |TAMS 0x0000000086800000, 0x0000000086800000| Untracked 
| 105|0x0000000086900000, 0x0000000086900000, 0x0000000086a00000|  0%| F|  |TAMS 0x0000000086900000, 0x0000000086900000| Untracked 
| 106|0x0000000086a00000, 0x0000000086a00000, 0x0000000086b00000|  0%| F|  |TAMS 0x0000000086a00000, 0x0000000086a00000| Untracked 
| 107|0x0000000086b00000, 0x0000000086b00000, 0x0000000086c00000|  0%| F|  |TAMS 0x0000000086b00000, 0x0000000086b00000| Untracked 
| 108|0x0000000086c00000, 0x0000000086c00000, 0x0000000086d00000|  0%| F|  |TAMS 0x0000000086c00000, 0x0000000086c00000| Untracked 
| 109|0x0000000086d00000, 0x0000000086d00000, 0x0000000086e00000|  0%| F|  |TAMS 0x0000000086d00000, 0x0000000086d00000| Untracked 
| 110|0x0000000086e00000, 0x0000000086e00000, 0x0000000086f00000|  0%| F|  |TAMS 0x0000000086e00000, 0x0000000086e00000| Untracked 
| 111|0x0000000086f00000, 0x0000000086f00000, 0x0000000087000000|  0%| F|  |TAMS 0x0000000086f00000, 0x0000000086f00000| Untracked 
| 112|0x0000000087000000, 0x0000000087000000, 0x0000000087100000|  0%| F|  |TAMS 0x0000000087000000, 0x0000000087000000| Untracked 
| 113|0x0000000087100000, 0x0000000087100000, 0x0000000087200000|  0%| F|  |TAMS 0x0000000087100000, 0x0000000087100000| Untracked 
| 114|0x0000000087200000, 0x0000000087200000, 0x0000000087300000|  0%| F|  |TAMS 0x0000000087200000, 0x0000000087200000| Untracked 
| 115|0x0000000087300000, 0x0000000087300000, 0x0000000087400000|  0%| F|  |TAMS 0x0000000087300000, 0x0000000087300000| Untracked 
| 116|0x0000000087400000, 0x0000000087400000, 0x0000000087500000|  0%| F|  |TAMS 0x0000000087400000, 0x0000000087400000| Untracked 
| 117|0x0000000087500000, 0x0000000087500000, 0x0000000087600000|  0%| F|  |TAMS 0x0000000087500000, 0x0000000087500000| Untracked 
| 118|0x0000000087600000, 0x0000000087600000, 0x0000000087700000|  0%| F|  |TAMS 0x0000000087600000, 0x0000000087600000| Untracked 
| 119|0x0000000087700000, 0x0000000087700000, 0x0000000087800000|  0%| F|  |TAMS 0x0000000087700000, 0x0000000087700000| Untracked 
| 120|0x0000000087800000, 0x0000000087800000, 0x0000000087900000|  0%| F|  |TAMS 0x0000000087800000, 0x0000000087800000| Untracked 
| 121|0x0000000087900000, 0x0000000087900000, 0x0000000087a00000|  0%| F|  |TAMS 0x0000000087900000, 0x0000000087900000| Untracked 
| 122|0x0000000087a00000, 0x0000000087a00000, 0x0000000087b00000|  0%| F|  |TAMS 0x0000000087a00000, 0x0000000087a00000| Untracked 
| 123|0x0000000087b00000, 0x0000000087b00000, 0x0000000087c00000|  0%| F|  |TAMS 0x0000000087b00000, 0x0000000087b00000| Untracked 
| 124|0x0000000087c00000, 0x0000000087c00000, 0x0000000087d00000|  0%| F|  |TAMS 0x0000000087c00000, 0x0000000087c00000| Untracked 
| 125|0x0000000087d00000, 0x0000000087d00000, 0x0000000087e00000|  0%| F|  |TAMS 0x0000000087d00000, 0x0000000087d00000| Untracked 
| 126|0x0000000087e00000, 0x0000000087e00000, 0x0000000087f00000|  0%| F|  |TAMS 0x0000000087e00000, 0x0000000087e00000| Untracked 
| 127|0x0000000087f00000, 0x0000000087f00000, 0x0000000088000000|  0%| F|  |TAMS 0x0000000087f00000, 0x0000000087f00000| Untracked 
| 128|0x0000000088000000, 0x0000000088000000, 0x0000000088100000|  0%| F|  |TAMS 0x0000000088000000, 0x0000000088000000| Untracked 
| 129|0x0000000088100000, 0x0000000088100000, 0x0000000088200000|  0%| F|  |TAMS 0x0000000088100000, 0x0000000088100000| Untracked 
| 130|0x0000000088200000, 0x0000000088275358, 0x0000000088300000| 45%| E|  |TAMS 0x0000000088200000, 0x0000000088200000| Complete 
| 131|0x0000000088300000, 0x0000000088400000, 0x0000000088400000|100%| E|CS|TAMS 0x0000000088300000, 0x0000000088300000| Complete 
| 132|0x0000000088400000, 0x0000000088500000, 0x0000000088500000|100%| E|CS|TAMS 0x0000000088400000, 0x0000000088400000| Complete 
| 133|0x0000000088500000, 0x0000000088600000, 0x0000000088600000|100%| E|CS|TAMS 0x0000000088500000, 0x0000000088500000| Complete 
| 134|0x0000000088600000, 0x0000000088700000, 0x0000000088700000|100%| E|CS|TAMS 0x0000000088600000, 0x0000000088600000| Complete 
| 135|0x0000000088700000, 0x0000000088800000, 0x0000000088800000|100%| E|CS|TAMS 0x0000000088700000, 0x0000000088700000| Complete 
| 136|0x0000000088800000, 0x0000000088900000, 0x0000000088900000|100%| E|CS|TAMS 0x0000000088800000, 0x0000000088800000| Complete 
| 137|0x0000000088900000, 0x0000000088a00000, 0x0000000088a00000|100%| E|CS|TAMS 0x0000000088900000, 0x0000000088900000| Complete 
| 138|0x0000000088a00000, 0x0000000088b00000, 0x0000000088b00000|100%| E|CS|TAMS 0x0000000088a00000, 0x0000000088a00000| Complete 
| 139|0x0000000088b00000, 0x0000000088c00000, 0x0000000088c00000|100%| E|CS|TAMS 0x0000000088b00000, 0x0000000088b00000| Complete 
| 140|0x0000000088c00000, 0x0000000088d00000, 0x0000000088d00000|100%| E|CS|TAMS 0x0000000088c00000, 0x0000000088c00000| Complete 
| 141|0x0000000088d00000, 0x0000000088e00000, 0x0000000088e00000|100%| E|CS|TAMS 0x0000000088d00000, 0x0000000088d00000| Complete 
| 142|0x0000000088e00000, 0x0000000088f00000, 0x0000000088f00000|100%| E|CS|TAMS 0x0000000088e00000, 0x0000000088e00000| Complete 
| 143|0x0000000088f00000, 0x0000000089000000, 0x0000000089000000|100%| E|CS|TAMS 0x0000000088f00000, 0x0000000088f00000| Complete 
| 144|0x0000000089000000, 0x0000000089100000, 0x0000000089100000|100%| E|CS|TAMS 0x0000000089000000, 0x0000000089000000| Complete 
| 145|0x0000000089100000, 0x0000000089200000, 0x0000000089200000|100%| E|CS|TAMS 0x0000000089100000, 0x0000000089100000| Complete 
| 146|0x0000000089200000, 0x0000000089300000, 0x0000000089300000|100%| E|CS|TAMS 0x0000000089200000, 0x0000000089200000| Complete 
| 147|0x0000000089300000, 0x0000000089400000, 0x0000000089400000|100%| E|CS|TAMS 0x0000000089300000, 0x0000000089300000| Complete 
| 148|0x0000000089400000, 0x0000000089500000, 0x0000000089500000|100%| E|CS|TAMS 0x0000000089400000, 0x0000000089400000| Complete 
| 149|0x0000000089500000, 0x0000000089600000, 0x0000000089600000|100%| E|CS|TAMS 0x0000000089500000, 0x0000000089500000| Complete 
| 150|0x0000000089600000, 0x0000000089700000, 0x0000000089700000|100%| E|CS|TAMS 0x0000000089600000, 0x0000000089600000| Complete 
| 151|0x0000000089700000, 0x0000000089800000, 0x0000000089800000|100%| E|CS|TAMS 0x0000000089700000, 0x0000000089700000| Complete 
| 152|0x0000000089800000, 0x0000000089900000, 0x0000000089900000|100%| E|CS|TAMS 0x0000000089800000, 0x0000000089800000| Complete 
| 153|0x0000000089900000, 0x0000000089a00000, 0x0000000089a00000|100%| E|CS|TAMS 0x0000000089900000, 0x0000000089900000| Complete 

Card table byte_map: [0x0000017149580000,0x0000017149980000] _byte_map_base: 0x0000017149180000

Marking Bits (Prev, Next): (CMBitMap*) 0x0000017136845d00, (CMBitMap*) 0x0000017136845cc8
 Prev Bits: [0x000001714bd80000, 0x000001714dd80000)
 Next Bits: [0x0000017149d80000, 0x000001714bd80000)

Polling page: 0x00000171348a0000

Metaspace:

Usage:
  Non-class:     66.73 MB capacity,    65.50 MB ( 98%) used,     1.03 MB (  2%) free+waste,   199.19 KB ( <1%) overhead. 
      Class:     10.39 MB capacity,     9.75 MB ( 94%) used,   561.73 KB (  5%) free+waste,    89.63 KB ( <1%) overhead. 
       Both:     77.11 MB capacity,    75.25 MB ( 98%) used,     1.58 MB (  2%) free+waste,   288.81 KB ( <1%) overhead. 

Virtual space:
  Non-class space:       68.00 MB reserved,      66.95 MB ( 98%) committed 
      Class space:        1.00 GB reserved,      10.50 MB (  1%) committed 
             Both:        1.07 GB reserved,      77.45 MB (  7%) committed 

Chunk freelists:
   Non-Class:  35.00 KB
       Class:  20.00 KB
        Both:  55.00 KB

MaxMetaspaceSize: 17179869184.00 GB
CompressedClassSpaceSize: 1.00 GB

CodeHeap 'non-profiled nmethods': size=120064Kb used=5402Kb max_used=5402Kb free=114661Kb
 bounds [0x0000017141c40000, 0x0000017142190000, 0x0000017149180000]
CodeHeap 'profiled nmethods': size=120000Kb used=19294Kb max_used=19294Kb free=100705Kb
 bounds [0x000001713a710000, 0x000001713b9f0000, 0x0000017141c40000]
CodeHeap 'non-nmethods': size=5696Kb used=2246Kb max_used=2297Kb free=3449Kb
 bounds [0x000001713a180000, 0x000001713a3f0000, 0x000001713a710000]
 total_blobs=9871 nmethods=9034 adapters=748
 compilation: enabled
              stopped_count=0, restarted_count=0
 full_count=0

Compilation events (20 events):
Event: 30.946 Thread 0x0000017150b00000 9270       3       java.io.ObjectOutputStream$BlockDataOutputStream::writeBlockHeader (70 bytes)
Event: 30.946 Thread 0x0000017150b00000 nmethod 9270 0x000001713b9d8a90 code [0x000001713b9d8c80, 0x000001713b9d9048]
Event: 30.946 Thread 0x0000017150b00000 9272       3       java.io.ObjectOutputStream::writeFloat (9 bytes)
Event: 30.947 Thread 0x0000017150b00000 nmethod 9272 0x000001713b9d9210 code [0x000001713b9d93c0, 0x000001713b9d9508]
Event: 30.947 Thread 0x0000017150b00000 9269       3       org.gradle.api.internal.tasks.properties.AbstractPropertySpec::compareTo (9 bytes)
Event: 30.947 Thread 0x0000017150b00000 nmethod 9269 0x000001713b9d9610 code [0x000001713b9d9800, 0x000001713b9d9ca8]
Event: 30.947 Thread 0x0000017150b00000 9267       3       java.lang.reflect.Proxy::isProxyClass (22 bytes)
Event: 30.948 Thread 0x0000017150b00000 nmethod 9267 0x000001713b9d9e10 code [0x000001713b9da0e0, 0x000001713b9db068]
Event: 30.978 Thread 0x0000017150b00000 9276       3       java.lang.invoke.MethodType::methodType (14 bytes)
Event: 30.979 Thread 0x0000017150b00000 nmethod 9276 0x000001713b9db590 code [0x000001713b9db760, 0x000001713b9dba88]
Event: 30.993 Thread 0x0000017150b00000 9278       3       java.lang.invoke.DelegatingMethodHandle::<init> (10 bytes)
Event: 30.994 Thread 0x0000017150b00000 nmethod 9278 0x000001713b9dbb90 code [0x000001713b9dbd80, 0x000001713b9dc1b8]
Event: 31.034 Thread 0x0000017150afc000 nmethod 9123 0x0000017142173a90 code [0x00000171421741e0, 0x000001714217dd00]
Event: 31.034 Thread 0x0000017150afc000 9235       4       org.gradle.api.internal.artifacts.transform.DefaultTransformer::isIsolated (18 bytes)
Event: 31.036 Thread 0x0000017150afc000 nmethod 9235 0x0000017142184810 code [0x00000171421849a0, 0x0000017142184a38]
Event: 31.036 Thread 0x0000017150afc000 9217       4       org.gradle.api.internal.artifacts.transform.CacheableInvocation$1::getCachedResult (22 bytes)
Event: 31.052 Thread 0x0000017150afc000 nmethod 9217 0x0000017142184b10 code [0x0000017142184d00, 0x0000017142185148]
Event: 31.052 Thread 0x0000017150afc000 9228       4       org.gradle.internal.snapshot.AbstractCompleteFileSystemLocationSnapshot$PathCompressingSnapshotWrapper::getSnapshot (8 bytes)
Event: 31.054 Thread 0x0000017150afc000 nmethod 9228 0x0000017142185510 code [0x00000171421856c0, 0x0000017142185818]
Event: 31.054 Thread 0x0000017150afc000 9231       4       org.gradle.api.internal.artifacts.transform.DefaultTransformerInvocationFactory$ImmutableTransformationWorkspaceIdentity::equals (89 bytes)

GC Heap History (20 events):
Event: 9.185 GC heap before
{Heap before GC invocations=9 (full 0):
 garbage-first heap   total 131072K, used 80923K [0x0000000080000000, 0x0000000100000000)
  region size 1024K, 61 young (62464K), 6 survivors (6144K)
 Metaspace       used 40663K, capacity 41498K, committed 41548K, reserved 1085440K
  class space    used 5192K, capacity 5501K, committed 5504K, reserved 1048576K
}
Event: 9.202 GC heap after
{Heap after GC invocations=10 (full 0):
 garbage-first heap   total 131072K, used 24887K [0x0000000080000000, 0x0000000100000000)
  region size 1024K, 7 young (7168K), 7 survivors (7168K)
 Metaspace       used 40663K, capacity 41498K, committed 41548K, reserved 1085440K
  class space    used 5192K, capacity 5501K, committed 5504K, reserved 1048576K
}
Event: 11.832 GC heap before
{Heap before GC invocations=10 (full 0):
 garbage-first heap   total 131072K, used 84279K [0x0000000080000000, 0x0000000100000000)
  region size 1024K, 65 young (66560K), 7 survivors (7168K)
 Metaspace       used 44160K, capacity 45127K, committed 45388K, reserved 1089536K
  class space    used 5657K, capacity 6010K, committed 6016K, reserved 1048576K
}
Event: 11.850 GC heap after
{Heap after GC invocations=11 (full 0):
 garbage-first heap   total 157696K, used 28655K [0x0000000080000000, 0x0000000100000000)
  region size 1024K, 7 young (7168K), 7 survivors (7168K)
 Metaspace       used 44160K, capacity 45127K, committed 45388K, reserved 1089536K
  class space    used 5657K, capacity 6010K, committed 6016K, reserved 1048576K
}
Event: 15.964 GC heap before
{Heap before GC invocations=11 (full 0):
 garbage-first heap   total 157696K, used 105455K [0x0000000080000000, 0x0000000100000000)
  region size 1024K, 80 young (81920K), 7 survivors (7168K)
 Metaspace       used 51454K, capacity 52658K, committed 52812K, reserved 1095680K
  class space    used 6573K, capacity 6996K, committed 7040K, reserved 1048576K
}
Event: 15.982 GC heap after
{Heap after GC invocations=12 (full 0):
 garbage-first heap   total 157696K, used 40084K [0x0000000080000000, 0x0000000100000000)
  region size 1024K, 10 young (10240K), 10 survivors (10240K)
 Metaspace       used 51454K, capacity 52658K, committed 52812K, reserved 1095680K
  class space    used 6573K, capacity 6996K, committed 7040K, reserved 1048576K
}
Event: 17.831 GC heap before
{Heap before GC invocations=12 (full 0):
 garbage-first heap   total 157696K, used 99476K [0x0000000080000000, 0x0000000100000000)
  region size 1024K, 68 young (69632K), 10 survivors (10240K)
 Metaspace       used 58699K, capacity 60121K, committed 60288K, reserved 1101824K
  class space    used 7432K, capacity 7907K, committed 7936K, reserved 1048576K
}
Event: 17.872 GC heap after
{Heap after GC invocations=13 (full 0):
 garbage-first heap   total 157696K, used 45732K [0x0000000080000000, 0x0000000100000000)
  region size 1024K, 6 young (6144K), 6 survivors (6144K)
 Metaspace       used 58699K, capacity 60121K, committed 60288K, reserved 1101824K
  class space    used 7432K, capacity 7907K, committed 7936K, reserved 1048576K
}
Event: 20.016 GC heap before
{Heap before GC invocations=14 (full 0):
 garbage-first heap   total 157696K, used 110244K [0x0000000080000000, 0x0000000100000000)
  region size 1024K, 69 young (70656K), 6 survivors (6144K)
 Metaspace       used 64306K, capacity 65784K, committed 65996K, reserved 1105920K
  class space    used 8367K, capacity 8869K, committed 8960K, reserved 1048576K
}
Event: 20.033 GC heap after
{Heap after GC invocations=15 (full 0):
 garbage-first heap   total 157696K, used 50069K [0x0000000080000000, 0x0000000100000000)
  region size 1024K, 6 young (6144K), 6 survivors (6144K)
 Metaspace       used 64306K, capacity 65784K, committed 65996K, reserved 1105920K
  class space    used 8367K, capacity 8869K, committed 8960K, reserved 1048576K
}
Event: 22.177 GC heap before
{Heap before GC invocations=15 (full 0):
 garbage-first heap   total 157696K, used 114581K [0x0000000080000000, 0x0000000100000000)
  region size 1024K, 69 young (70656K), 6 survivors (6144K)
 Metaspace       used 71277K, capacity 72917K, committed 73164K, reserved 1112064K
  class space    used 9356K, capacity 9944K, committed 9984K, reserved 1048576K
}
Event: 22.194 GC heap after
{Heap after GC invocations=16 (full 0):
 garbage-first heap   total 157696K, used 53672K [0x0000000080000000, 0x0000000100000000)
  region size 1024K, 4 young (4096K), 4 survivors (4096K)
 Metaspace       used 71277K, capacity 72917K, committed 73164K, reserved 1112064K
  class space    used 9356K, capacity 9944K, committed 9984K, reserved 1048576K
}
Event: 25.493 GC heap before
{Heap before GC invocations=16 (full 0):
 garbage-first heap   total 157696K, used 117160K [0x0000000080000000, 0x0000000100000000)
  region size 1024K, 67 young (68608K), 4 survivors (4096K)
 Metaspace       used 75429K, capacity 77223K, committed 77260K, reserved 1116160K
  class space    used 9834K, capacity 10496K, committed 10496K, reserved 1048576K
}
Event: 25.511 GC heap after
{Heap after GC invocations=17 (full 0):
 garbage-first heap   total 157696K, used 58419K [0x0000000080000000, 0x0000000100000000)
  region size 1024K, 9 young (9216K), 9 survivors (9216K)
 Metaspace       used 75429K, capacity 77223K, committed 77260K, reserved 1116160K
  class space    used 9834K, capacity 10496K, committed 10496K, reserved 1048576K
}
Event: 27.510 GC heap before
{Heap before GC invocations=17 (full 0):
 garbage-first heap   total 157696K, used 119859K [0x0000000080000000, 0x0000000100000000)
  region size 1024K, 70 young (71680K), 9 survivors (9216K)
 Metaspace       used 76020K, capacity 77833K, committed 78156K, reserved 1116160K
  class space    used 9855K, capacity 10511K, committed 10624K, reserved 1048576K
}
Event: 27.534 GC heap after
{Heap after GC invocations=18 (full 0):
 garbage-first heap   total 157696K, used 61923K [0x0000000080000000, 0x0000000100000000)
  region size 1024K, 4 young (4096K), 4 survivors (4096K)
 Metaspace       used 76020K, capacity 77833K, committed 78156K, reserved 1116160K
  class space    used 9855K, capacity 10511K, committed 10624K, reserved 1048576K
}
Event: 29.413 GC heap before
{Heap before GC invocations=18 (full 0):
 garbage-first heap   total 157696K, used 123363K [0x0000000080000000, 0x0000000100000000)
  region size 1024K, 65 young (66560K), 4 survivors (4096K)
 Metaspace       used 76518K, capacity 78387K, committed 78668K, reserved 1118208K
  class space    used 9908K, capacity 10572K, committed 10624K, reserved 1048576K
}
Event: 29.425 GC heap after
{Heap after GC invocations=19 (full 0):
 garbage-first heap   total 157696K, used 64853K [0x0000000080000000, 0x0000000100000000)
  region size 1024K, 7 young (7168K), 7 survivors (7168K)
 Metaspace       used 76518K, capacity 78387K, committed 78668K, reserved 1118208K
  class space    used 9908K, capacity 10572K, committed 10624K, reserved 1048576K
}
Event: 30.565 GC heap before
{Heap before GC invocations=19 (full 0):
 garbage-first heap   total 157696K, used 125269K [0x0000000080000000, 0x0000000100000000)
  region size 1024K, 67 young (68608K), 7 survivors (7168K)
 Metaspace       used 76664K, capacity 78535K, committed 78668K, reserved 1118208K
  class space    used 9919K, capacity 10576K, committed 10624K, reserved 1048576K
}
Event: 30.579 GC heap after
{Heap after GC invocations=20 (full 0):
 garbage-first heap   total 157696K, used 67341K [0x0000000080000000, 0x0000000100000000)
  region size 1024K, 6 young (6144K), 6 survivors (6144K)
 Metaspace       used 76664K, capacity 78535K, committed 78668K, reserved 1118208K
  class space    used 9919K, capacity 10576K, committed 10624K, reserved 1048576K
}

Deoptimization events (20 events):
Event: 29.303 Thread 0x0000017152f62000 DEOPT PACKING pc=0x000001713b8f8bc6 sp=0x00000047abcfe9a0
Event: 29.303 Thread 0x0000017152f62000 DEOPT UNPACKING pc=0x000001713a1a72ce sp=0x00000047abcfde40 mode 0
Event: 29.356 Thread 0x00000171523f3800 DEOPT PACKING pc=0x000001713b8f8bc6 sp=0x00000047ab6fe860
Event: 29.356 Thread 0x00000171523f3800 DEOPT UNPACKING pc=0x000001713a1a72ce sp=0x00000047ab6fdd00 mode 0
Event: 29.891 Thread 0x0000017152c38000 Uncommon trap: trap_request=0xffffff4d fr.pc=0x000001714204452c relative=0x000000000000036c
Event: 29.891 Thread 0x0000017152c38000 Uncommon trap: reason=unstable_if action=reinterpret pc=0x000001714204452c method=java.util.concurrent.ConcurrentLinkedQueue.offer(Ljava/lang/Object;)Z @ 42 c2
Event: 29.891 Thread 0x0000017152c38000 DEOPT PACKING pc=0x000001714204452c sp=0x00000047ac8fb910
Event: 29.891 Thread 0x0000017152c38000 DEOPT UNPACKING pc=0x000001713a1a74af sp=0x00000047ac8fb8b0 mode 2
Event: 30.228 Thread 0x00000171516c5000 Uncommon trap: trap_request=0xffffffd6 fr.pc=0x00000171420de84c relative=0x000000000000078c
Event: 30.228 Thread 0x00000171516c5000 Uncommon trap: reason=array_check action=maybe_recompile pc=0x00000171420de84c method=java.util.TimSort.binarySort([Ljava/lang/Object;IIILjava/util/Comparator;)V @ 193 c2
Event: 30.228 Thread 0x00000171516c5000 DEOPT PACKING pc=0x00000171420de84c sp=0x00000047b38fab20
Event: 30.228 Thread 0x00000171516c5000 DEOPT UNPACKING pc=0x000001713a1a74af sp=0x00000047b38faac8 mode 2
Event: 30.975 Thread 0x00000171516c5000 Uncommon trap: trap_request=0xffffff4d fr.pc=0x000001714206f650 relative=0x0000000000000530
Event: 30.975 Thread 0x00000171516c5000 Uncommon trap: reason=unstable_if action=reinterpret pc=0x000001714206f650 method=org.gradle.internal.snapshot.VfsRelativePath.lengthOfCommonPrefix(Ljava/lang/String;Lorg/gradle/internal/snapshot/CaseSensitivity;)I @ 107 c2
Event: 30.975 Thread 0x00000171516c5000 DEOPT PACKING pc=0x000001714206f650 sp=0x00000047b38faad0
Event: 30.975 Thread 0x00000171516c5000 DEOPT UNPACKING pc=0x000001713a1a74af sp=0x00000047b38faa70 mode 2
Event: 31.070 Thread 0x00000171516c5000 Uncommon trap: trap_request=0xffffff4d fr.pc=0x0000017141d969c4 relative=0x0000000000000964
Event: 31.070 Thread 0x00000171516c5000 Uncommon trap: reason=unstable_if action=reinterpret pc=0x0000017141d969c4 method=java.lang.Integer.stringSize(I)I @ 19 c2
Event: 31.070 Thread 0x00000171516c5000 DEOPT PACKING pc=0x0000017141d969c4 sp=0x00000047b38fb240
Event: 31.070 Thread 0x00000171516c5000 DEOPT UNPACKING pc=0x000001713a1a74af sp=0x00000047b38fb198 mode 2

Classes redefined (0 events):
No events

Internal exceptions (20 events):
Event: 27.419 Thread 0x00000171516c5000 Exception <a 'java/lang/NoSuchMethodError'{0x000000008614f370}: <clinit>> (0x000000008614f370) thrown at [./src/hotspot/share/prims/jni.cpp, line 1362]
Event: 27.786 Thread 0x00000171516c5000 Exception <a 'java/lang/NoSuchMethodError'{0x00000000893b44f8}: <clinit>> (0x00000000893b44f8) thrown at [./src/hotspot/share/prims/jni.cpp, line 1362]
Event: 27.786 Thread 0x00000171516c5000 Exception <a 'java/lang/NoSuchMethodError'{0x00000000893b5818}: <clinit>> (0x00000000893b5818) thrown at [./src/hotspot/share/prims/jni.cpp, line 1362]
Event: 27.786 Thread 0x00000171516c5000 Exception <a 'java/lang/NoSuchMethodError'{0x00000000893b7ce0}: <clinit>> (0x00000000893b7ce0) thrown at [./src/hotspot/share/prims/jni.cpp, line 1362]
Event: 27.789 Thread 0x00000171516c5000 Exception <a 'java/lang/NoSuchMethodError'{0x00000000893cfe10}: <clinit>> (0x00000000893cfe10) thrown at [./src/hotspot/share/prims/jni.cpp, line 1362]
Event: 27.790 Thread 0x00000171516c5000 Exception <a 'java/lang/NoSuchMethodError'{0x00000000893d1290}: <clinit>> (0x00000000893d1290) thrown at [./src/hotspot/share/prims/jni.cpp, line 1362]
Event: 29.063 Thread 0x00000171516c5000 Exception <a 'sun/nio/fs/WindowsException'{0x0000000086a09b70}> (0x0000000086a09b70) thrown at [./src/hotspot/share/prims/jni.cpp, line 615]
Event: 29.064 Thread 0x00000171516c5000 Exception <a 'sun/nio/fs/WindowsException'{0x0000000086a0af28}> (0x0000000086a0af28) thrown at [./src/hotspot/share/prims/jni.cpp, line 615]
Event: 29.064 Thread 0x00000171516c5000 Exception <a 'java/lang/NoSuchMethodError'{0x0000000086a0d830}: 'int java.lang.invoke.DirectMethodHandle$Holder.invokeSpecial(java.lang.Object, java.lang.Object, java.lang.Object, java.lang.Object, java.lang.Object)'> (0x0000000086a0d830) thrown at [./src/hotspot/share/interpreter/linkResolver.cpp, line 773]
Event: 29.070 Thread 0x00000171516c5000 Exception <a 'sun/nio/fs/WindowsException'{0x0000000086a34d60}> (0x0000000086a34d60) thrown at [./src/hotspot/share/prims/jni.cpp, line 615]
Event: 29.070 Thread 0x00000171516c5000 Exception <a 'sun/nio/fs/WindowsException'{0x0000000086a35c80}> (0x0000000086a35c80) thrown at [./src/hotspot/share/prims/jni.cpp, line 615]
Event: 29.072 Thread 0x00000171516c5000 Exception <a 'sun/nio/fs/WindowsException'{0x0000000086a3e068}> (0x0000000086a3e068) thrown at [./src/hotspot/share/prims/jni.cpp, line 615]
Event: 29.072 Thread 0x00000171516c5000 Exception <a 'sun/nio/fs/WindowsException'{0x0000000086a3ef98}> (0x0000000086a3ef98) thrown at [./src/hotspot/share/prims/jni.cpp, line 615]
Event: 29.073 Thread 0x00000171516c5000 Exception <a 'java/lang/NoSuchMethodError'{0x0000000086a4a6b0}: 'void java.lang.invoke.DirectMethodHandle$Holder.invokeStatic(java.lang.Object, java.lang.Object, java.lang.Object, java.lang.Object, int, java.lang.Object)'> (0x0000000086a4a6b0) thrown at [./src/hotspot/share/interpreter/linkResolver.cpp, line 773]
Event: 29.594 Thread 0x00000171516c5000 Exception <a 'sun/nio/fs/WindowsException'{0x00000000891a4618}> (0x00000000891a4618) thrown at [./src/hotspot/share/prims/jni.cpp, line 615]
Event: 29.595 Thread 0x00000171516c5000 Exception <a 'sun/nio/fs/WindowsException'{0x00000000891a5278}> (0x00000000891a5278) thrown at [./src/hotspot/share/prims/jni.cpp, line 615]
Event: 30.975 Thread 0x00000171516c5000 Exception <a 'java/lang/NoSuchMethodError'{0x00000000887e4a00}: 'java.lang.Object java.lang.invoke.DirectMethodHandle$Holder.invokeSpecial(java.lang.Object, java.lang.Object, int, java.lang.Object, java.lang.Object)'> (0x00000000887e4a00) thrown at [./src/hotspot/share/interpreter/linkResolver.cpp, line 773]
Event: 30.977 Thread 0x00000171516c5000 Exception <a 'java/lang/NoSuchMethodError'{0x00000000887ecf90}: 'java.lang.Object java.lang.invoke.DirectMethodHandle$Holder.invokeStatic(java.lang.Object, java.lang.Object, int, java.lang.Object)'> (0x00000000887ecf90) thrown at [./src/hotspot/share/interpreter/linkResolver.cpp, line 773]
Event: 30.978 Thread 0x00000171516c5000 Exception <a 'java/lang/NoSuchMethodError'{0x00000000887f0c88}: 'java.lang.Object java.lang.invoke.Invokers$Holder.linkToTargetMethod(java.lang.Object, int, java.lang.Object, java.lang.Object)'> (0x00000000887f0c88) thrown at [./src/hotspot/share/interpreter/linkResolver.cpp, line 773]
Event: 30.987 Thread 0x00000171516c5000 Exception <a 'java/lang/NoSuchMethodError'{0x0000000088606538}: 'void java.lang.invoke.DirectMethodHandle$Holder.invokeVirtual(java.lang.Object, java.lang.Object)'> (0x0000000088606538) thrown at [./src/hotspot/share/interpreter/linkResolver.cpp, line 773]

Events (20 events):
Event: 31.054 loading class com/android/build/gradle/internal/tasks/DexMergingTaskDelegate
Event: 31.054 loading class com/android/build/gradle/internal/tasks/DexMergingTaskDelegate done
Event: 31.062 loading class com/android/build/gradle/internal/profile/ProfileAwareWorkAction
Event: 31.062 loading class com/android/build/gradle/internal/profile/ProfileAwareWorkAction done
Event: 31.063 loading class org/gradle/workers/WorkAction
Event: 31.063 loading class org/gradle/workers/WorkAction done
Event: 31.063 loading class com/android/build/gradle/internal/tasks/DexMergingTask$doTaskAction$1
Event: 31.063 loading class com/android/build/gradle/internal/tasks/DexMergingTask$doTaskAction$1 done
Event: 31.064 loading class org/gradle/workers/WorkQueue
Event: 31.064 loading class org/gradle/workers/WorkQueue done
Event: 31.064 loading class com/android/build/gradle/internal/tasks/DexMergingTaskDelegate$Params
Event: 31.064 loading class com/android/build/gradle/internal/tasks/DexMergingTaskDelegate$Params done
Event: 31.070 Executing VM operation: RevokeBias
Event: 31.070 Executing VM operation: RevokeBias done
Event: 31.070 loading class org/gradle/workers/internal/AdapterWorkAction
Event: 31.070 loading class org/gradle/workers/internal/AdapterWorkAction done
Event: 31.071 loading class org/gradle/workers/internal/ProvidesWorkResult
Event: 31.071 loading class org/gradle/workers/internal/ProvidesWorkResult done
Event: 31.072 loading class org/gradle/workers/ProcessWorkerSpec
Event: 31.072 loading class org/gradle/workers/ProcessWorkerSpec done


Dynamic libraries:
0x00007ff661450000 - 0x00007ff66145a000 	C:\Program Files\Android\Android Studio\jre\bin\java.exe
0x00007ffccc550000 - 0x00007ffccc722000 	C:\Windows\SYSTEM32\ntdll.dll
0x00007ffccc2b0000 - 0x00007ffccc35c000 	C:\Windows\System32\KERNEL32.DLL
0x00007ffcc8d30000 - 0x00007ffcc8f4d000 	C:\Windows\System32\KERNELBASE.dll
0x00007ffcc98c0000 - 0x00007ffcc99b5000 	C:\Windows\System32\ucrtbase.dll
0x00007ffcbbd60000 - 0x00007ffcbbd79000 	C:\Program Files\Android\Android Studio\jre\bin\jli.dll
0x00007ffcc7160000 - 0x00007ffcc7177000 	C:\Program Files\Android\Android Studio\jre\bin\VCRUNTIME140.dll
0x00007ffccc360000 - 0x00007ffccc4c5000 	C:\Windows\System32\USER32.dll
0x00007ffcc8d10000 - 0x00007ffcc8d2e000 	C:\Windows\System32\win32u.dll
0x00007ffcc9ff0000 - 0x00007ffcca024000 	C:\Windows\System32\GDI32.dll
0x00007ffcc9630000 - 0x00007ffcc97b0000 	C:\Windows\System32\gdi32full.dll
0x00007ffcbcde0000 - 0x00007ffcbd05a000 	C:\Windows\WinSxS\amd64_microsoft.windows.common-controls_6595b64144ccf1df_6.0.14393.953_none_42151e83c686086b\COMCTL32.dll
0x00007ffccc110000 - 0x00007ffccc1ae000 	C:\Windows\System32\msvcrt.dll
0x00007ffccbbf0000 - 0x00007ffccbeb8000 	C:\Windows\System32\combase.dll
0x00007ffcc9ec0000 - 0x00007ffcc9fe1000 	C:\Windows\System32\RPCRT4.dll
0x00007ffcc99c0000 - 0x00007ffcc9a2a000 	C:\Windows\System32\bcryptPrimitives.dll
0x00007ffcc9b80000 - 0x00007ffcc9bae000 	C:\Windows\System32\IMM32.DLL
0x00007ffcc46b0000 - 0x00007ffcc474d000 	C:\Program Files\Android\Android Studio\jre\bin\msvcp140.dll
0x00007ffc95170000 - 0x00007ffc95c2c000 	C:\Program Files\Android\Android Studio\jre\bin\server\jvm.dll
0x00007ffccbec0000 - 0x00007ffccbf62000 	C:\Windows\System32\ADVAPI32.dll
0x00007ffcca030000 - 0x00007ffcca089000 	C:\Windows\System32\sechost.dll
0x00007ffccc540000 - 0x00007ffccc548000 	C:\Windows\System32\PSAPI.DLL
0x00007ffcb60b0000 - 0x00007ffcb60b9000 	C:\Windows\SYSTEM32\WSOCK32.dll
0x00007ffccc4d0000 - 0x00007ffccc53a000 	C:\Windows\System32\WS2_32.dll
0x00007ffcc5e00000 - 0x00007ffcc5e23000 	C:\Windows\SYSTEM32\WINMM.dll
0x00007ffcc6f30000 - 0x00007ffcc6f3a000 	C:\Windows\SYSTEM32\VERSION.dll
0x00007ffcc5dd0000 - 0x00007ffcc5dfb000 	C:\Windows\SYSTEM32\WINMMBASE.dll
0x00007ffcc8a50000 - 0x00007ffcc8a92000 	C:\Windows\System32\cfgmgr32.dll
0x00007ffcc8a10000 - 0x00007ffcc8a1f000 	C:\Windows\System32\kernel.appcore.dll
0x00007ffcc6040000 - 0x00007ffcc6051000 	C:\Program Files\Android\Android Studio\jre\bin\verify.dll
0x00007ffcc8590000 - 0x00007ffcc8722000 	C:\Windows\SYSTEM32\DBGHELP.DLL
0x00007ffcc8240000 - 0x00007ffcc8269000 	C:\Windows\SYSTEM32\dbgcore.DLL
0x00007ffcbd4d0000 - 0x00007ffcbd4f9000 	C:\Program Files\Android\Android Studio\jre\bin\java.dll
0x00007ffcc7660000 - 0x00007ffcc766b000 	C:\Program Files\Android\Android Studio\jre\bin\jimage.dll
0x00007ffcbd4b0000 - 0x00007ffcbd4c8000 	C:\Program Files\Android\Android Studio\jre\bin\zip.dll
0x00007ffcca620000 - 0x00007ffccbb29000 	C:\Windows\System32\SHELL32.dll
0x00007ffcc8f50000 - 0x00007ffcc9629000 	C:\Windows\System32\windows.storage.dll
0x00007ffcc89c0000 - 0x00007ffcc8a0c000 	C:\Windows\System32\powrprof.dll
0x00007ffccc030000 - 0x00007ffccc082000 	C:\Windows\System32\shlwapi.dll
0x00007ffcc9810000 - 0x00007ffcc98b9000 	C:\Windows\System32\shcore.dll
0x00007ffcc8a20000 - 0x00007ffcc8a34000 	C:\Windows\System32\profapi.dll
0x00007ffcbd490000 - 0x00007ffcbd4aa000 	C:\Program Files\Android\Android Studio\jre\bin\net.dll
0x00007ffcbc550000 - 0x00007ffcbc61d000 	C:\Windows\SYSTEM32\WINHTTP.dll
0x00007ffcc7f90000 - 0x00007ffcc7fec000 	C:\Windows\system32\mswsock.dll
0x00007ffcbd470000 - 0x00007ffcbd484000 	C:\Program Files\Android\Android Studio\jre\bin\nio.dll
0x00007ffcaa3b0000 - 0x00007ffcaa3d7000 	C:\Users\hP\.gradle\native\fdc75f09e3144964f2cf3f50f0aa648679c211496f362492102eb8c894070792\windows-amd64\native-platform.dll
0x00007ffc99460000 - 0x00007ffc995f6000 	C:\Users\hP\.gradle\native\12488b8bf47d2d4c9fbf2f6322a914ad602e24e48041cd04a747c6da556b65c4\windows-amd64\native-platform-file-events.dll
0x00007ffcc7290000 - 0x00007ffcc729a000 	C:\Program Files\Android\Android Studio\jre\bin\management.dll
0x00007ffcbfc80000 - 0x00007ffcbfc8c000 	C:\Program Files\Android\Android Studio\jre\bin\management_ext.dll
0x00007ffcc8570000 - 0x00007ffcc8587000 	C:\Windows\SYSTEM32\CRYPTSP.dll
0x00007ffcc7b90000 - 0x00007ffcc7bc3000 	C:\Windows\system32\rsaenh.dll
0x00007ffcc8900000 - 0x00007ffcc892b000 	C:\Windows\SYSTEM32\bcrypt.dll
0x00007ffcc7e10000 - 0x00007ffcc7e2f000 	C:\Windows\SYSTEM32\USERENV.dll
0x00007ffcc8130000 - 0x00007ffcc813b000 	C:\Windows\SYSTEM32\CRYPTBASE.dll
0x00007ffcc7d10000 - 0x00007ffcc7d48000 	C:\Windows\SYSTEM32\IPHLPAPI.DLL
0x00007ffcc9d10000 - 0x00007ffcc9d18000 	C:\Windows\System32\NSI.dll
0x00007ffcc0af0000 - 0x00007ffcc0b06000 	C:\Windows\SYSTEM32\dhcpcsvc6.DLL
0x00007ffcc0ad0000 - 0x00007ffcc0aea000 	C:\Windows\SYSTEM32\dhcpcsvc.DLL
0x00007ffcc0b10000 - 0x00007ffcc0b1b000 	C:\Windows\SYSTEM32\WINNSI.DLL

dbghelp: loaded successfully - version: 4.0.5 - missing functions: none
symbol engine: initialized successfully - sym options: 0x614 - pdb path: .;C:\Program Files\Android\Android Studio\jre\bin;C:\Windows\SYSTEM32;C:\Windows\WinSxS\amd64_microsoft.windows.common-controls_6595b64144ccf1df_6.0.14393.953_none_42151e83c686086b;C:\Program Files\Android\Android Studio\jre\bin\server;C:\Users\hP\.gradle\native\fdc75f09e3144964f2cf3f50f0aa648679c211496f362492102eb8c894070792\windows-amd64;C:\Users\hP\.gradle\native\12488b8bf47d2d4c9fbf2f6322a914ad602e24e48041cd04a747c6da556b65c4\windows-amd64

VM Arguments:
jvm_args: --add-opens=java.base/java.util=ALL-UNNAMED --add-opens=java.base/java.lang=ALL-UNNAMED --add-opens=java.base/java.lang.invoke=ALL-UNNAMED --add-opens=java.prefs/java.util.prefs=ALL-UNNAMED -Xmx2048m -Dfile.encoding=UTF-8 -Duser.country=US -Duser.language=en -Duser.variant 
java_command: org.gradle.launcher.daemon.bootstrap.GradleDaemon 6.7.1
java_class_path (initial): C:\Users\hP\.gradle\wrapper\dists\gradle-6.7.1-bin\bwlcbys1h7rz3272sye1xwiv6\gradle-6.7.1\lib\gradle-launcher-6.7.1.jar
Launcher Type: SUN_STANDARD

[Global flags]
     intx CICompilerCount                          = 3                                         {product} {ergonomic}
     uint ConcGCThreads                            = 1                                         {product} {ergonomic}
     uint G1ConcRefinementThreads                  = 4                                         {product} {ergonomic}
   size_t G1HeapRegionSize                         = 1048576                                   {product} {ergonomic}
    uintx GCDrainStackTargetSize                   = 64                                        {product} {ergonomic}
   size_t InitialHeapSize                          = 134217728                                 {product} {ergonomic}
   size_t MarkStackSize                            = 4194304                                   {product} {ergonomic}
   size_t MaxHeapSize                              = 2147483648                                {product} {command line}
   size_t MaxNewSize                               = 1287651328                                {product} {ergonomic}
   size_t MinHeapDeltaBytes                        = 1048576                                   {product} {ergonomic}
    uintx NonNMethodCodeHeapSize                   = 5830732                                {pd product} {ergonomic}
    uintx NonProfiledCodeHeapSize                  = 122913754                              {pd product} {ergonomic}
    uintx ProfiledCodeHeapSize                     = 122913754                              {pd product} {ergonomic}
    uintx ReservedCodeCacheSize                    = 251658240                              {pd product} {ergonomic}
     bool SegmentedCodeCache                       = true                                      {product} {ergonomic}
     bool UseCompressedClassPointers               = true                                 {lp64_product} {ergonomic}
     bool UseCompressedOops                        = true                                 {lp64_product} {ergonomic}
     bool UseG1GC                                  = true                                      {product} {ergonomic}
     bool UseLargePagesIndividualAllocation        = false                                  {pd product} {ergonomic}

Logging:
Log output configuration:
 #0: stdout all=warning uptime,level,tags
 #1: stderr all=off uptime,level,tags

Environment Variables:
JAVA_HOME=C:\Program Files\Java\jdk1.8.0_161
PATH=D:\study\s4\BD\oracle-sql\app\oracle\product\11.2.0\server\bin;;C:\oraclexe\app\oracle\product\11.2.0\server\bin;C:\Users\hP\Downloads\Oracle18c\dbhomeXE\bin;C:\Program Files (x86)\VMware\VMware Player\bin\;C:\Program Files (x86)\Common Files\Oracle\Java\javapath;C:\Program Files\Common Files\Oracle\Java\javapath;C:\Windows\system32;C:\Windows;C:\Windows\System32\Wbem;C:\Windows\System32\WindowsPowerShell\v1.0\;C:\wamp64\bin\mysql\mysql8.0.18\bin;C:\Program Files\Java\jdk1.8.0_161\bin;C:\Program Files\Git\cmd;C:\Users\hP\AppData\Local\Microsoft\WindowsApps;C:\Users\hP\AppData\Local\Programs\Microsoft VS Code\bin;C:\Program Files (x86)\Dev-Cpp\MinGW64\bin;C:\Users\hP\Downloads\compilation;C:\Program Files\JetBrains\IntelliJ IDEA Community Edition 2021.1.3\bin;
USERNAME=hP
OS=Windows_NT
PROCESSOR_IDENTIFIER=Intel64 Family 6 Model 61 Stepping 4, GenuineIntel



---------------  S Y S T E M  ---------------

OS: Windows 10 , 64 bit Build 14393 (10.0.14393.2189)
OS uptime: 1 days 9:31 hours

CPU:total 4 (initial active 4) (2 cores per cpu, 2 threads per core) family 6 model 61 stepping 4, cmov, cx8, fxsr, mmx, sse, sse2, sse3, ssse3, sse4.1, sse4.2, popcnt, avx, avx2, aes, clmul, erms, rtm, 3dnowpref, lzcnt, ht, tsc, tscinvbit, bmi1, bmi2, adx, fma

Memory: 4k page, system-wide physical 8067M (1316M free)
TotalPageFile size 12163M (AvailPageFile size 7M)
current process WorkingSet (physical memory assigned to process): 385M, peak: 386M
current process commit charge ("private bytes"): 419M, peak: 420M

vm_info: OpenJDK 64-Bit Server VM (11.0.8+10-b944.6842174) for windows-amd64 JRE (11.0.8+10-b944.6842174), built on Sep 19 2020 01:11:42 by "builder" with MS VC++ 14.0 (VS2015)

END.
